ARM GAS  C:\Users\Godwin\AppData\Local\Temp\ccAyl8Wo.s 			page 1


   1              		.cpu cortex-m7
   2              		.arch armv7e-m
   3              		.fpu fpv5-d16
   4              		.eabi_attribute 28, 1
   5              		.eabi_attribute 20, 1
   6              		.eabi_attribute 21, 1
   7              		.eabi_attribute 23, 3
   8              		.eabi_attribute 24, 1
   9              		.eabi_attribute 25, 1
  10              		.eabi_attribute 26, 1
  11              		.eabi_attribute 30, 6
  12              		.eabi_attribute 34, 1
  13              		.eabi_attribute 18, 4
  14              		.file	"arm_sv.c"
  15              		.text
  16              	.Ltext0:
  17              		.cfi_sections	.debug_frame
  18              		.file 1 "User/Hardware/arm_sv.c"
  19              		.section	.bss.current_duties,"aw",%nobits
  20              		.align	2
  23              	current_duties:
  24 0000 00000000 		.space	24
  24      00000000 
  24      00000000 
  24      00000000 
  24      00000000 
  25              		.global	duties_rx
  26              		.section	.bss.duties_rx,"aw",%nobits
  27              		.align	2
  30              	duties_rx:
  31 0000 00000000 		.space	24
  31      00000000 
  31      00000000 
  31      00000000 
  31      00000000 
  32              		.global	duties_tx
  33              		.section	.bss.duties_tx,"aw",%nobits
  34              		.align	2
  37              	duties_tx:
  38 0000 00000000 		.space	24
  38      00000000 
  38      00000000 
  38      00000000 
  38      00000000 
  39              		.section	.text.set_sv_duty,"ax",%progbits
  40              		.align	1
  41              		.syntax unified
  42              		.thumb
  43              		.thumb_func
  45              	set_sv_duty:
  46              	.LFB147:
   1:User/Hardware/arm_sv.c **** #include "arm_sv.h"
   2:User/Hardware/arm_sv.c **** #include "bsp_pca9685.h"
   3:User/Hardware/arm_sv.c **** #include "stdio.h"
   4:User/Hardware/arm_sv.c **** // ĽÇÂĽĂż¸ö¶ć»úµÄµ±Ç°ŐĽżŐ±Č
   5:User/Hardware/arm_sv.c **** static float current_duties[ARM_SV_COUNT];
   6:User/Hardware/arm_sv.c **** ARM_SV_Duties_t duties_rx;
ARM GAS  C:\Users\Godwin\AppData\Local\Temp\ccAyl8Wo.s 			page 2


   7:User/Hardware/arm_sv.c **** 
   8:User/Hardware/arm_sv.c **** ARM_SV_Duties_t duties_tx;
   9:User/Hardware/arm_sv.c **** // ÄÚ˛żÍ¨ÓĂÉčÖĂşŻĘý
  10:User/Hardware/arm_sv.c **** static void set_sv_duty(uint8_t id, float duty)
  11:User/Hardware/arm_sv.c **** {
  47              		.loc 1 11 1
  48              		.cfi_startproc
  49              		@ args = 0, pretend = 0, frame = 8
  50              		@ frame_needed = 1, uses_anonymous_args = 0
  51 0000 80B5     		push	{r7, lr}
  52              	.LCFI0:
  53              		.cfi_def_cfa_offset 8
  54              		.cfi_offset 7, -8
  55              		.cfi_offset 14, -4
  56 0002 82B0     		sub	sp, sp, #8
  57              	.LCFI1:
  58              		.cfi_def_cfa_offset 16
  59 0004 00AF     		add	r7, sp, #0
  60              	.LCFI2:
  61              		.cfi_def_cfa_register 7
  62 0006 0346     		mov	r3, r0
  63 0008 87ED000A 		vstr.32	s0, [r7]
  64 000c FB71     		strb	r3, [r7, #7]
  12:User/Hardware/arm_sv.c ****     if (id >= ARM_SV_COUNT)
  65              		.loc 1 12 8
  66 000e FB79     		ldrb	r3, [r7, #7]	@ zero_extendqisi2
  67 0010 052B     		cmp	r3, #5
  68 0012 0CD8     		bhi	.L4
  13:User/Hardware/arm_sv.c ****         return;
  14:User/Hardware/arm_sv.c ****     PCA9685_SetDuty(id, duty); // µ×˛ăŐĽżŐ±ČÉčÖĂ
  69              		.loc 1 14 5
  70 0014 FB79     		ldrb	r3, [r7, #7]	@ zero_extendqisi2
  71 0016 97ED000A 		vldr.32	s0, [r7]
  72 001a 1846     		mov	r0, r3
  73 001c FFF7FEFF 		bl	PCA9685_SetDuty
  15:User/Hardware/arm_sv.c ****     current_duties[id] = duty;
  74              		.loc 1 15 19
  75 0020 FB79     		ldrb	r3, [r7, #7]	@ zero_extendqisi2
  76              		.loc 1 15 24
  77 0022 054A     		ldr	r2, .L5
  78 0024 9B00     		lsls	r3, r3, #2
  79 0026 1344     		add	r3, r3, r2
  80 0028 3A68     		ldr	r2, [r7]	@ float
  81 002a 1A60     		str	r2, [r3]	@ float
  82 002c 00E0     		b	.L1
  83              	.L4:
  13:User/Hardware/arm_sv.c ****         return;
  84              		.loc 1 13 9
  85 002e 00BF     		nop
  86              	.L1:
  16:User/Hardware/arm_sv.c **** }
  87              		.loc 1 16 1
  88 0030 0837     		adds	r7, r7, #8
  89              	.LCFI3:
  90              		.cfi_def_cfa_offset 8
  91 0032 BD46     		mov	sp, r7
  92              	.LCFI4:
ARM GAS  C:\Users\Godwin\AppData\Local\Temp\ccAyl8Wo.s 			page 3


  93              		.cfi_def_cfa_register 13
  94              		@ sp needed
  95 0034 80BD     		pop	{r7, pc}
  96              	.L6:
  97 0036 00BF     		.align	2
  98              	.L5:
  99 0038 00000000 		.word	current_duties
 100              		.cfi_endproc
 101              	.LFE147:
 103              		.section	.text.ARM_SV_Init,"ax",%progbits
 104              		.align	1
 105              		.global	ARM_SV_Init
 106              		.syntax unified
 107              		.thumb
 108              		.thumb_func
 110              	ARM_SV_Init:
 111              	.LFB148:
  17:User/Hardware/arm_sv.c **** 
  18:User/Hardware/arm_sv.c **** void ARM_SV_Init(float freq)
  19:User/Hardware/arm_sv.c **** {
 112              		.loc 1 19 1
 113              		.cfi_startproc
 114              		@ args = 0, pretend = 0, frame = 16
 115              		@ frame_needed = 1, uses_anonymous_args = 0
 116 0000 80B5     		push	{r7, lr}
 117              	.LCFI5:
 118              		.cfi_def_cfa_offset 8
 119              		.cfi_offset 7, -8
 120              		.cfi_offset 14, -4
 121 0002 84B0     		sub	sp, sp, #16
 122              	.LCFI6:
 123              		.cfi_def_cfa_offset 24
 124 0004 00AF     		add	r7, sp, #0
 125              	.LCFI7:
 126              		.cfi_def_cfa_register 7
 127 0006 87ED010A 		vstr.32	s0, [r7, #4]
  20:User/Hardware/arm_sv.c ****     duties_tx.duty0 = 0;
 128              		.loc 1 20 21
 129 000a 184B     		ldr	r3, .L10
 130 000c 4FF00002 		mov	r2, #0
 131 0010 1A60     		str	r2, [r3]	@ float
  21:User/Hardware/arm_sv.c ****     duties_tx.duty1 = 0;
 132              		.loc 1 21 21
 133 0012 164B     		ldr	r3, .L10
 134 0014 4FF00002 		mov	r2, #0
 135 0018 5A60     		str	r2, [r3, #4]	@ float
  22:User/Hardware/arm_sv.c ****     duties_tx.duty2 = 0;
 136              		.loc 1 22 21
 137 001a 144B     		ldr	r3, .L10
 138 001c 4FF00002 		mov	r2, #0
 139 0020 9A60     		str	r2, [r3, #8]	@ float
  23:User/Hardware/arm_sv.c ****     duties_tx.duty3 = 0;
 140              		.loc 1 23 21
 141 0022 124B     		ldr	r3, .L10
 142 0024 4FF00002 		mov	r2, #0
 143 0028 DA60     		str	r2, [r3, #12]	@ float
  24:User/Hardware/arm_sv.c ****     duties_tx.duty4 = 0;
ARM GAS  C:\Users\Godwin\AppData\Local\Temp\ccAyl8Wo.s 			page 4


 144              		.loc 1 24 21
 145 002a 104B     		ldr	r3, .L10
 146 002c 4FF00002 		mov	r2, #0
 147 0030 1A61     		str	r2, [r3, #16]	@ float
  25:User/Hardware/arm_sv.c ****     duties_tx.duty5 = 0;
 148              		.loc 1 25 21
 149 0032 0E4B     		ldr	r3, .L10
 150 0034 4FF00002 		mov	r2, #0
 151 0038 5A61     		str	r2, [r3, #20]	@ float
  26:User/Hardware/arm_sv.c ****     // łőĘĽ»ŻPCA9685µ×˛ăŁ¬ÉčÖĂĆµÂĘŁ¬ËůÓĐÍ¨µŔŐĽżŐ±ČÎŞ0
  27:User/Hardware/arm_sv.c ****     PCA9685_Init(freq);
 152              		.loc 1 27 5
 153 003a 97ED010A 		vldr.32	s0, [r7, #4]
 154 003e FFF7FEFF 		bl	PCA9685_Init
 155              	.LBB2:
  28:User/Hardware/arm_sv.c **** 
  29:User/Hardware/arm_sv.c ****     // łőĘĽ»ŻĽÇÂĽĘý×éÎŞ0
  30:User/Hardware/arm_sv.c ****     for (uint8_t i = 0; i < ARM_SV_COUNT; i++)
 156              		.loc 1 30 18
 157 0042 0023     		movs	r3, #0
 158 0044 FB73     		strb	r3, [r7, #15]
 159              		.loc 1 30 5
 160 0046 09E0     		b	.L8
 161              	.L9:
  31:User/Hardware/arm_sv.c ****     {
  32:User/Hardware/arm_sv.c ****         current_duties[i] = 0.0f;
 162              		.loc 1 32 23
 163 0048 FB7B     		ldrb	r3, [r7, #15]	@ zero_extendqisi2
 164              		.loc 1 32 27
 165 004a 094A     		ldr	r2, .L10+4
 166 004c 9B00     		lsls	r3, r3, #2
 167 004e 1344     		add	r3, r3, r2
 168 0050 4FF00002 		mov	r2, #0
 169 0054 1A60     		str	r2, [r3]	@ float
  30:User/Hardware/arm_sv.c ****     {
 170              		.loc 1 30 44 discriminator 3
 171 0056 FB7B     		ldrb	r3, [r7, #15]	@ zero_extendqisi2
 172 0058 0133     		adds	r3, r3, #1
 173 005a FB73     		strb	r3, [r7, #15]
 174              	.L8:
  30:User/Hardware/arm_sv.c ****     {
 175              		.loc 1 30 27 discriminator 1
 176 005c FB7B     		ldrb	r3, [r7, #15]	@ zero_extendqisi2
 177 005e 052B     		cmp	r3, #5
 178 0060 F2D9     		bls	.L9
 179              	.LBE2:
  33:User/Hardware/arm_sv.c ****     }
  34:User/Hardware/arm_sv.c **** }
 180              		.loc 1 34 1
 181 0062 00BF     		nop
 182 0064 00BF     		nop
 183 0066 1037     		adds	r7, r7, #16
 184              	.LCFI8:
 185              		.cfi_def_cfa_offset 8
 186 0068 BD46     		mov	sp, r7
 187              	.LCFI9:
 188              		.cfi_def_cfa_register 13
ARM GAS  C:\Users\Godwin\AppData\Local\Temp\ccAyl8Wo.s 			page 5


 189              		@ sp needed
 190 006a 80BD     		pop	{r7, pc}
 191              	.L11:
 192              		.align	2
 193              	.L10:
 194 006c 00000000 		.word	duties_tx
 195 0070 00000000 		.word	current_duties
 196              		.cfi_endproc
 197              	.LFE148:
 199              		.section	.text.ARM_SV_SetDuty,"ax",%progbits
 200              		.align	1
 201              		.global	ARM_SV_SetDuty
 202              		.syntax unified
 203              		.thumb
 204              		.thumb_func
 206              	ARM_SV_SetDuty:
 207              	.LFB149:
  35:User/Hardware/arm_sv.c **** 
  36:User/Hardware/arm_sv.c **** void ARM_SV_SetDuty(uint8_t sv_id, float duty)
  37:User/Hardware/arm_sv.c **** {
 208              		.loc 1 37 1
 209              		.cfi_startproc
 210              		@ args = 0, pretend = 0, frame = 8
 211              		@ frame_needed = 1, uses_anonymous_args = 0
 212 0000 80B5     		push	{r7, lr}
 213              	.LCFI10:
 214              		.cfi_def_cfa_offset 8
 215              		.cfi_offset 7, -8
 216              		.cfi_offset 14, -4
 217 0002 82B0     		sub	sp, sp, #8
 218              	.LCFI11:
 219              		.cfi_def_cfa_offset 16
 220 0004 00AF     		add	r7, sp, #0
 221              	.LCFI12:
 222              		.cfi_def_cfa_register 7
 223 0006 0346     		mov	r3, r0
 224 0008 87ED000A 		vstr.32	s0, [r7]
 225 000c FB71     		strb	r3, [r7, #7]
  38:User/Hardware/arm_sv.c ****     set_sv_duty(sv_id, duty);
 226              		.loc 1 38 5
 227 000e FB79     		ldrb	r3, [r7, #7]	@ zero_extendqisi2
 228 0010 97ED000A 		vldr.32	s0, [r7]
 229 0014 1846     		mov	r0, r3
 230 0016 FFF7FEFF 		bl	set_sv_duty
  39:User/Hardware/arm_sv.c **** }
 231              		.loc 1 39 1
 232 001a 00BF     		nop
 233 001c 0837     		adds	r7, r7, #8
 234              	.LCFI13:
 235              		.cfi_def_cfa_offset 8
 236 001e BD46     		mov	sp, r7
 237              	.LCFI14:
 238              		.cfi_def_cfa_register 13
 239              		@ sp needed
 240 0020 80BD     		pop	{r7, pc}
 241              		.cfi_endproc
 242              	.LFE149:
ARM GAS  C:\Users\Godwin\AppData\Local\Temp\ccAyl8Wo.s 			page 6


 244              		.section	.text.ARM_SV_SetDuty0,"ax",%progbits
 245              		.align	1
 246              		.global	ARM_SV_SetDuty0
 247              		.syntax unified
 248              		.thumb
 249              		.thumb_func
 251              	ARM_SV_SetDuty0:
 252              	.LFB150:
  40:User/Hardware/arm_sv.c **** 
  41:User/Hardware/arm_sv.c **** void ARM_SV_SetDuty0(float duty) { set_sv_duty(0, duty); }
 253              		.loc 1 41 34
 254              		.cfi_startproc
 255              		@ args = 0, pretend = 0, frame = 8
 256              		@ frame_needed = 1, uses_anonymous_args = 0
 257 0000 80B5     		push	{r7, lr}
 258              	.LCFI15:
 259              		.cfi_def_cfa_offset 8
 260              		.cfi_offset 7, -8
 261              		.cfi_offset 14, -4
 262 0002 82B0     		sub	sp, sp, #8
 263              	.LCFI16:
 264              		.cfi_def_cfa_offset 16
 265 0004 00AF     		add	r7, sp, #0
 266              	.LCFI17:
 267              		.cfi_def_cfa_register 7
 268 0006 87ED010A 		vstr.32	s0, [r7, #4]
 269              		.loc 1 41 36
 270 000a 97ED010A 		vldr.32	s0, [r7, #4]
 271 000e 0020     		movs	r0, #0
 272 0010 FFF7FEFF 		bl	set_sv_duty
 273              		.loc 1 41 58
 274 0014 00BF     		nop
 275 0016 0837     		adds	r7, r7, #8
 276              	.LCFI18:
 277              		.cfi_def_cfa_offset 8
 278 0018 BD46     		mov	sp, r7
 279              	.LCFI19:
 280              		.cfi_def_cfa_register 13
 281              		@ sp needed
 282 001a 80BD     		pop	{r7, pc}
 283              		.cfi_endproc
 284              	.LFE150:
 286              		.section	.text.ARM_SV_SetDuty1,"ax",%progbits
 287              		.align	1
 288              		.global	ARM_SV_SetDuty1
 289              		.syntax unified
 290              		.thumb
 291              		.thumb_func
 293              	ARM_SV_SetDuty1:
 294              	.LFB151:
  42:User/Hardware/arm_sv.c **** void ARM_SV_SetDuty1(float duty) { set_sv_duty(1, duty); }
 295              		.loc 1 42 34
 296              		.cfi_startproc
 297              		@ args = 0, pretend = 0, frame = 8
 298              		@ frame_needed = 1, uses_anonymous_args = 0
 299 0000 80B5     		push	{r7, lr}
 300              	.LCFI20:
ARM GAS  C:\Users\Godwin\AppData\Local\Temp\ccAyl8Wo.s 			page 7


 301              		.cfi_def_cfa_offset 8
 302              		.cfi_offset 7, -8
 303              		.cfi_offset 14, -4
 304 0002 82B0     		sub	sp, sp, #8
 305              	.LCFI21:
 306              		.cfi_def_cfa_offset 16
 307 0004 00AF     		add	r7, sp, #0
 308              	.LCFI22:
 309              		.cfi_def_cfa_register 7
 310 0006 87ED010A 		vstr.32	s0, [r7, #4]
 311              		.loc 1 42 36
 312 000a 97ED010A 		vldr.32	s0, [r7, #4]
 313 000e 0120     		movs	r0, #1
 314 0010 FFF7FEFF 		bl	set_sv_duty
 315              		.loc 1 42 58
 316 0014 00BF     		nop
 317 0016 0837     		adds	r7, r7, #8
 318              	.LCFI23:
 319              		.cfi_def_cfa_offset 8
 320 0018 BD46     		mov	sp, r7
 321              	.LCFI24:
 322              		.cfi_def_cfa_register 13
 323              		@ sp needed
 324 001a 80BD     		pop	{r7, pc}
 325              		.cfi_endproc
 326              	.LFE151:
 328              		.section	.text.ARM_SV_SetDuty2,"ax",%progbits
 329              		.align	1
 330              		.global	ARM_SV_SetDuty2
 331              		.syntax unified
 332              		.thumb
 333              		.thumb_func
 335              	ARM_SV_SetDuty2:
 336              	.LFB152:
  43:User/Hardware/arm_sv.c **** void ARM_SV_SetDuty2(float duty) { set_sv_duty(2, duty); }
 337              		.loc 1 43 34
 338              		.cfi_startproc
 339              		@ args = 0, pretend = 0, frame = 8
 340              		@ frame_needed = 1, uses_anonymous_args = 0
 341 0000 80B5     		push	{r7, lr}
 342              	.LCFI25:
 343              		.cfi_def_cfa_offset 8
 344              		.cfi_offset 7, -8
 345              		.cfi_offset 14, -4
 346 0002 82B0     		sub	sp, sp, #8
 347              	.LCFI26:
 348              		.cfi_def_cfa_offset 16
 349 0004 00AF     		add	r7, sp, #0
 350              	.LCFI27:
 351              		.cfi_def_cfa_register 7
 352 0006 87ED010A 		vstr.32	s0, [r7, #4]
 353              		.loc 1 43 36
 354 000a 97ED010A 		vldr.32	s0, [r7, #4]
 355 000e 0220     		movs	r0, #2
 356 0010 FFF7FEFF 		bl	set_sv_duty
 357              		.loc 1 43 58
 358 0014 00BF     		nop
ARM GAS  C:\Users\Godwin\AppData\Local\Temp\ccAyl8Wo.s 			page 8


 359 0016 0837     		adds	r7, r7, #8
 360              	.LCFI28:
 361              		.cfi_def_cfa_offset 8
 362 0018 BD46     		mov	sp, r7
 363              	.LCFI29:
 364              		.cfi_def_cfa_register 13
 365              		@ sp needed
 366 001a 80BD     		pop	{r7, pc}
 367              		.cfi_endproc
 368              	.LFE152:
 370              		.section	.text.ARM_SV_SetDuty3,"ax",%progbits
 371              		.align	1
 372              		.global	ARM_SV_SetDuty3
 373              		.syntax unified
 374              		.thumb
 375              		.thumb_func
 377              	ARM_SV_SetDuty3:
 378              	.LFB153:
  44:User/Hardware/arm_sv.c **** void ARM_SV_SetDuty3(float duty) { set_sv_duty(3, duty); }
 379              		.loc 1 44 34
 380              		.cfi_startproc
 381              		@ args = 0, pretend = 0, frame = 8
 382              		@ frame_needed = 1, uses_anonymous_args = 0
 383 0000 80B5     		push	{r7, lr}
 384              	.LCFI30:
 385              		.cfi_def_cfa_offset 8
 386              		.cfi_offset 7, -8
 387              		.cfi_offset 14, -4
 388 0002 82B0     		sub	sp, sp, #8
 389              	.LCFI31:
 390              		.cfi_def_cfa_offset 16
 391 0004 00AF     		add	r7, sp, #0
 392              	.LCFI32:
 393              		.cfi_def_cfa_register 7
 394 0006 87ED010A 		vstr.32	s0, [r7, #4]
 395              		.loc 1 44 36
 396 000a 97ED010A 		vldr.32	s0, [r7, #4]
 397 000e 0320     		movs	r0, #3
 398 0010 FFF7FEFF 		bl	set_sv_duty
 399              		.loc 1 44 58
 400 0014 00BF     		nop
 401 0016 0837     		adds	r7, r7, #8
 402              	.LCFI33:
 403              		.cfi_def_cfa_offset 8
 404 0018 BD46     		mov	sp, r7
 405              	.LCFI34:
 406              		.cfi_def_cfa_register 13
 407              		@ sp needed
 408 001a 80BD     		pop	{r7, pc}
 409              		.cfi_endproc
 410              	.LFE153:
 412              		.section	.text.ARM_SV_SetDuty4,"ax",%progbits
 413              		.align	1
 414              		.global	ARM_SV_SetDuty4
 415              		.syntax unified
 416              		.thumb
 417              		.thumb_func
ARM GAS  C:\Users\Godwin\AppData\Local\Temp\ccAyl8Wo.s 			page 9


 419              	ARM_SV_SetDuty4:
 420              	.LFB154:
  45:User/Hardware/arm_sv.c **** void ARM_SV_SetDuty4(float duty) { set_sv_duty(4, duty); }
 421              		.loc 1 45 34
 422              		.cfi_startproc
 423              		@ args = 0, pretend = 0, frame = 8
 424              		@ frame_needed = 1, uses_anonymous_args = 0
 425 0000 80B5     		push	{r7, lr}
 426              	.LCFI35:
 427              		.cfi_def_cfa_offset 8
 428              		.cfi_offset 7, -8
 429              		.cfi_offset 14, -4
 430 0002 82B0     		sub	sp, sp, #8
 431              	.LCFI36:
 432              		.cfi_def_cfa_offset 16
 433 0004 00AF     		add	r7, sp, #0
 434              	.LCFI37:
 435              		.cfi_def_cfa_register 7
 436 0006 87ED010A 		vstr.32	s0, [r7, #4]
 437              		.loc 1 45 36
 438 000a 97ED010A 		vldr.32	s0, [r7, #4]
 439 000e 0420     		movs	r0, #4
 440 0010 FFF7FEFF 		bl	set_sv_duty
 441              		.loc 1 45 58
 442 0014 00BF     		nop
 443 0016 0837     		adds	r7, r7, #8
 444              	.LCFI38:
 445              		.cfi_def_cfa_offset 8
 446 0018 BD46     		mov	sp, r7
 447              	.LCFI39:
 448              		.cfi_def_cfa_register 13
 449              		@ sp needed
 450 001a 80BD     		pop	{r7, pc}
 451              		.cfi_endproc
 452              	.LFE154:
 454              		.section	.text.ARM_SV_SetDuty5,"ax",%progbits
 455              		.align	1
 456              		.global	ARM_SV_SetDuty5
 457              		.syntax unified
 458              		.thumb
 459              		.thumb_func
 461              	ARM_SV_SetDuty5:
 462              	.LFB155:
  46:User/Hardware/arm_sv.c **** void ARM_SV_SetDuty5(float duty) { set_sv_duty(5, duty); }
 463              		.loc 1 46 34
 464              		.cfi_startproc
 465              		@ args = 0, pretend = 0, frame = 8
 466              		@ frame_needed = 1, uses_anonymous_args = 0
 467 0000 80B5     		push	{r7, lr}
 468              	.LCFI40:
 469              		.cfi_def_cfa_offset 8
 470              		.cfi_offset 7, -8
 471              		.cfi_offset 14, -4
 472 0002 82B0     		sub	sp, sp, #8
 473              	.LCFI41:
 474              		.cfi_def_cfa_offset 16
 475 0004 00AF     		add	r7, sp, #0
ARM GAS  C:\Users\Godwin\AppData\Local\Temp\ccAyl8Wo.s 			page 10


 476              	.LCFI42:
 477              		.cfi_def_cfa_register 7
 478 0006 87ED010A 		vstr.32	s0, [r7, #4]
 479              		.loc 1 46 36
 480 000a 97ED010A 		vldr.32	s0, [r7, #4]
 481 000e 0520     		movs	r0, #5
 482 0010 FFF7FEFF 		bl	set_sv_duty
 483              		.loc 1 46 58
 484 0014 00BF     		nop
 485 0016 0837     		adds	r7, r7, #8
 486              	.LCFI43:
 487              		.cfi_def_cfa_offset 8
 488 0018 BD46     		mov	sp, r7
 489              	.LCFI44:
 490              		.cfi_def_cfa_register 13
 491              		@ sp needed
 492 001a 80BD     		pop	{r7, pc}
 493              		.cfi_endproc
 494              	.LFE155:
 496              		.section	.text.ARM_SV_GetDuty,"ax",%progbits
 497              		.align	1
 498              		.global	ARM_SV_GetDuty
 499              		.syntax unified
 500              		.thumb
 501              		.thumb_func
 503              	ARM_SV_GetDuty:
 504              	.LFB156:
  47:User/Hardware/arm_sv.c **** 
  48:User/Hardware/arm_sv.c **** float ARM_SV_GetDuty(uint8_t sv_id)
  49:User/Hardware/arm_sv.c **** {
 505              		.loc 1 49 1
 506              		.cfi_startproc
 507              		@ args = 0, pretend = 0, frame = 8
 508              		@ frame_needed = 1, uses_anonymous_args = 0
 509              		@ link register save eliminated.
 510 0000 80B4     		push	{r7}
 511              	.LCFI45:
 512              		.cfi_def_cfa_offset 4
 513              		.cfi_offset 7, -4
 514 0002 83B0     		sub	sp, sp, #12
 515              	.LCFI46:
 516              		.cfi_def_cfa_offset 16
 517 0004 00AF     		add	r7, sp, #0
 518              	.LCFI47:
 519              		.cfi_def_cfa_register 7
 520 0006 0346     		mov	r3, r0
 521 0008 FB71     		strb	r3, [r7, #7]
  50:User/Hardware/arm_sv.c ****     if (sv_id >= ARM_SV_COUNT)
 522              		.loc 1 50 8
 523 000a FB79     		ldrb	r3, [r7, #7]	@ zero_extendqisi2
 524 000c 052B     		cmp	r3, #5
 525 000e 02D9     		bls	.L20
  51:User/Hardware/arm_sv.c ****         return 0.0f;
 526              		.loc 1 51 16
 527 0010 4FF00003 		mov	r3, #0
 528 0014 04E0     		b	.L21
 529              	.L20:
ARM GAS  C:\Users\Godwin\AppData\Local\Temp\ccAyl8Wo.s 			page 11


  52:User/Hardware/arm_sv.c ****     return current_duties[sv_id];
 530              		.loc 1 52 26
 531 0016 FB79     		ldrb	r3, [r7, #7]	@ zero_extendqisi2
 532 0018 064A     		ldr	r2, .L22
 533 001a 9B00     		lsls	r3, r3, #2
 534 001c 1344     		add	r3, r3, r2
 535 001e 1B68     		ldr	r3, [r3]	@ float
 536              	.L21:
  53:User/Hardware/arm_sv.c **** }
 537              		.loc 1 53 1
 538 0020 07EE903A 		vmov	s15, r3
 539 0024 B0EE670A 		vmov.f32	s0, s15
 540 0028 0C37     		adds	r7, r7, #12
 541              	.LCFI48:
 542              		.cfi_def_cfa_offset 4
 543 002a BD46     		mov	sp, r7
 544              	.LCFI49:
 545              		.cfi_def_cfa_register 13
 546              		@ sp needed
 547 002c 5DF8047B 		ldr	r7, [sp], #4
 548              	.LCFI50:
 549              		.cfi_restore 7
 550              		.cfi_def_cfa_offset 0
 551 0030 7047     		bx	lr
 552              	.L23:
 553 0032 00BF     		.align	2
 554              	.L22:
 555 0034 00000000 		.word	current_duties
 556              		.cfi_endproc
 557              	.LFE156:
 559              		.section	.text.ARM_SV_GetDuty0,"ax",%progbits
 560              		.align	1
 561              		.global	ARM_SV_GetDuty0
 562              		.syntax unified
 563              		.thumb
 564              		.thumb_func
 566              	ARM_SV_GetDuty0:
 567              	.LFB157:
  54:User/Hardware/arm_sv.c **** 
  55:User/Hardware/arm_sv.c **** float ARM_SV_GetDuty0(void) { return current_duties[0]; }
 568              		.loc 1 55 29
 569              		.cfi_startproc
 570              		@ args = 0, pretend = 0, frame = 0
 571              		@ frame_needed = 1, uses_anonymous_args = 0
 572              		@ link register save eliminated.
 573 0000 80B4     		push	{r7}
 574              	.LCFI51:
 575              		.cfi_def_cfa_offset 4
 576              		.cfi_offset 7, -4
 577 0002 00AF     		add	r7, sp, #0
 578              	.LCFI52:
 579              		.cfi_def_cfa_register 7
 580              		.loc 1 55 52
 581 0004 044B     		ldr	r3, .L26
 582 0006 1B68     		ldr	r3, [r3]	@ float
 583              		.loc 1 55 52 is_stmt 0 discriminator 1
 584 0008 07EE903A 		vmov	s15, r3
ARM GAS  C:\Users\Godwin\AppData\Local\Temp\ccAyl8Wo.s 			page 12


 585              		.loc 1 55 57 is_stmt 1
 586 000c B0EE670A 		vmov.f32	s0, s15
 587 0010 BD46     		mov	sp, r7
 588              	.LCFI53:
 589              		.cfi_def_cfa_register 13
 590              		@ sp needed
 591 0012 5DF8047B 		ldr	r7, [sp], #4
 592              	.LCFI54:
 593              		.cfi_restore 7
 594              		.cfi_def_cfa_offset 0
 595 0016 7047     		bx	lr
 596              	.L27:
 597              		.align	2
 598              	.L26:
 599 0018 00000000 		.word	current_duties
 600              		.cfi_endproc
 601              	.LFE157:
 603              		.section	.text.ARM_SV_GetDuty1,"ax",%progbits
 604              		.align	1
 605              		.global	ARM_SV_GetDuty1
 606              		.syntax unified
 607              		.thumb
 608              		.thumb_func
 610              	ARM_SV_GetDuty1:
 611              	.LFB158:
  56:User/Hardware/arm_sv.c **** float ARM_SV_GetDuty1(void) { return current_duties[1]; }
 612              		.loc 1 56 29
 613              		.cfi_startproc
 614              		@ args = 0, pretend = 0, frame = 0
 615              		@ frame_needed = 1, uses_anonymous_args = 0
 616              		@ link register save eliminated.
 617 0000 80B4     		push	{r7}
 618              	.LCFI55:
 619              		.cfi_def_cfa_offset 4
 620              		.cfi_offset 7, -4
 621 0002 00AF     		add	r7, sp, #0
 622              	.LCFI56:
 623              		.cfi_def_cfa_register 7
 624              		.loc 1 56 52
 625 0004 044B     		ldr	r3, .L30
 626 0006 5B68     		ldr	r3, [r3, #4]	@ float
 627              		.loc 1 56 52 is_stmt 0 discriminator 1
 628 0008 07EE903A 		vmov	s15, r3
 629              		.loc 1 56 57 is_stmt 1
 630 000c B0EE670A 		vmov.f32	s0, s15
 631 0010 BD46     		mov	sp, r7
 632              	.LCFI57:
 633              		.cfi_def_cfa_register 13
 634              		@ sp needed
 635 0012 5DF8047B 		ldr	r7, [sp], #4
 636              	.LCFI58:
 637              		.cfi_restore 7
 638              		.cfi_def_cfa_offset 0
 639 0016 7047     		bx	lr
 640              	.L31:
 641              		.align	2
 642              	.L30:
ARM GAS  C:\Users\Godwin\AppData\Local\Temp\ccAyl8Wo.s 			page 13


 643 0018 00000000 		.word	current_duties
 644              		.cfi_endproc
 645              	.LFE158:
 647              		.section	.text.ARM_SV_GetDuty2,"ax",%progbits
 648              		.align	1
 649              		.global	ARM_SV_GetDuty2
 650              		.syntax unified
 651              		.thumb
 652              		.thumb_func
 654              	ARM_SV_GetDuty2:
 655              	.LFB159:
  57:User/Hardware/arm_sv.c **** float ARM_SV_GetDuty2(void) { return current_duties[2]; }
 656              		.loc 1 57 29
 657              		.cfi_startproc
 658              		@ args = 0, pretend = 0, frame = 0
 659              		@ frame_needed = 1, uses_anonymous_args = 0
 660              		@ link register save eliminated.
 661 0000 80B4     		push	{r7}
 662              	.LCFI59:
 663              		.cfi_def_cfa_offset 4
 664              		.cfi_offset 7, -4
 665 0002 00AF     		add	r7, sp, #0
 666              	.LCFI60:
 667              		.cfi_def_cfa_register 7
 668              		.loc 1 57 52
 669 0004 044B     		ldr	r3, .L34
 670 0006 9B68     		ldr	r3, [r3, #8]	@ float
 671              		.loc 1 57 52 is_stmt 0 discriminator 1
 672 0008 07EE903A 		vmov	s15, r3
 673              		.loc 1 57 57 is_stmt 1
 674 000c B0EE670A 		vmov.f32	s0, s15
 675 0010 BD46     		mov	sp, r7
 676              	.LCFI61:
 677              		.cfi_def_cfa_register 13
 678              		@ sp needed
 679 0012 5DF8047B 		ldr	r7, [sp], #4
 680              	.LCFI62:
 681              		.cfi_restore 7
 682              		.cfi_def_cfa_offset 0
 683 0016 7047     		bx	lr
 684              	.L35:
 685              		.align	2
 686              	.L34:
 687 0018 00000000 		.word	current_duties
 688              		.cfi_endproc
 689              	.LFE159:
 691              		.section	.text.ARM_SV_GetDuty3,"ax",%progbits
 692              		.align	1
 693              		.global	ARM_SV_GetDuty3
 694              		.syntax unified
 695              		.thumb
 696              		.thumb_func
 698              	ARM_SV_GetDuty3:
 699              	.LFB160:
  58:User/Hardware/arm_sv.c **** float ARM_SV_GetDuty3(void) { return current_duties[3]; }
 700              		.loc 1 58 29
 701              		.cfi_startproc
ARM GAS  C:\Users\Godwin\AppData\Local\Temp\ccAyl8Wo.s 			page 14


 702              		@ args = 0, pretend = 0, frame = 0
 703              		@ frame_needed = 1, uses_anonymous_args = 0
 704              		@ link register save eliminated.
 705 0000 80B4     		push	{r7}
 706              	.LCFI63:
 707              		.cfi_def_cfa_offset 4
 708              		.cfi_offset 7, -4
 709 0002 00AF     		add	r7, sp, #0
 710              	.LCFI64:
 711              		.cfi_def_cfa_register 7
 712              		.loc 1 58 52
 713 0004 044B     		ldr	r3, .L38
 714 0006 DB68     		ldr	r3, [r3, #12]	@ float
 715              		.loc 1 58 52 is_stmt 0 discriminator 1
 716 0008 07EE903A 		vmov	s15, r3
 717              		.loc 1 58 57 is_stmt 1
 718 000c B0EE670A 		vmov.f32	s0, s15
 719 0010 BD46     		mov	sp, r7
 720              	.LCFI65:
 721              		.cfi_def_cfa_register 13
 722              		@ sp needed
 723 0012 5DF8047B 		ldr	r7, [sp], #4
 724              	.LCFI66:
 725              		.cfi_restore 7
 726              		.cfi_def_cfa_offset 0
 727 0016 7047     		bx	lr
 728              	.L39:
 729              		.align	2
 730              	.L38:
 731 0018 00000000 		.word	current_duties
 732              		.cfi_endproc
 733              	.LFE160:
 735              		.section	.text.ARM_SV_GetDuty4,"ax",%progbits
 736              		.align	1
 737              		.global	ARM_SV_GetDuty4
 738              		.syntax unified
 739              		.thumb
 740              		.thumb_func
 742              	ARM_SV_GetDuty4:
 743              	.LFB161:
  59:User/Hardware/arm_sv.c **** float ARM_SV_GetDuty4(void) { return current_duties[4]; }
 744              		.loc 1 59 29
 745              		.cfi_startproc
 746              		@ args = 0, pretend = 0, frame = 0
 747              		@ frame_needed = 1, uses_anonymous_args = 0
 748              		@ link register save eliminated.
 749 0000 80B4     		push	{r7}
 750              	.LCFI67:
 751              		.cfi_def_cfa_offset 4
 752              		.cfi_offset 7, -4
 753 0002 00AF     		add	r7, sp, #0
 754              	.LCFI68:
 755              		.cfi_def_cfa_register 7
 756              		.loc 1 59 52
 757 0004 044B     		ldr	r3, .L42
 758 0006 1B69     		ldr	r3, [r3, #16]	@ float
 759              		.loc 1 59 52 is_stmt 0 discriminator 1
ARM GAS  C:\Users\Godwin\AppData\Local\Temp\ccAyl8Wo.s 			page 15


 760 0008 07EE903A 		vmov	s15, r3
 761              		.loc 1 59 57 is_stmt 1
 762 000c B0EE670A 		vmov.f32	s0, s15
 763 0010 BD46     		mov	sp, r7
 764              	.LCFI69:
 765              		.cfi_def_cfa_register 13
 766              		@ sp needed
 767 0012 5DF8047B 		ldr	r7, [sp], #4
 768              	.LCFI70:
 769              		.cfi_restore 7
 770              		.cfi_def_cfa_offset 0
 771 0016 7047     		bx	lr
 772              	.L43:
 773              		.align	2
 774              	.L42:
 775 0018 00000000 		.word	current_duties
 776              		.cfi_endproc
 777              	.LFE161:
 779              		.section	.text.ARM_SV_GetDuty5,"ax",%progbits
 780              		.align	1
 781              		.global	ARM_SV_GetDuty5
 782              		.syntax unified
 783              		.thumb
 784              		.thumb_func
 786              	ARM_SV_GetDuty5:
 787              	.LFB162:
  60:User/Hardware/arm_sv.c **** float ARM_SV_GetDuty5(void) { return current_duties[5]; }
 788              		.loc 1 60 29
 789              		.cfi_startproc
 790              		@ args = 0, pretend = 0, frame = 0
 791              		@ frame_needed = 1, uses_anonymous_args = 0
 792              		@ link register save eliminated.
 793 0000 80B4     		push	{r7}
 794              	.LCFI71:
 795              		.cfi_def_cfa_offset 4
 796              		.cfi_offset 7, -4
 797 0002 00AF     		add	r7, sp, #0
 798              	.LCFI72:
 799              		.cfi_def_cfa_register 7
 800              		.loc 1 60 52
 801 0004 044B     		ldr	r3, .L46
 802 0006 5B69     		ldr	r3, [r3, #20]	@ float
 803              		.loc 1 60 52 is_stmt 0 discriminator 1
 804 0008 07EE903A 		vmov	s15, r3
 805              		.loc 1 60 57 is_stmt 1
 806 000c B0EE670A 		vmov.f32	s0, s15
 807 0010 BD46     		mov	sp, r7
 808              	.LCFI73:
 809              		.cfi_def_cfa_register 13
 810              		@ sp needed
 811 0012 5DF8047B 		ldr	r7, [sp], #4
 812              	.LCFI74:
 813              		.cfi_restore 7
 814              		.cfi_def_cfa_offset 0
 815 0016 7047     		bx	lr
 816              	.L47:
 817              		.align	2
ARM GAS  C:\Users\Godwin\AppData\Local\Temp\ccAyl8Wo.s 			page 16


 818              	.L46:
 819 0018 00000000 		.word	current_duties
 820              		.cfi_endproc
 821              	.LFE162:
 823              		.section	.text.ARM_SV_SetAllDuties,"ax",%progbits
 824              		.align	1
 825              		.global	ARM_SV_SetAllDuties
 826              		.syntax unified
 827              		.thumb
 828              		.thumb_func
 830              	ARM_SV_SetAllDuties:
 831              	.LFB163:
  61:User/Hardware/arm_sv.c **** 
  62:User/Hardware/arm_sv.c **** void ARM_SV_SetAllDuties(const float *duties)
  63:User/Hardware/arm_sv.c **** {
 832              		.loc 1 63 1
 833              		.cfi_startproc
 834              		@ args = 0, pretend = 0, frame = 16
 835              		@ frame_needed = 1, uses_anonymous_args = 0
 836 0000 80B5     		push	{r7, lr}
 837              	.LCFI75:
 838              		.cfi_def_cfa_offset 8
 839              		.cfi_offset 7, -8
 840              		.cfi_offset 14, -4
 841 0002 84B0     		sub	sp, sp, #16
 842              	.LCFI76:
 843              		.cfi_def_cfa_offset 24
 844 0004 00AF     		add	r7, sp, #0
 845              	.LCFI77:
 846              		.cfi_def_cfa_register 7
 847 0006 7860     		str	r0, [r7, #4]
 848              	.LBB3:
  64:User/Hardware/arm_sv.c ****     for (uint8_t i = 0; i < ARM_SV_COUNT; i++)
 849              		.loc 1 64 18
 850 0008 0023     		movs	r3, #0
 851 000a FB73     		strb	r3, [r7, #15]
 852              		.loc 1 64 5
 853 000c 0EE0     		b	.L49
 854              	.L50:
  65:User/Hardware/arm_sv.c ****     {
  66:User/Hardware/arm_sv.c ****         ARM_SV_SetDuty(i, duties[i]);
 855              		.loc 1 66 33
 856 000e FB7B     		ldrb	r3, [r7, #15]	@ zero_extendqisi2
 857 0010 9B00     		lsls	r3, r3, #2
 858 0012 7A68     		ldr	r2, [r7, #4]
 859 0014 1344     		add	r3, r3, r2
 860              		.loc 1 66 9
 861 0016 D3ED007A 		vldr.32	s15, [r3]
 862 001a FB7B     		ldrb	r3, [r7, #15]	@ zero_extendqisi2
 863 001c B0EE670A 		vmov.f32	s0, s15
 864 0020 1846     		mov	r0, r3
 865 0022 FFF7FEFF 		bl	ARM_SV_SetDuty
  64:User/Hardware/arm_sv.c ****     for (uint8_t i = 0; i < ARM_SV_COUNT; i++)
 866              		.loc 1 64 44 discriminator 3
 867 0026 FB7B     		ldrb	r3, [r7, #15]	@ zero_extendqisi2
 868 0028 0133     		adds	r3, r3, #1
 869 002a FB73     		strb	r3, [r7, #15]
ARM GAS  C:\Users\Godwin\AppData\Local\Temp\ccAyl8Wo.s 			page 17


 870              	.L49:
  64:User/Hardware/arm_sv.c ****     for (uint8_t i = 0; i < ARM_SV_COUNT; i++)
 871              		.loc 1 64 27 discriminator 1
 872 002c FB7B     		ldrb	r3, [r7, #15]	@ zero_extendqisi2
 873 002e 052B     		cmp	r3, #5
 874 0030 EDD9     		bls	.L50
 875              	.LBE3:
  67:User/Hardware/arm_sv.c ****     }
  68:User/Hardware/arm_sv.c **** }
 876              		.loc 1 68 1
 877 0032 00BF     		nop
 878 0034 00BF     		nop
 879 0036 1037     		adds	r7, r7, #16
 880              	.LCFI78:
 881              		.cfi_def_cfa_offset 8
 882 0038 BD46     		mov	sp, r7
 883              	.LCFI79:
 884              		.cfi_def_cfa_register 13
 885              		@ sp needed
 886 003a 80BD     		pop	{r7, pc}
 887              		.cfi_endproc
 888              	.LFE163:
 890              		.section	.text.ARM_SV_GetAllDuties,"ax",%progbits
 891              		.align	1
 892              		.global	ARM_SV_GetAllDuties
 893              		.syntax unified
 894              		.thumb
 895              		.thumb_func
 897              	ARM_SV_GetAllDuties:
 898              	.LFB164:
  69:User/Hardware/arm_sv.c **** 
  70:User/Hardware/arm_sv.c **** ARM_SV_Duties_t ARM_SV_GetAllDuties(void)
  71:User/Hardware/arm_sv.c **** {
 899              		.loc 1 71 1
 900              		.cfi_startproc
 901              		@ args = 0, pretend = 0, frame = 32
 902              		@ frame_needed = 1, uses_anonymous_args = 0
 903              		@ link register save eliminated.
 904 0000 B0B4     		push	{r4, r5, r7}
 905              	.LCFI80:
 906              		.cfi_def_cfa_offset 12
 907              		.cfi_offset 4, -12
 908              		.cfi_offset 5, -8
 909              		.cfi_offset 7, -4
 910 0002 89B0     		sub	sp, sp, #36
 911              	.LCFI81:
 912              		.cfi_def_cfa_offset 48
 913 0004 00AF     		add	r7, sp, #0
 914              	.LCFI82:
 915              		.cfi_def_cfa_register 7
 916 0006 7860     		str	r0, [r7, #4]
  72:User/Hardware/arm_sv.c ****     ARM_SV_Duties_t duties;
  73:User/Hardware/arm_sv.c **** 
  74:User/Hardware/arm_sv.c ****     duties.duty0 = current_duties[0];
 917              		.loc 1 74 34
 918 0008 104B     		ldr	r3, .L53
 919 000a 1B68     		ldr	r3, [r3]	@ float
ARM GAS  C:\Users\Godwin\AppData\Local\Temp\ccAyl8Wo.s 			page 18


 920              		.loc 1 74 18
 921 000c BB60     		str	r3, [r7, #8]	@ float
  75:User/Hardware/arm_sv.c ****     duties.duty1 = current_duties[1];
 922              		.loc 1 75 34
 923 000e 0F4B     		ldr	r3, .L53
 924 0010 5B68     		ldr	r3, [r3, #4]	@ float
 925              		.loc 1 75 18
 926 0012 FB60     		str	r3, [r7, #12]	@ float
  76:User/Hardware/arm_sv.c ****     duties.duty2 = current_duties[2];
 927              		.loc 1 76 34
 928 0014 0D4B     		ldr	r3, .L53
 929 0016 9B68     		ldr	r3, [r3, #8]	@ float
 930              		.loc 1 76 18
 931 0018 3B61     		str	r3, [r7, #16]	@ float
  77:User/Hardware/arm_sv.c ****     duties.duty3 = current_duties[3];
 932              		.loc 1 77 34
 933 001a 0C4B     		ldr	r3, .L53
 934 001c DB68     		ldr	r3, [r3, #12]	@ float
 935              		.loc 1 77 18
 936 001e 7B61     		str	r3, [r7, #20]	@ float
  78:User/Hardware/arm_sv.c ****     duties.duty4 = current_duties[4];
 937              		.loc 1 78 34
 938 0020 0A4B     		ldr	r3, .L53
 939 0022 1B69     		ldr	r3, [r3, #16]	@ float
 940              		.loc 1 78 18
 941 0024 BB61     		str	r3, [r7, #24]	@ float
  79:User/Hardware/arm_sv.c ****     duties.duty5 = current_duties[5];
 942              		.loc 1 79 34
 943 0026 094B     		ldr	r3, .L53
 944 0028 5B69     		ldr	r3, [r3, #20]	@ float
 945              		.loc 1 79 18
 946 002a FB61     		str	r3, [r7, #28]	@ float
  80:User/Hardware/arm_sv.c **** 
  81:User/Hardware/arm_sv.c ****     return duties;
 947              		.loc 1 81 12
 948 002c 7B68     		ldr	r3, [r7, #4]
 949 002e 1D46     		mov	r5, r3
 950 0030 07F10804 		add	r4, r7, #8
 951 0034 0FCC     		ldmia	r4!, {r0, r1, r2, r3}
 952 0036 0FC5     		stmia	r5!, {r0, r1, r2, r3}
 953 0038 94E80300 		ldm	r4, {r0, r1}
 954 003c 85E80300 		stm	r5, {r0, r1}
  82:User/Hardware/arm_sv.c **** }
 955              		.loc 1 82 1
 956 0040 7868     		ldr	r0, [r7, #4]
 957 0042 2437     		adds	r7, r7, #36
 958              	.LCFI83:
 959              		.cfi_def_cfa_offset 12
 960 0044 BD46     		mov	sp, r7
 961              	.LCFI84:
 962              		.cfi_def_cfa_register 13
 963              		@ sp needed
 964 0046 B0BC     		pop	{r4, r5, r7}
 965              	.LCFI85:
 966              		.cfi_restore 7
 967              		.cfi_restore 5
 968              		.cfi_restore 4
ARM GAS  C:\Users\Godwin\AppData\Local\Temp\ccAyl8Wo.s 			page 19


 969              		.cfi_def_cfa_offset 0
 970 0048 7047     		bx	lr
 971              	.L54:
 972 004a 00BF     		.align	2
 973              	.L53:
 974 004c 00000000 		.word	current_duties
 975              		.cfi_endproc
 976              	.LFE164:
 978              		.section	.rodata
 979              		.align	2
 980              	.LC0:
 981 0000 3D3D3D3D 		.ascii	"===== Current PWM Duties =====\000"
 981      3D204375 
 981      7272656E 
 981      74205057 
 981      4D204475 
 982 001f 00       		.align	2
 983              	.LC1:
 984 0020 53657276 		.ascii	"Servo 0: %.2f%%\012\000"
 984      6F20303A 
 984      20252E32 
 984      6625250A 
 984      00
 985 0031 000000   		.align	2
 986              	.LC2:
 987 0034 53657276 		.ascii	"Servo 1: %.2f%%\012\000"
 987      6F20313A 
 987      20252E32 
 987      6625250A 
 987      00
 988 0045 000000   		.align	2
 989              	.LC3:
 990 0048 53657276 		.ascii	"Servo 2: %.2f%%\012\000"
 990      6F20323A 
 990      20252E32 
 990      6625250A 
 990      00
 991 0059 000000   		.align	2
 992              	.LC4:
 993 005c 53657276 		.ascii	"Servo 3: %.2f%%\012\000"
 993      6F20333A 
 993      20252E32 
 993      6625250A 
 993      00
 994 006d 000000   		.align	2
 995              	.LC5:
 996 0070 53657276 		.ascii	"Servo 4: %.2f%%\012\000"
 996      6F20343A 
 996      20252E32 
 996      6625250A 
 996      00
 997 0081 000000   		.align	2
 998              	.LC6:
 999 0084 53657276 		.ascii	"Servo 5: %.2f%%\012\000"
 999      6F20353A 
 999      20252E32 
 999      6625250A 
ARM GAS  C:\Users\Godwin\AppData\Local\Temp\ccAyl8Wo.s 			page 20


 999      00
 1000              		.section	.text.ARM_SV_Tx_Rx,"ax",%progbits
 1001              		.align	1
 1002              		.global	ARM_SV_Tx_Rx
 1003              		.syntax unified
 1004              		.thumb
 1005              		.thumb_func
 1007              	ARM_SV_Tx_Rx:
 1008              	.LFB165:
  83:User/Hardware/arm_sv.c **** void ARM_SV_Tx_Rx()
  84:User/Hardware/arm_sv.c **** {
 1009              		.loc 1 84 1
 1010              		.cfi_startproc
 1011              		@ args = 0, pretend = 0, frame = 24
 1012              		@ frame_needed = 1, uses_anonymous_args = 0
 1013 0000 B0B5     		push	{r4, r5, r7, lr}
 1014              	.LCFI86:
 1015              		.cfi_def_cfa_offset 16
 1016              		.cfi_offset 4, -16
 1017              		.cfi_offset 5, -12
 1018              		.cfi_offset 7, -8
 1019              		.cfi_offset 14, -4
 1020 0002 86B0     		sub	sp, sp, #24
 1021              	.LCFI87:
 1022              		.cfi_def_cfa_offset 40
 1023 0004 00AF     		add	r7, sp, #0
 1024              	.LCFI88:
 1025              		.cfi_def_cfa_register 7
  85:User/Hardware/arm_sv.c **** 
  86:User/Hardware/arm_sv.c ****     ARM_SV_SetDuty0(duties_tx.duty0); // ¶ć»ú0Łş
 1026              		.loc 1 86 5
 1027 0006 494B     		ldr	r3, .L56
 1028 0008 D3ED007A 		vldr.32	s15, [r3]
 1029 000c B0EE670A 		vmov.f32	s0, s15
 1030 0010 FFF7FEFF 		bl	ARM_SV_SetDuty0
  87:User/Hardware/arm_sv.c ****     ARM_SV_SetDuty1(duties_tx.duty1); // ¶ć»ú1Łş
 1031              		.loc 1 87 5
 1032 0014 454B     		ldr	r3, .L56
 1033 0016 D3ED017A 		vldr.32	s15, [r3, #4]
 1034 001a B0EE670A 		vmov.f32	s0, s15
 1035 001e FFF7FEFF 		bl	ARM_SV_SetDuty1
  88:User/Hardware/arm_sv.c ****     ARM_SV_SetDuty2(duties_tx.duty2); // ¶ć»ú2
 1036              		.loc 1 88 5
 1037 0022 424B     		ldr	r3, .L56
 1038 0024 D3ED027A 		vldr.32	s15, [r3, #8]
 1039 0028 B0EE670A 		vmov.f32	s0, s15
 1040 002c FFF7FEFF 		bl	ARM_SV_SetDuty2
  89:User/Hardware/arm_sv.c ****     ARM_SV_SetDuty3(duties_tx.duty3); // ¶ć»ú3Łş
 1041              		.loc 1 89 5
 1042 0030 3E4B     		ldr	r3, .L56
 1043 0032 D3ED037A 		vldr.32	s15, [r3, #12]
 1044 0036 B0EE670A 		vmov.f32	s0, s15
 1045 003a FFF7FEFF 		bl	ARM_SV_SetDuty3
  90:User/Hardware/arm_sv.c ****     ARM_SV_SetDuty4(duties_tx.duty4); // ¶ć»ú4Łş
 1046              		.loc 1 90 5
 1047 003e 3B4B     		ldr	r3, .L56
 1048 0040 D3ED047A 		vldr.32	s15, [r3, #16]
ARM GAS  C:\Users\Godwin\AppData\Local\Temp\ccAyl8Wo.s 			page 21


 1049 0044 B0EE670A 		vmov.f32	s0, s15
 1050 0048 FFF7FEFF 		bl	ARM_SV_SetDuty4
  91:User/Hardware/arm_sv.c ****     ARM_SV_SetDuty5(duties_tx.duty5); // ¶ć»ú5Łş
 1051              		.loc 1 91 5
 1052 004c 374B     		ldr	r3, .L56
 1053 004e D3ED057A 		vldr.32	s15, [r3, #20]
 1054 0052 B0EE670A 		vmov.f32	s0, s15
 1055 0056 FFF7FEFF 		bl	ARM_SV_SetDuty5
  92:User/Hardware/arm_sv.c ****     
  93:User/Hardware/arm_sv.c ****     duties_rx = ARM_SV_GetAllDuties();
 1056              		.loc 1 93 17
 1057 005a 354C     		ldr	r4, .L56+4
 1058 005c 3B46     		mov	r3, r7
 1059 005e 1846     		mov	r0, r3
 1060 0060 FFF7FEFF 		bl	ARM_SV_GetAllDuties
 1061 0064 2546     		mov	r5, r4
 1062 0066 3C46     		mov	r4, r7
 1063 0068 0FCC     		ldmia	r4!, {r0, r1, r2, r3}
 1064 006a 0FC5     		stmia	r5!, {r0, r1, r2, r3}
 1065 006c 94E80300 		ldm	r4, {r0, r1}
 1066 0070 85E80300 		stm	r5, {r0, r1}
  94:User/Hardware/arm_sv.c **** 
  95:User/Hardware/arm_sv.c **** 
  96:User/Hardware/arm_sv.c ****     printf("===== Current PWM Duties =====\n");
 1067              		.loc 1 96 5
 1068 0074 2F48     		ldr	r0, .L56+8
 1069 0076 FFF7FEFF 		bl	puts
  97:User/Hardware/arm_sv.c ****     printf("Servo 0: %.2f%%\n", duties_rx.duty0 * 100);
 1070              		.loc 1 97 42
 1071 007a 2D4B     		ldr	r3, .L56+4
 1072 007c D3ED007A 		vldr.32	s15, [r3]
 1073              		.loc 1 97 49
 1074 0080 9FED2D7A 		vldr.32	s14, .L56+12
 1075 0084 67EE877A 		vmul.f32	s15, s15, s14
 1076              		.loc 1 97 5
 1077 0088 B7EEE77A 		vcvt.f64.f32	d7, s15
 1078 008c 53EC172B 		vmov	r2, r3, d7
 1079 0090 2A48     		ldr	r0, .L56+16
 1080 0092 FFF7FEFF 		bl	printf
  98:User/Hardware/arm_sv.c ****     printf("Servo 1: %.2f%%\n", duties_rx.duty1 * 100);
 1081              		.loc 1 98 42
 1082 0096 264B     		ldr	r3, .L56+4
 1083 0098 D3ED017A 		vldr.32	s15, [r3, #4]
 1084              		.loc 1 98 49
 1085 009c 9FED267A 		vldr.32	s14, .L56+12
 1086 00a0 67EE877A 		vmul.f32	s15, s15, s14
 1087              		.loc 1 98 5
 1088 00a4 B7EEE77A 		vcvt.f64.f32	d7, s15
 1089 00a8 53EC172B 		vmov	r2, r3, d7
 1090 00ac 2448     		ldr	r0, .L56+20
 1091 00ae FFF7FEFF 		bl	printf
  99:User/Hardware/arm_sv.c **** 
 100:User/Hardware/arm_sv.c ****     printf("Servo 2: %.2f%%\n", duties_rx.duty2 * 100);
 1092              		.loc 1 100 42
 1093 00b2 1F4B     		ldr	r3, .L56+4
 1094 00b4 D3ED027A 		vldr.32	s15, [r3, #8]
 1095              		.loc 1 100 49
ARM GAS  C:\Users\Godwin\AppData\Local\Temp\ccAyl8Wo.s 			page 22


 1096 00b8 9FED1F7A 		vldr.32	s14, .L56+12
 1097 00bc 67EE877A 		vmul.f32	s15, s15, s14
 1098              		.loc 1 100 5
 1099 00c0 B7EEE77A 		vcvt.f64.f32	d7, s15
 1100 00c4 53EC172B 		vmov	r2, r3, d7
 1101 00c8 1E48     		ldr	r0, .L56+24
 1102 00ca FFF7FEFF 		bl	printf
 101:User/Hardware/arm_sv.c **** 
 102:User/Hardware/arm_sv.c ****     printf("Servo 3: %.2f%%\n", duties_rx.duty3 * 100);
 1103              		.loc 1 102 42
 1104 00ce 184B     		ldr	r3, .L56+4
 1105 00d0 D3ED037A 		vldr.32	s15, [r3, #12]
 1106              		.loc 1 102 49
 1107 00d4 9FED187A 		vldr.32	s14, .L56+12
 1108 00d8 67EE877A 		vmul.f32	s15, s15, s14
 1109              		.loc 1 102 5
 1110 00dc B7EEE77A 		vcvt.f64.f32	d7, s15
 1111 00e0 53EC172B 		vmov	r2, r3, d7
 1112 00e4 1848     		ldr	r0, .L56+28
 1113 00e6 FFF7FEFF 		bl	printf
 103:User/Hardware/arm_sv.c **** 
 104:User/Hardware/arm_sv.c ****     printf("Servo 4: %.2f%%\n", duties_rx.duty4 * 100);
 1114              		.loc 1 104 42
 1115 00ea 114B     		ldr	r3, .L56+4
 1116 00ec D3ED047A 		vldr.32	s15, [r3, #16]
 1117              		.loc 1 104 49
 1118 00f0 9FED117A 		vldr.32	s14, .L56+12
 1119 00f4 67EE877A 		vmul.f32	s15, s15, s14
 1120              		.loc 1 104 5
 1121 00f8 B7EEE77A 		vcvt.f64.f32	d7, s15
 1122 00fc 53EC172B 		vmov	r2, r3, d7
 1123 0100 1248     		ldr	r0, .L56+32
 1124 0102 FFF7FEFF 		bl	printf
 105:User/Hardware/arm_sv.c **** 
 106:User/Hardware/arm_sv.c ****     printf("Servo 5: %.2f%%\n", duties_rx.duty5 * 100);
 1125              		.loc 1 106 42
 1126 0106 0A4B     		ldr	r3, .L56+4
 1127 0108 D3ED057A 		vldr.32	s15, [r3, #20]
 1128              		.loc 1 106 49
 1129 010c 9FED0A7A 		vldr.32	s14, .L56+12
 1130 0110 67EE877A 		vmul.f32	s15, s15, s14
 1131              		.loc 1 106 5
 1132 0114 B7EEE77A 		vcvt.f64.f32	d7, s15
 1133 0118 53EC172B 		vmov	r2, r3, d7
 1134 011c 0C48     		ldr	r0, .L56+36
 1135 011e FFF7FEFF 		bl	printf
 107:User/Hardware/arm_sv.c **** }...
 1136              		.loc 1 107 1
 1137 0122 00BF     		nop
 1138 0124 1837     		adds	r7, r7, #24
 1139              	.LCFI89:
 1140              		.cfi_def_cfa_offset 16
 1141 0126 BD46     		mov	sp, r7
 1142              	.LCFI90:
 1143              		.cfi_def_cfa_register 13
 1144              		@ sp needed
 1145 0128 B0BD     		pop	{r4, r5, r7, pc}
ARM GAS  C:\Users\Godwin\AppData\Local\Temp\ccAyl8Wo.s 			page 23


 1146              	.L57:
 1147 012a 00BF     		.align	2
 1148              	.L56:
 1149 012c 00000000 		.word	duties_tx
 1150 0130 00000000 		.word	duties_rx
 1151 0134 00000000 		.word	.LC0
 1152 0138 0000C842 		.word	1120403456
 1153 013c 20000000 		.word	.LC1
 1154 0140 34000000 		.word	.LC2
 1155 0144 48000000 		.word	.LC3
 1156 0148 5C000000 		.word	.LC4
 1157 014c 70000000 		.word	.LC5
 1158 0150 84000000 		.word	.LC6
 1159              		.cfi_endproc
 1160              	.LFE165:
 1162              		.text
 1163              	.Letext0:
 1164              		.file 2 "C:/Users/Godwin/13.2 Rel1/arm-none-eabi/include/machine/_default_types.h"
 1165              		.file 3 "C:/Users/Godwin/13.2 Rel1/arm-none-eabi/include/sys/_stdint.h"
 1166              		.file 4 "User/Hardware/arm_sv.h"
 1167              		.file 5 "User/Drive/bsp_pca9685.h"
 1168              		.file 6 "C:/Users/Godwin/13.2 Rel1/arm-none-eabi/include/stdio.h"
ARM GAS  C:\Users\Godwin\AppData\Local\Temp\ccAyl8Wo.s 			page 24


DEFINED SYMBOLS
                            *ABS*:00000000 arm_sv.c
C:\Users\Godwin\AppData\Local\Temp\ccAyl8Wo.s:20     .bss.current_duties:00000000 $d
C:\Users\Godwin\AppData\Local\Temp\ccAyl8Wo.s:23     .bss.current_duties:00000000 current_duties
C:\Users\Godwin\AppData\Local\Temp\ccAyl8Wo.s:30     .bss.duties_rx:00000000 duties_rx
C:\Users\Godwin\AppData\Local\Temp\ccAyl8Wo.s:27     .bss.duties_rx:00000000 $d
C:\Users\Godwin\AppData\Local\Temp\ccAyl8Wo.s:37     .bss.duties_tx:00000000 duties_tx
C:\Users\Godwin\AppData\Local\Temp\ccAyl8Wo.s:34     .bss.duties_tx:00000000 $d
C:\Users\Godwin\AppData\Local\Temp\ccAyl8Wo.s:40     .text.set_sv_duty:00000000 $t
C:\Users\Godwin\AppData\Local\Temp\ccAyl8Wo.s:45     .text.set_sv_duty:00000000 set_sv_duty
C:\Users\Godwin\AppData\Local\Temp\ccAyl8Wo.s:99     .text.set_sv_duty:00000038 $d
C:\Users\Godwin\AppData\Local\Temp\ccAyl8Wo.s:104    .text.ARM_SV_Init:00000000 $t
C:\Users\Godwin\AppData\Local\Temp\ccAyl8Wo.s:110    .text.ARM_SV_Init:00000000 ARM_SV_Init
C:\Users\Godwin\AppData\Local\Temp\ccAyl8Wo.s:194    .text.ARM_SV_Init:0000006c $d
C:\Users\Godwin\AppData\Local\Temp\ccAyl8Wo.s:200    .text.ARM_SV_SetDuty:00000000 $t
C:\Users\Godwin\AppData\Local\Temp\ccAyl8Wo.s:206    .text.ARM_SV_SetDuty:00000000 ARM_SV_SetDuty
C:\Users\Godwin\AppData\Local\Temp\ccAyl8Wo.s:245    .text.ARM_SV_SetDuty0:00000000 $t
C:\Users\Godwin\AppData\Local\Temp\ccAyl8Wo.s:251    .text.ARM_SV_SetDuty0:00000000 ARM_SV_SetDuty0
C:\Users\Godwin\AppData\Local\Temp\ccAyl8Wo.s:287    .text.ARM_SV_SetDuty1:00000000 $t
C:\Users\Godwin\AppData\Local\Temp\ccAyl8Wo.s:293    .text.ARM_SV_SetDuty1:00000000 ARM_SV_SetDuty1
C:\Users\Godwin\AppData\Local\Temp\ccAyl8Wo.s:329    .text.ARM_SV_SetDuty2:00000000 $t
C:\Users\Godwin\AppData\Local\Temp\ccAyl8Wo.s:335    .text.ARM_SV_SetDuty2:00000000 ARM_SV_SetDuty2
C:\Users\Godwin\AppData\Local\Temp\ccAyl8Wo.s:371    .text.ARM_SV_SetDuty3:00000000 $t
C:\Users\Godwin\AppData\Local\Temp\ccAyl8Wo.s:377    .text.ARM_SV_SetDuty3:00000000 ARM_SV_SetDuty3
C:\Users\Godwin\AppData\Local\Temp\ccAyl8Wo.s:413    .text.ARM_SV_SetDuty4:00000000 $t
C:\Users\Godwin\AppData\Local\Temp\ccAyl8Wo.s:419    .text.ARM_SV_SetDuty4:00000000 ARM_SV_SetDuty4
C:\Users\Godwin\AppData\Local\Temp\ccAyl8Wo.s:455    .text.ARM_SV_SetDuty5:00000000 $t
C:\Users\Godwin\AppData\Local\Temp\ccAyl8Wo.s:461    .text.ARM_SV_SetDuty5:00000000 ARM_SV_SetDuty5
C:\Users\Godwin\AppData\Local\Temp\ccAyl8Wo.s:497    .text.ARM_SV_GetDuty:00000000 $t
C:\Users\Godwin\AppData\Local\Temp\ccAyl8Wo.s:503    .text.ARM_SV_GetDuty:00000000 ARM_SV_GetDuty
C:\Users\Godwin\AppData\Local\Temp\ccAyl8Wo.s:555    .text.ARM_SV_GetDuty:00000034 $d
C:\Users\Godwin\AppData\Local\Temp\ccAyl8Wo.s:560    .text.ARM_SV_GetDuty0:00000000 $t
C:\Users\Godwin\AppData\Local\Temp\ccAyl8Wo.s:566    .text.ARM_SV_GetDuty0:00000000 ARM_SV_GetDuty0
C:\Users\Godwin\AppData\Local\Temp\ccAyl8Wo.s:599    .text.ARM_SV_GetDuty0:00000018 $d
C:\Users\Godwin\AppData\Local\Temp\ccAyl8Wo.s:604    .text.ARM_SV_GetDuty1:00000000 $t
C:\Users\Godwin\AppData\Local\Temp\ccAyl8Wo.s:610    .text.ARM_SV_GetDuty1:00000000 ARM_SV_GetDuty1
C:\Users\Godwin\AppData\Local\Temp\ccAyl8Wo.s:643    .text.ARM_SV_GetDuty1:00000018 $d
C:\Users\Godwin\AppData\Local\Temp\ccAyl8Wo.s:648    .text.ARM_SV_GetDuty2:00000000 $t
C:\Users\Godwin\AppData\Local\Temp\ccAyl8Wo.s:654    .text.ARM_SV_GetDuty2:00000000 ARM_SV_GetDuty2
C:\Users\Godwin\AppData\Local\Temp\ccAyl8Wo.s:687    .text.ARM_SV_GetDuty2:00000018 $d
C:\Users\Godwin\AppData\Local\Temp\ccAyl8Wo.s:692    .text.ARM_SV_GetDuty3:00000000 $t
C:\Users\Godwin\AppData\Local\Temp\ccAyl8Wo.s:698    .text.ARM_SV_GetDuty3:00000000 ARM_SV_GetDuty3
C:\Users\Godwin\AppData\Local\Temp\ccAyl8Wo.s:731    .text.ARM_SV_GetDuty3:00000018 $d
C:\Users\Godwin\AppData\Local\Temp\ccAyl8Wo.s:736    .text.ARM_SV_GetDuty4:00000000 $t
C:\Users\Godwin\AppData\Local\Temp\ccAyl8Wo.s:742    .text.ARM_SV_GetDuty4:00000000 ARM_SV_GetDuty4
C:\Users\Godwin\AppData\Local\Temp\ccAyl8Wo.s:775    .text.ARM_SV_GetDuty4:00000018 $d
C:\Users\Godwin\AppData\Local\Temp\ccAyl8Wo.s:780    .text.ARM_SV_GetDuty5:00000000 $t
C:\Users\Godwin\AppData\Local\Temp\ccAyl8Wo.s:786    .text.ARM_SV_GetDuty5:00000000 ARM_SV_GetDuty5
C:\Users\Godwin\AppData\Local\Temp\ccAyl8Wo.s:819    .text.ARM_SV_GetDuty5:00000018 $d
C:\Users\Godwin\AppData\Local\Temp\ccAyl8Wo.s:824    .text.ARM_SV_SetAllDuties:00000000 $t
C:\Users\Godwin\AppData\Local\Temp\ccAyl8Wo.s:830    .text.ARM_SV_SetAllDuties:00000000 ARM_SV_SetAllDuties
C:\Users\Godwin\AppData\Local\Temp\ccAyl8Wo.s:891    .text.ARM_SV_GetAllDuties:00000000 $t
C:\Users\Godwin\AppData\Local\Temp\ccAyl8Wo.s:897    .text.ARM_SV_GetAllDuties:00000000 ARM_SV_GetAllDuties
C:\Users\Godwin\AppData\Local\Temp\ccAyl8Wo.s:974    .text.ARM_SV_GetAllDuties:0000004c $d
C:\Users\Godwin\AppData\Local\Temp\ccAyl8Wo.s:979    .rodata:00000000 $d
C:\Users\Godwin\AppData\Local\Temp\ccAyl8Wo.s:1001   .text.ARM_SV_Tx_Rx:00000000 $t
C:\Users\Godwin\AppData\Local\Temp\ccAyl8Wo.s:1007   .text.ARM_SV_Tx_Rx:00000000 ARM_SV_Tx_Rx
ARM GAS  C:\Users\Godwin\AppData\Local\Temp\ccAyl8Wo.s 			page 25


C:\Users\Godwin\AppData\Local\Temp\ccAyl8Wo.s:1149   .text.ARM_SV_Tx_Rx:0000012c $d

UNDEFINED SYMBOLS
PCA9685_SetDuty
PCA9685_Init
puts
printf
