ARM GAS  C:\Users\Godwin\AppData\Local\Temp\cc9MgKfd.s 			page 1


   1              		.cpu cortex-m7
   2              		.arch armv7e-m
   3              		.fpu fpv5-d16
   4              		.eabi_attribute 28, 1
   5              		.eabi_attribute 20, 1
   6              		.eabi_attribute 21, 1
   7              		.eabi_attribute 23, 3
   8              		.eabi_attribute 24, 1
   9              		.eabi_attribute 25, 1
  10              		.eabi_attribute 26, 1
  11              		.eabi_attribute 30, 6
  12              		.eabi_attribute 34, 1
  13              		.eabi_attribute 18, 4
  14              		.file	"main.c"
  15              		.text
  16              	.Ltext0:
  17              		.cfi_sections	.debug_frame
  18              		.file 1 "Core/Src/main.c"
  19              		.global	ITsta
  20              		.section	.bss.ITsta,"aw",%nobits
  23              	ITsta:
  24 0000 00       		.space	1
  25              		.section	.text.main,"ax",%progbits
  26              		.align	1
  27              		.global	main
  28              		.syntax unified
  29              		.thumb
  30              		.thumb_func
  32              	main:
  33              	.LFB152:
   1:Core/Src/main.c **** /* USER CODE BEGIN Header */
   2:Core/Src/main.c **** /**
   3:Core/Src/main.c ****  ******************************************************************************
   4:Core/Src/main.c ****  * @file           : main.c
   5:Core/Src/main.c ****  * @brief          : Main program body
   6:Core/Src/main.c ****  ******************************************************************************
   7:Core/Src/main.c ****  * @attention
   8:Core/Src/main.c ****  *
   9:Core/Src/main.c ****  * Copyright (c) 2024 STMicroelectronics.
  10:Core/Src/main.c ****  * All rights reserved.
  11:Core/Src/main.c ****  *
  12:Core/Src/main.c ****  * This software is licensed under terms that can be found in the LICENSE file
  13:Core/Src/main.c ****  * in the root directory of this software component.
  14:Core/Src/main.c ****  * If no LICENSE file comes with this software, it is provided AS-IS.
  15:Core/Src/main.c ****  *
  16:Core/Src/main.c ****  ******************************************************************************
  17:Core/Src/main.c ****  */
  18:Core/Src/main.c **** /* USER CODE END Header */
  19:Core/Src/main.c **** /* Includes ------------------------------------------------------------------*/
  20:Core/Src/main.c **** #include "main.h"
  21:Core/Src/main.c **** #include "cmsis_os.h"
  22:Core/Src/main.c **** #include "dma.h"
  23:Core/Src/main.c **** #include "fdcan.h"
  24:Core/Src/main.c **** #include "iwdg.h"
  25:Core/Src/main.c **** #include "spi.h"
  26:Core/Src/main.c **** #include "tim.h"
  27:Core/Src/main.c **** #include "usart.h"
ARM GAS  C:\Users\Godwin\AppData\Local\Temp\cc9MgKfd.s 			page 2


  28:Core/Src/main.c **** #include "usb_device.h"
  29:Core/Src/main.c **** #include "gpio.h"
  30:Core/Src/main.c **** 
  31:Core/Src/main.c **** /* Private includes ----------------------------------------------------------*/
  32:Core/Src/main.c **** /* USER CODE BEGIN Includes */
  33:Core/Src/main.c **** #include "UART_data_txrx.h"
  34:Core/Src/main.c **** #include "CAN_receive_send.h"
  35:Core/Src/main.c **** #include "IMU_updata.h"
  36:Core/Src/main.c **** #include "LED.h"
  37:Core/Src/main.c **** #include "music.h"
  38:Core/Src/main.c **** #include "head.h"
  39:Core/Src/main.c **** /* USER CODE END Includes */
  40:Core/Src/main.c **** 
  41:Core/Src/main.c **** /* Private typedef -----------------------------------------------------------*/
  42:Core/Src/main.c **** /* USER CODE BEGIN PTD */
  43:Core/Src/main.c **** 
  44:Core/Src/main.c **** /* USER CODE END PTD */
  45:Core/Src/main.c **** 
  46:Core/Src/main.c **** /* Private define ------------------------------------------------------------*/
  47:Core/Src/main.c **** /* USER CODE BEGIN PD */
  48:Core/Src/main.c **** 
  49:Core/Src/main.c **** /* USER CODE END PD */
  50:Core/Src/main.c **** 
  51:Core/Src/main.c **** /* Private macro -------------------------------------------------------------*/
  52:Core/Src/main.c **** /* USER CODE BEGIN PM */
  53:Core/Src/main.c **** 
  54:Core/Src/main.c **** /* USER CODE END PM */
  55:Core/Src/main.c **** 
  56:Core/Src/main.c **** /* Private variables ---------------------------------------------------------*/
  57:Core/Src/main.c **** 
  58:Core/Src/main.c **** /* USER CODE BEGIN PV */
  59:Core/Src/main.c **** 
  60:Core/Src/main.c **** /* USER CODE END PV */
  61:Core/Src/main.c **** 
  62:Core/Src/main.c **** /* Private function prototypes -----------------------------------------------*/
  63:Core/Src/main.c **** void SystemClock_Config(void);
  64:Core/Src/main.c **** static void MPU_Config(void);
  65:Core/Src/main.c **** void MX_FREERTOS_Init(void);
  66:Core/Src/main.c **** /* USER CODE BEGIN PFP */
  67:Core/Src/main.c **** 
  68:Core/Src/main.c **** /* USER CODE END PFP */
  69:Core/Src/main.c **** 
  70:Core/Src/main.c **** /* Private user code ---------------------------------------------------------*/
  71:Core/Src/main.c **** /* USER CODE BEGIN 0 */
  72:Core/Src/main.c **** HAL_StatusTypeDef ITsta;
  73:Core/Src/main.c **** extern DMA_HandleTypeDef hdma_uart7_rx;
  74:Core/Src/main.c **** /* USER CODE END 0 */
  75:Core/Src/main.c **** 
  76:Core/Src/main.c **** /**
  77:Core/Src/main.c ****  * @brief  The application entry point.
  78:Core/Src/main.c ****  * @retval int
  79:Core/Src/main.c ****  */
  80:Core/Src/main.c **** int main(void)
  81:Core/Src/main.c **** {
  34              		.loc 1 81 1
  35              		.cfi_startproc
  36              		@ args = 0, pretend = 0, frame = 0
ARM GAS  C:\Users\Godwin\AppData\Local\Temp\cc9MgKfd.s 			page 3


  37              		@ frame_needed = 1, uses_anonymous_args = 0
  38 0000 80B5     		push	{r7, lr}
  39              	.LCFI0:
  40              		.cfi_def_cfa_offset 8
  41              		.cfi_offset 7, -8
  42              		.cfi_offset 14, -4
  43 0002 00AF     		add	r7, sp, #0
  44              	.LCFI1:
  45              		.cfi_def_cfa_register 7
  82:Core/Src/main.c **** 
  83:Core/Src/main.c ****   /* USER CODE BEGIN 1 */
  84:Core/Src/main.c **** 
  85:Core/Src/main.c ****   /* USER CODE END 1 */
  86:Core/Src/main.c **** 
  87:Core/Src/main.c ****   /* MPU Configuration--------------------------------------------------------*/
  88:Core/Src/main.c ****   MPU_Config();
  46              		.loc 1 88 3
  47 0004 FFF7FEFF 		bl	MPU_Config
  89:Core/Src/main.c **** 
  90:Core/Src/main.c ****   /* MCU Configuration--------------------------------------------------------*/
  91:Core/Src/main.c **** 
  92:Core/Src/main.c ****   /* Reset of all peripherals, Initializes the Flash interface and the Systick. */
  93:Core/Src/main.c ****   HAL_Init();
  48              		.loc 1 93 3
  49 0008 FFF7FEFF 		bl	HAL_Init
  94:Core/Src/main.c **** 
  95:Core/Src/main.c ****   /* USER CODE BEGIN Init */
  96:Core/Src/main.c **** 
  97:Core/Src/main.c ****   /* USER CODE END Init */
  98:Core/Src/main.c **** 
  99:Core/Src/main.c ****   /* Configure the system clock */
 100:Core/Src/main.c ****   SystemClock_Config();
  50              		.loc 1 100 3
  51 000c FFF7FEFF 		bl	SystemClock_Config
 101:Core/Src/main.c **** 
 102:Core/Src/main.c ****   /* USER CODE BEGIN SysInit */
 103:Core/Src/main.c **** 
 104:Core/Src/main.c ****   /* USER CODE END SysInit */
 105:Core/Src/main.c **** 
 106:Core/Src/main.c ****   /* Initialize all configured peripherals */
 107:Core/Src/main.c ****   MX_GPIO_Init();
  52              		.loc 1 107 3
  53 0010 FFF7FEFF 		bl	MX_GPIO_Init
 108:Core/Src/main.c ****   MX_DMA_Init();
  54              		.loc 1 108 3
  55 0014 FFF7FEFF 		bl	MX_DMA_Init
 109:Core/Src/main.c ****   MX_UART5_Init();
  56              		.loc 1 109 3
  57 0018 FFF7FEFF 		bl	MX_UART5_Init
 110:Core/Src/main.c ****   MX_UART7_Init();
  58              		.loc 1 110 3
  59 001c FFF7FEFF 		bl	MX_UART7_Init
 111:Core/Src/main.c ****   MX_FDCAN1_Init();
  60              		.loc 1 111 3
  61 0020 FFF7FEFF 		bl	MX_FDCAN1_Init
 112:Core/Src/main.c ****   MX_FDCAN2_Init();
  62              		.loc 1 112 3
ARM GAS  C:\Users\Godwin\AppData\Local\Temp\cc9MgKfd.s 			page 4


  63 0024 FFF7FEFF 		bl	MX_FDCAN2_Init
 113:Core/Src/main.c ****   MX_SPI2_Init();
  64              		.loc 1 113 3
  65 0028 FFF7FEFF 		bl	MX_SPI2_Init
 114:Core/Src/main.c ****   MX_TIM3_Init();
  66              		.loc 1 114 3
  67 002c FFF7FEFF 		bl	MX_TIM3_Init
 115:Core/Src/main.c ****   MX_TIM13_Init();
  68              		.loc 1 115 3
  69 0030 FFF7FEFF 		bl	MX_TIM13_Init
 116:Core/Src/main.c ****   MX_TIM14_Init();
  70              		.loc 1 116 3
  71 0034 FFF7FEFF 		bl	MX_TIM14_Init
 117:Core/Src/main.c ****   MX_SPI6_Init();
  72              		.loc 1 117 3
  73 0038 FFF7FEFF 		bl	MX_SPI6_Init
 118:Core/Src/main.c ****   MX_USART10_UART_Init();
  74              		.loc 1 118 3
  75 003c FFF7FEFF 		bl	MX_USART10_UART_Init
 119:Core/Src/main.c ****   MX_FDCAN3_Init();
  76              		.loc 1 119 3
  77 0040 FFF7FEFF 		bl	MX_FDCAN3_Init
 120:Core/Src/main.c ****   MX_IWDG1_Init();
  78              		.loc 1 120 3
  79 0044 FFF7FEFF 		bl	MX_IWDG1_Init
 121:Core/Src/main.c ****   MX_USART3_UART_Init();
  80              		.loc 1 121 3
  81 0048 FFF7FEFF 		bl	MX_USART3_UART_Init
 122:Core/Src/main.c ****   MX_USART1_UART_Init();
  82              		.loc 1 122 3
  83 004c FFF7FEFF 		bl	MX_USART1_UART_Init
 123:Core/Src/main.c ****   MX_TIM12_Init();
  84              		.loc 1 123 3
  85 0050 FFF7FEFF 		bl	MX_TIM12_Init
 124:Core/Src/main.c ****   MX_TIM1_Init();
  86              		.loc 1 124 3
  87 0054 FFF7FEFF 		bl	MX_TIM1_Init
 125:Core/Src/main.c ****   /* USER CODE BEGIN 2 */
 126:Core/Src/main.c ****  // HAL_IWDG_Refresh(&hiwdg1);
 127:Core/Src/main.c ****   /*INIT*/
 128:Core/Src/main.c ****   uart_init();
  88              		.loc 1 128 3
  89 0058 FFF7FEFF 		bl	uart_init
 129:Core/Src/main.c ****   can_init();
  90              		.loc 1 129 3
  91 005c FFF7FEFF 		bl	can_init
 130:Core/Src/main.c ****   IMU_init();
  92              		.loc 1 130 3
  93 0060 FFF7FEFF 		bl	IMU_init
 131:Core/Src/main.c ****   Music_init();
  94              		.loc 1 131 3
  95 0064 FFF7FEFF 		bl	Music_init
 132:Core/Src/main.c ****   Arm_Init();
  96              		.loc 1 132 3
  97 0068 FFF7FEFF 		bl	Arm_Init
 133:Core/Src/main.c ****   Head_Init();
  98              		.loc 1 133 3
ARM GAS  C:\Users\Godwin\AppData\Local\Temp\cc9MgKfd.s 			page 5


  99 006c FFF7FEFF 		bl	Head_Init
 134:Core/Src/main.c ****  HAL_IWDG_Refresh(&hiwdg1);
 100              		.loc 1 134 2
 101 0070 0848     		ldr	r0, .L3
 102 0072 FFF7FEFF 		bl	HAL_IWDG_Refresh
 135:Core/Src/main.c ****   remote_control_init();
 103              		.loc 1 135 3
 104 0076 FFF7FEFF 		bl	remote_control_init
 136:Core/Src/main.c ****   Pump_Init();
 105              		.loc 1 136 3
 106 007a FFF7FEFF 		bl	Pump_Init
 137:Core/Src/main.c ****   Lift_Init();
 107              		.loc 1 137 3
 108 007e FFF7FEFF 		bl	Lift_Init
 138:Core/Src/main.c **** 
 139:Core/Src/main.c ****   /* USER CODE END 2 */
 140:Core/Src/main.c **** 
 141:Core/Src/main.c ****   /* Init scheduler */
 142:Core/Src/main.c ****   osKernelInitialize(); /* Call init function for freertos objects (in cmsis_os2.c) */
 109              		.loc 1 142 3
 110 0082 FFF7FEFF 		bl	osKernelInitialize
 143:Core/Src/main.c ****   MX_FREERTOS_Init();
 111              		.loc 1 143 3
 112 0086 FFF7FEFF 		bl	MX_FREERTOS_Init
 144:Core/Src/main.c **** 
 145:Core/Src/main.c ****   /* Start scheduler */
 146:Core/Src/main.c ****   osKernelStart();
 113              		.loc 1 146 3
 114 008a FFF7FEFF 		bl	osKernelStart
 115              	.L2:
 147:Core/Src/main.c **** 
 148:Core/Src/main.c ****   /* We should never get here as control is now taken by the scheduler */
 149:Core/Src/main.c **** 
 150:Core/Src/main.c ****   /* Infinite loop */
 151:Core/Src/main.c ****   /* USER CODE BEGIN WHILE */
 152:Core/Src/main.c ****   while (1)
 116              		.loc 1 152 9
 117 008e 00BF     		nop
 118 0090 FDE7     		b	.L2
 119              	.L4:
 120 0092 00BF     		.align	2
 121              	.L3:
 122 0094 00000000 		.word	hiwdg1
 123              		.cfi_endproc
 124              	.LFE152:
 126              		.section	.text.SystemClock_Config,"ax",%progbits
 127              		.align	1
 128              		.global	SystemClock_Config
 129              		.syntax unified
 130              		.thumb
 131              		.thumb_func
 133              	SystemClock_Config:
 134              	.LFB153:
 153:Core/Src/main.c ****   {
 154:Core/Src/main.c ****     /* USER CODE END WHILE */
 155:Core/Src/main.c **** 
 156:Core/Src/main.c ****     /* USER CODE BEGIN 3 */
ARM GAS  C:\Users\Godwin\AppData\Local\Temp\cc9MgKfd.s 			page 6


 157:Core/Src/main.c ****   }
 158:Core/Src/main.c ****   /* USER CODE END 3 */
 159:Core/Src/main.c **** }
 160:Core/Src/main.c **** 
 161:Core/Src/main.c **** /**
 162:Core/Src/main.c ****  * @brief System Clock Configuration
 163:Core/Src/main.c ****  * @retval None
 164:Core/Src/main.c ****  */
 165:Core/Src/main.c **** void SystemClock_Config(void)
 166:Core/Src/main.c **** {
 135              		.loc 1 166 1
 136              		.cfi_startproc
 137              		@ args = 0, pretend = 0, frame = 112
 138              		@ frame_needed = 1, uses_anonymous_args = 0
 139 0000 80B5     		push	{r7, lr}
 140              	.LCFI2:
 141              		.cfi_def_cfa_offset 8
 142              		.cfi_offset 7, -8
 143              		.cfi_offset 14, -4
 144 0002 9CB0     		sub	sp, sp, #112
 145              	.LCFI3:
 146              		.cfi_def_cfa_offset 120
 147 0004 00AF     		add	r7, sp, #0
 148              	.LCFI4:
 149              		.cfi_def_cfa_register 7
 167:Core/Src/main.c ****   RCC_OscInitTypeDef RCC_OscInitStruct = {0};
 150              		.loc 1 167 22
 151 0006 07F12403 		add	r3, r7, #36
 152 000a 4C22     		movs	r2, #76
 153 000c 0021     		movs	r1, #0
 154 000e 1846     		mov	r0, r3
 155 0010 FFF7FEFF 		bl	memset
 168:Core/Src/main.c ****   RCC_ClkInitTypeDef RCC_ClkInitStruct = {0};
 156              		.loc 1 168 22
 157 0014 3B1D     		adds	r3, r7, #4
 158 0016 2022     		movs	r2, #32
 159 0018 0021     		movs	r1, #0
 160 001a 1846     		mov	r0, r3
 161 001c FFF7FEFF 		bl	memset
 169:Core/Src/main.c **** 
 170:Core/Src/main.c ****   /** Supply configuration update enable
 171:Core/Src/main.c ****    */
 172:Core/Src/main.c ****   HAL_PWREx_ConfigSupply(PWR_LDO_SUPPLY);
 162              		.loc 1 172 3
 163 0020 0220     		movs	r0, #2
 164 0022 FFF7FEFF 		bl	HAL_PWREx_ConfigSupply
 165              	.LBB4:
 173:Core/Src/main.c **** 
 174:Core/Src/main.c ****   /** Configure the main internal regulator output voltage
 175:Core/Src/main.c ****    */
 176:Core/Src/main.c ****   __HAL_PWR_VOLTAGESCALING_CONFIG(PWR_REGULATOR_VOLTAGE_SCALE0);
 166              		.loc 1 176 3
 167 0026 0023     		movs	r3, #0
 168 0028 3B60     		str	r3, [r7]
 169 002a 354B     		ldr	r3, .L9
 170 002c 9B69     		ldr	r3, [r3, #24]
 171 002e 344A     		ldr	r2, .L9
ARM GAS  C:\Users\Godwin\AppData\Local\Temp\cc9MgKfd.s 			page 7


 172 0030 23F44043 		bic	r3, r3, #49152
 173 0034 9361     		str	r3, [r2, #24]
 174 0036 324B     		ldr	r3, .L9
 175 0038 9B69     		ldr	r3, [r3, #24]
 176 003a 03F44043 		and	r3, r3, #49152
 177 003e 3B60     		str	r3, [r7]
 178 0040 3B68     		ldr	r3, [r7]
 179              	.LBE4:
 177:Core/Src/main.c **** 
 178:Core/Src/main.c ****   while (!__HAL_PWR_GET_FLAG(PWR_FLAG_VOSRDY))
 180              		.loc 1 178 9
 181 0042 00BF     		nop
 182              	.L6:
 183              		.loc 1 178 11 discriminator 1
 184 0044 2E4B     		ldr	r3, .L9
 185 0046 9B69     		ldr	r3, [r3, #24]
 186 0048 03F40053 		and	r3, r3, #8192
 187              		.loc 1 178 10 discriminator 1
 188 004c B3F5005F 		cmp	r3, #8192
 189 0050 F8D1     		bne	.L6
 179:Core/Src/main.c ****   {
 180:Core/Src/main.c ****   }
 181:Core/Src/main.c **** 
 182:Core/Src/main.c ****   /** Initializes the RCC Oscillators according to the specified parameters
 183:Core/Src/main.c ****    * in the RCC_OscInitTypeDef structure.
 184:Core/Src/main.c ****    */
 185:Core/Src/main.c ****   RCC_OscInitStruct.OscillatorType = RCC_OSCILLATORTYPE_HSI48 | RCC_OSCILLATORTYPE_HSI | RCC_OSCILL
 190              		.loc 1 185 36
 191 0052 2B23     		movs	r3, #43
 192 0054 7B62     		str	r3, [r7, #36]
 186:Core/Src/main.c ****   RCC_OscInitStruct.HSEState = RCC_HSE_ON;
 193              		.loc 1 186 30
 194 0056 4FF48033 		mov	r3, #65536
 195 005a BB62     		str	r3, [r7, #40]
 187:Core/Src/main.c ****   RCC_OscInitStruct.HSIState = RCC_HSI_DIV1;
 196              		.loc 1 187 30
 197 005c 0123     		movs	r3, #1
 198 005e 3B63     		str	r3, [r7, #48]
 188:Core/Src/main.c ****   RCC_OscInitStruct.HSICalibrationValue = 64;
 199              		.loc 1 188 41
 200 0060 4023     		movs	r3, #64
 201 0062 7B63     		str	r3, [r7, #52]
 189:Core/Src/main.c ****   RCC_OscInitStruct.LSIState = RCC_LSI_ON;
 202              		.loc 1 189 30
 203 0064 0123     		movs	r3, #1
 204 0066 BB63     		str	r3, [r7, #56]
 190:Core/Src/main.c ****   RCC_OscInitStruct.HSI48State = RCC_HSI48_ON;
 205              		.loc 1 190 32
 206 0068 0123     		movs	r3, #1
 207 006a FB63     		str	r3, [r7, #60]
 191:Core/Src/main.c ****   RCC_OscInitStruct.PLL.PLLState = RCC_PLL_ON;
 208              		.loc 1 191 34
 209 006c 0223     		movs	r3, #2
 210 006e BB64     		str	r3, [r7, #72]
 192:Core/Src/main.c ****   RCC_OscInitStruct.PLL.PLLSource = RCC_PLLSOURCE_HSE;
 211              		.loc 1 192 35
 212 0070 0223     		movs	r3, #2
ARM GAS  C:\Users\Godwin\AppData\Local\Temp\cc9MgKfd.s 			page 8


 213 0072 FB64     		str	r3, [r7, #76]
 193:Core/Src/main.c ****   RCC_OscInitStruct.PLL.PLLM = 2;
 214              		.loc 1 193 30
 215 0074 0223     		movs	r3, #2
 216 0076 3B65     		str	r3, [r7, #80]
 194:Core/Src/main.c ****   RCC_OscInitStruct.PLL.PLLN = 40;
 217              		.loc 1 194 30
 218 0078 2823     		movs	r3, #40
 219 007a 7B65     		str	r3, [r7, #84]
 195:Core/Src/main.c ****   RCC_OscInitStruct.PLL.PLLP = 1;
 220              		.loc 1 195 30
 221 007c 0123     		movs	r3, #1
 222 007e BB65     		str	r3, [r7, #88]
 196:Core/Src/main.c ****   RCC_OscInitStruct.PLL.PLLQ = 4;
 223              		.loc 1 196 30
 224 0080 0423     		movs	r3, #4
 225 0082 FB65     		str	r3, [r7, #92]
 197:Core/Src/main.c ****   RCC_OscInitStruct.PLL.PLLR = 2;
 226              		.loc 1 197 30
 227 0084 0223     		movs	r3, #2
 228 0086 3B66     		str	r3, [r7, #96]
 198:Core/Src/main.c ****   RCC_OscInitStruct.PLL.PLLRGE = RCC_PLL1VCIRANGE_3;
 229              		.loc 1 198 32
 230 0088 0C23     		movs	r3, #12
 231 008a 7B66     		str	r3, [r7, #100]
 199:Core/Src/main.c ****   RCC_OscInitStruct.PLL.PLLVCOSEL = RCC_PLL1VCOWIDE;
 232              		.loc 1 199 35
 233 008c 0023     		movs	r3, #0
 234 008e BB66     		str	r3, [r7, #104]
 200:Core/Src/main.c ****   RCC_OscInitStruct.PLL.PLLFRACN = 0;
 235              		.loc 1 200 34
 236 0090 0023     		movs	r3, #0
 237 0092 FB66     		str	r3, [r7, #108]
 201:Core/Src/main.c ****   if (HAL_RCC_OscConfig(&RCC_OscInitStruct) != HAL_OK)
 238              		.loc 1 201 7
 239 0094 07F12403 		add	r3, r7, #36
 240 0098 1846     		mov	r0, r3
 241 009a FFF7FEFF 		bl	HAL_RCC_OscConfig
 242 009e 0346     		mov	r3, r0
 243              		.loc 1 201 6 discriminator 1
 244 00a0 002B     		cmp	r3, #0
 245 00a2 01D0     		beq	.L7
 202:Core/Src/main.c ****   {
 203:Core/Src/main.c ****     Error_Handler();
 246              		.loc 1 203 5
 247 00a4 FFF7FEFF 		bl	Error_Handler
 248              	.L7:
 204:Core/Src/main.c ****   }
 205:Core/Src/main.c **** 
 206:Core/Src/main.c ****   /** Initializes the CPU, AHB and APB buses clocks
 207:Core/Src/main.c ****    */
 208:Core/Src/main.c ****   RCC_ClkInitStruct.ClockType = RCC_CLOCKTYPE_HCLK | RCC_CLOCKTYPE_SYSCLK | RCC_CLOCKTYPE_PCLK1 | R
 249              		.loc 1 208 31
 250 00a8 3F23     		movs	r3, #63
 251 00aa 7B60     		str	r3, [r7, #4]
 209:Core/Src/main.c ****   RCC_ClkInitStruct.SYSCLKSource = RCC_SYSCLKSOURCE_PLLCLK;
 252              		.loc 1 209 34
ARM GAS  C:\Users\Godwin\AppData\Local\Temp\cc9MgKfd.s 			page 9


 253 00ac 0323     		movs	r3, #3
 254 00ae BB60     		str	r3, [r7, #8]
 210:Core/Src/main.c ****   RCC_ClkInitStruct.SYSCLKDivider = RCC_SYSCLK_DIV1;
 255              		.loc 1 210 35
 256 00b0 0023     		movs	r3, #0
 257 00b2 FB60     		str	r3, [r7, #12]
 211:Core/Src/main.c ****   RCC_ClkInitStruct.AHBCLKDivider = RCC_HCLK_DIV2;
 258              		.loc 1 211 35
 259 00b4 0823     		movs	r3, #8
 260 00b6 3B61     		str	r3, [r7, #16]
 212:Core/Src/main.c ****   RCC_ClkInitStruct.APB3CLKDivider = RCC_APB3_DIV2;
 261              		.loc 1 212 36
 262 00b8 4023     		movs	r3, #64
 263 00ba 7B61     		str	r3, [r7, #20]
 213:Core/Src/main.c ****   RCC_ClkInitStruct.APB1CLKDivider = RCC_APB1_DIV2;
 264              		.loc 1 213 36
 265 00bc 4023     		movs	r3, #64
 266 00be BB61     		str	r3, [r7, #24]
 214:Core/Src/main.c ****   RCC_ClkInitStruct.APB2CLKDivider = RCC_APB2_DIV2;
 267              		.loc 1 214 36
 268 00c0 4FF48063 		mov	r3, #1024
 269 00c4 FB61     		str	r3, [r7, #28]
 215:Core/Src/main.c ****   RCC_ClkInitStruct.APB4CLKDivider = RCC_APB4_DIV2;
 270              		.loc 1 215 36
 271 00c6 4023     		movs	r3, #64
 272 00c8 3B62     		str	r3, [r7, #32]
 216:Core/Src/main.c **** 
 217:Core/Src/main.c ****   if (HAL_RCC_ClockConfig(&RCC_ClkInitStruct, FLASH_LATENCY_3) != HAL_OK)
 273              		.loc 1 217 7
 274 00ca 3B1D     		adds	r3, r7, #4
 275 00cc 0321     		movs	r1, #3
 276 00ce 1846     		mov	r0, r3
 277 00d0 FFF7FEFF 		bl	HAL_RCC_ClockConfig
 278 00d4 0346     		mov	r3, r0
 279              		.loc 1 217 6 discriminator 1
 280 00d6 002B     		cmp	r3, #0
 281 00d8 01D0     		beq	.L8
 218:Core/Src/main.c ****   {
 219:Core/Src/main.c ****     Error_Handler();
 282              		.loc 1 219 5
 283 00da FFF7FEFF 		bl	Error_Handler
 284              	.L8:
 220:Core/Src/main.c ****   }
 221:Core/Src/main.c ****   HAL_RCC_MCOConfig(RCC_MCO1, RCC_MCO1SOURCE_HSI, RCC_MCODIV_1);
 285              		.loc 1 221 3
 286 00de 4FF48022 		mov	r2, #262144
 287 00e2 0021     		movs	r1, #0
 288 00e4 0020     		movs	r0, #0
 289 00e6 FFF7FEFF 		bl	HAL_RCC_MCOConfig
 222:Core/Src/main.c ****   HAL_RCC_MCOConfig(RCC_MCO2, RCC_MCO2SOURCE_SYSCLK, RCC_MCODIV_1);
 290              		.loc 1 222 3
 291 00ea 4FF48022 		mov	r2, #262144
 292 00ee 0021     		movs	r1, #0
 293 00f0 0120     		movs	r0, #1
 294 00f2 FFF7FEFF 		bl	HAL_RCC_MCOConfig
 223:Core/Src/main.c **** }
 295              		.loc 1 223 1
ARM GAS  C:\Users\Godwin\AppData\Local\Temp\cc9MgKfd.s 			page 10


 296 00f6 00BF     		nop
 297 00f8 7037     		adds	r7, r7, #112
 298              	.LCFI5:
 299              		.cfi_def_cfa_offset 8
 300 00fa BD46     		mov	sp, r7
 301              	.LCFI6:
 302              		.cfi_def_cfa_register 13
 303              		@ sp needed
 304 00fc 80BD     		pop	{r7, pc}
 305              	.L10:
 306 00fe 00BF     		.align	2
 307              	.L9:
 308 0100 00480258 		.word	1476544512
 309              		.cfi_endproc
 310              	.LFE153:
 312              		.section	.text.MPU_Config,"ax",%progbits
 313              		.align	1
 314              		.syntax unified
 315              		.thumb
 316              		.thumb_func
 318              	MPU_Config:
 319              	.LFB154:
 224:Core/Src/main.c **** 
 225:Core/Src/main.c **** /* USER CODE BEGIN 4 */
 226:Core/Src/main.c **** 
 227:Core/Src/main.c **** /* USER CODE END 4 */
 228:Core/Src/main.c **** 
 229:Core/Src/main.c **** /* MPU Configuration */
 230:Core/Src/main.c **** 
 231:Core/Src/main.c **** void MPU_Config(void)
 232:Core/Src/main.c **** {
 320              		.loc 1 232 1
 321              		.cfi_startproc
 322              		@ args = 0, pretend = 0, frame = 16
 323              		@ frame_needed = 1, uses_anonymous_args = 0
 324 0000 80B5     		push	{r7, lr}
 325              	.LCFI7:
 326              		.cfi_def_cfa_offset 8
 327              		.cfi_offset 7, -8
 328              		.cfi_offset 14, -4
 329 0002 84B0     		sub	sp, sp, #16
 330              	.LCFI8:
 331              		.cfi_def_cfa_offset 24
 332 0004 00AF     		add	r7, sp, #0
 333              	.LCFI9:
 334              		.cfi_def_cfa_register 7
 233:Core/Src/main.c ****   MPU_Region_InitTypeDef MPU_InitStruct = {0};
 335              		.loc 1 233 26
 336 0006 3B46     		mov	r3, r7
 337 0008 0022     		movs	r2, #0
 338 000a 1A60     		str	r2, [r3]
 339 000c 5A60     		str	r2, [r3, #4]
 340 000e 9A60     		str	r2, [r3, #8]
 341 0010 DA60     		str	r2, [r3, #12]
 234:Core/Src/main.c **** 
 235:Core/Src/main.c ****   /* Disables the MPU */
 236:Core/Src/main.c ****   HAL_MPU_Disable();
ARM GAS  C:\Users\Godwin\AppData\Local\Temp\cc9MgKfd.s 			page 11


 342              		.loc 1 236 3
 343 0012 FFF7FEFF 		bl	HAL_MPU_Disable
 237:Core/Src/main.c **** 
 238:Core/Src/main.c ****   /** Initializes and configures the Region and the memory to be protected
 239:Core/Src/main.c ****    */
 240:Core/Src/main.c ****   MPU_InitStruct.Enable = MPU_REGION_ENABLE;
 344              		.loc 1 240 25
 345 0016 0123     		movs	r3, #1
 346 0018 3B70     		strb	r3, [r7]
 241:Core/Src/main.c ****   MPU_InitStruct.Number = MPU_REGION_NUMBER0;
 347              		.loc 1 241 25
 348 001a 0023     		movs	r3, #0
 349 001c 7B70     		strb	r3, [r7, #1]
 242:Core/Src/main.c ****   MPU_InitStruct.BaseAddress = 0x08000000;
 350              		.loc 1 242 30
 351 001e 4FF00063 		mov	r3, #134217728
 352 0022 7B60     		str	r3, [r7, #4]
 243:Core/Src/main.c ****   MPU_InitStruct.Size = MPU_REGION_SIZE_1MB;
 353              		.loc 1 243 23
 354 0024 1323     		movs	r3, #19
 355 0026 3B72     		strb	r3, [r7, #8]
 244:Core/Src/main.c ****   MPU_InitStruct.SubRegionDisable = 0x0;
 356              		.loc 1 244 35
 357 0028 0023     		movs	r3, #0
 358 002a 7B72     		strb	r3, [r7, #9]
 245:Core/Src/main.c ****   MPU_InitStruct.TypeExtField = MPU_TEX_LEVEL1;
 359              		.loc 1 245 31
 360 002c 0123     		movs	r3, #1
 361 002e BB72     		strb	r3, [r7, #10]
 246:Core/Src/main.c ****   MPU_InitStruct.AccessPermission = MPU_REGION_PRIV_RO;
 362              		.loc 1 246 35
 363 0030 0523     		movs	r3, #5
 364 0032 FB72     		strb	r3, [r7, #11]
 247:Core/Src/main.c ****   MPU_InitStruct.DisableExec = MPU_INSTRUCTION_ACCESS_ENABLE;
 365              		.loc 1 247 30
 366 0034 0023     		movs	r3, #0
 367 0036 3B73     		strb	r3, [r7, #12]
 248:Core/Src/main.c ****   MPU_InitStruct.IsShareable = MPU_ACCESS_NOT_SHAREABLE;
 368              		.loc 1 248 30
 369 0038 0023     		movs	r3, #0
 370 003a 7B73     		strb	r3, [r7, #13]
 249:Core/Src/main.c ****   MPU_InitStruct.IsCacheable = MPU_ACCESS_CACHEABLE;
 371              		.loc 1 249 30
 372 003c 0123     		movs	r3, #1
 373 003e BB73     		strb	r3, [r7, #14]
 250:Core/Src/main.c ****   MPU_InitStruct.IsBufferable = MPU_ACCESS_NOT_BUFFERABLE;
 374              		.loc 1 250 31
 375 0040 0023     		movs	r3, #0
 376 0042 FB73     		strb	r3, [r7, #15]
 251:Core/Src/main.c **** 
 252:Core/Src/main.c ****   HAL_MPU_ConfigRegion(&MPU_InitStruct);
 377              		.loc 1 252 3
 378 0044 3B46     		mov	r3, r7
 379 0046 1846     		mov	r0, r3
 380 0048 FFF7FEFF 		bl	HAL_MPU_ConfigRegion
 253:Core/Src/main.c **** 
 254:Core/Src/main.c ****   /** Initializes and configures the Region and the memory to be protected
ARM GAS  C:\Users\Godwin\AppData\Local\Temp\cc9MgKfd.s 			page 12


 255:Core/Src/main.c ****    */
 256:Core/Src/main.c ****   MPU_InitStruct.Number = MPU_REGION_NUMBER1;
 381              		.loc 1 256 25
 382 004c 0123     		movs	r3, #1
 383 004e 7B70     		strb	r3, [r7, #1]
 257:Core/Src/main.c ****   MPU_InitStruct.BaseAddress = 0x20000000;
 384              		.loc 1 257 30
 385 0050 4FF00053 		mov	r3, #536870912
 386 0054 7B60     		str	r3, [r7, #4]
 258:Core/Src/main.c ****   MPU_InitStruct.Size = MPU_REGION_SIZE_128MB;
 387              		.loc 1 258 23
 388 0056 1A23     		movs	r3, #26
 389 0058 3B72     		strb	r3, [r7, #8]
 259:Core/Src/main.c ****   MPU_InitStruct.SubRegionDisable = 0xEE;
 390              		.loc 1 259 35
 391 005a EE23     		movs	r3, #238
 392 005c 7B72     		strb	r3, [r7, #9]
 260:Core/Src/main.c ****   MPU_InitStruct.AccessPermission = MPU_REGION_FULL_ACCESS;
 393              		.loc 1 260 35
 394 005e 0323     		movs	r3, #3
 395 0060 FB72     		strb	r3, [r7, #11]
 261:Core/Src/main.c ****   MPU_InitStruct.IsCacheable = MPU_ACCESS_NOT_CACHEABLE;
 396              		.loc 1 261 30
 397 0062 0023     		movs	r3, #0
 398 0064 BB73     		strb	r3, [r7, #14]
 262:Core/Src/main.c **** 
 263:Core/Src/main.c ****   HAL_MPU_ConfigRegion(&MPU_InitStruct);
 399              		.loc 1 263 3
 400 0066 3B46     		mov	r3, r7
 401 0068 1846     		mov	r0, r3
 402 006a FFF7FEFF 		bl	HAL_MPU_ConfigRegion
 264:Core/Src/main.c **** 
 265:Core/Src/main.c ****   /** Initializes and configures the Region and the memory to be protected
 266:Core/Src/main.c ****    */
 267:Core/Src/main.c ****   MPU_InitStruct.Number = MPU_REGION_NUMBER2;
 403              		.loc 1 267 25
 404 006e 0223     		movs	r3, #2
 405 0070 7B70     		strb	r3, [r7, #1]
 268:Core/Src/main.c ****   HAL_MPU_ConfigRegion(&MPU_InitStruct);
 406              		.loc 1 268 3
 407 0072 3B46     		mov	r3, r7
 408 0074 1846     		mov	r0, r3
 409 0076 FFF7FEFF 		bl	HAL_MPU_ConfigRegion
 269:Core/Src/main.c **** 
 270:Core/Src/main.c ****   /** Initializes and configures the Region and the memory to be protected
 271:Core/Src/main.c ****    */
 272:Core/Src/main.c ****   MPU_InitStruct.Number = MPU_REGION_NUMBER3;
 410              		.loc 1 272 25
 411 007a 0323     		movs	r3, #3
 412 007c 7B70     		strb	r3, [r7, #1]
 273:Core/Src/main.c ****   HAL_MPU_ConfigRegion(&MPU_InitStruct);
 413              		.loc 1 273 3
 414 007e 3B46     		mov	r3, r7
 415 0080 1846     		mov	r0, r3
 416 0082 FFF7FEFF 		bl	HAL_MPU_ConfigRegion
 274:Core/Src/main.c **** 
 275:Core/Src/main.c ****   /** Initializes and configures the Region and the memory to be protected
ARM GAS  C:\Users\Godwin\AppData\Local\Temp\cc9MgKfd.s 			page 13


 276:Core/Src/main.c ****    */
 277:Core/Src/main.c ****   MPU_InitStruct.Number = MPU_REGION_NUMBER4;
 417              		.loc 1 277 25
 418 0086 0423     		movs	r3, #4
 419 0088 7B70     		strb	r3, [r7, #1]
 278:Core/Src/main.c ****   HAL_MPU_ConfigRegion(&MPU_InitStruct);
 420              		.loc 1 278 3
 421 008a 3B46     		mov	r3, r7
 422 008c 1846     		mov	r0, r3
 423 008e FFF7FEFF 		bl	HAL_MPU_ConfigRegion
 279:Core/Src/main.c ****   /* Enables the MPU */
 280:Core/Src/main.c ****   HAL_MPU_Enable(MPU_PRIVILEGED_DEFAULT);
 424              		.loc 1 280 3
 425 0092 0420     		movs	r0, #4
 426 0094 FFF7FEFF 		bl	HAL_MPU_Enable
 281:Core/Src/main.c **** }
 427              		.loc 1 281 1
 428 0098 00BF     		nop
 429 009a 1037     		adds	r7, r7, #16
 430              	.LCFI10:
 431              		.cfi_def_cfa_offset 8
 432 009c BD46     		mov	sp, r7
 433              	.LCFI11:
 434              		.cfi_def_cfa_register 13
 435              		@ sp needed
 436 009e 80BD     		pop	{r7, pc}
 437              		.cfi_endproc
 438              	.LFE154:
 440              		.section	.text.HAL_TIM_PeriodElapsedCallback,"ax",%progbits
 441              		.align	1
 442              		.global	HAL_TIM_PeriodElapsedCallback
 443              		.syntax unified
 444              		.thumb
 445              		.thumb_func
 447              	HAL_TIM_PeriodElapsedCallback:
 448              	.LFB155:
 282:Core/Src/main.c **** 
 283:Core/Src/main.c **** /**
 284:Core/Src/main.c ****  * @brief  Period elapsed callback in non blocking mode
 285:Core/Src/main.c ****  * @note   This function is called  when TIM23 interrupt took place, inside
 286:Core/Src/main.c ****  * HAL_TIM_IRQHandler(). It makes a direct call to HAL_IncTick() to increment
 287:Core/Src/main.c ****  * a global variable "uwTick" used as application time base.
 288:Core/Src/main.c ****  * @param  htim : TIM handle
 289:Core/Src/main.c ****  * @retval None
 290:Core/Src/main.c ****  */
 291:Core/Src/main.c **** void HAL_TIM_PeriodElapsedCallback(TIM_HandleTypeDef *htim)
 292:Core/Src/main.c **** {
 449              		.loc 1 292 1
 450              		.cfi_startproc
 451              		@ args = 0, pretend = 0, frame = 8
 452              		@ frame_needed = 1, uses_anonymous_args = 0
 453 0000 80B5     		push	{r7, lr}
 454              	.LCFI12:
 455              		.cfi_def_cfa_offset 8
 456              		.cfi_offset 7, -8
 457              		.cfi_offset 14, -4
 458 0002 82B0     		sub	sp, sp, #8
ARM GAS  C:\Users\Godwin\AppData\Local\Temp\cc9MgKfd.s 			page 14


 459              	.LCFI13:
 460              		.cfi_def_cfa_offset 16
 461 0004 00AF     		add	r7, sp, #0
 462              	.LCFI14:
 463              		.cfi_def_cfa_register 7
 464 0006 7860     		str	r0, [r7, #4]
 293:Core/Src/main.c ****   /* USER CODE BEGIN Callback 0 */
 294:Core/Src/main.c **** 
 295:Core/Src/main.c ****   /* USER CODE END Callback 0 */
 296:Core/Src/main.c ****   if (htim->Instance == TIM23)
 465              		.loc 1 296 11
 466 0008 7B68     		ldr	r3, [r7, #4]
 467 000a 1B68     		ldr	r3, [r3]
 468              		.loc 1 296 6
 469 000c 0E4A     		ldr	r2, .L17
 470 000e 9342     		cmp	r3, r2
 471 0010 02D1     		bne	.L13
 297:Core/Src/main.c ****   {
 298:Core/Src/main.c ****     HAL_IncTick();
 472              		.loc 1 298 5
 473 0012 FFF7FEFF 		bl	HAL_IncTick
 299:Core/Src/main.c ****   }
 300:Core/Src/main.c ****   /* USER CODE BEGIN Callback 1 */
 301:Core/Src/main.c ****   else if (htim->Instance == TIM13) // 1000HZ
 302:Core/Src/main.c ****   {
 303:Core/Src/main.c ****     static uint8_t i;
 304:Core/Src/main.c ****     IMU_updata();
 305:Core/Src/main.c ****     if (i >= 5)
 306:Core/Src/main.c ****     { // é™Ťé˘‘ďż?????200hz
 307:Core/Src/main.c **** 
 308:Core/Src/main.c ****       i = 0;
 309:Core/Src/main.c ****     }
 310:Core/Src/main.c ****     i++;
 311:Core/Src/main.c ****   }
 312:Core/Src/main.c ****   /* USER CODE END Callback 1 */
 313:Core/Src/main.c **** }
 474              		.loc 1 313 1
 475 0016 13E0     		b	.L16
 476              	.L13:
 301:Core/Src/main.c ****   {
 477              		.loc 1 301 16
 478 0018 7B68     		ldr	r3, [r7, #4]
 479 001a 1B68     		ldr	r3, [r3]
 301:Core/Src/main.c ****   {
 480              		.loc 1 301 11
 481 001c 0B4A     		ldr	r2, .L17+4
 482 001e 9342     		cmp	r3, r2
 483 0020 0ED1     		bne	.L16
 484              	.LBB5:
 304:Core/Src/main.c ****     if (i >= 5)
 485              		.loc 1 304 5
 486 0022 FFF7FEFF 		bl	IMU_updata
 305:Core/Src/main.c ****     { // é™Ťé˘‘ďż?????200hz
 487              		.loc 1 305 11
 488 0026 0A4B     		ldr	r3, .L17+8
 489 0028 1B78     		ldrb	r3, [r3]	@ zero_extendqisi2
 305:Core/Src/main.c ****     { // é™Ťé˘‘ďż?????200hz
ARM GAS  C:\Users\Godwin\AppData\Local\Temp\cc9MgKfd.s 			page 15


 490              		.loc 1 305 8
 491 002a 042B     		cmp	r3, #4
 492 002c 02D9     		bls	.L15
 308:Core/Src/main.c ****     }
 493              		.loc 1 308 9
 494 002e 084B     		ldr	r3, .L17+8
 495 0030 0022     		movs	r2, #0
 496 0032 1A70     		strb	r2, [r3]
 497              	.L15:
 310:Core/Src/main.c ****   }
 498              		.loc 1 310 6
 499 0034 064B     		ldr	r3, .L17+8
 500 0036 1B78     		ldrb	r3, [r3]	@ zero_extendqisi2
 501 0038 0133     		adds	r3, r3, #1
 502 003a DAB2     		uxtb	r2, r3
 503 003c 044B     		ldr	r3, .L17+8
 504 003e 1A70     		strb	r2, [r3]
 505              	.L16:
 506              	.LBE5:
 507              		.loc 1 313 1
 508 0040 00BF     		nop
 509 0042 0837     		adds	r7, r7, #8
 510              	.LCFI15:
 511              		.cfi_def_cfa_offset 8
 512 0044 BD46     		mov	sp, r7
 513              	.LCFI16:
 514              		.cfi_def_cfa_register 13
 515              		@ sp needed
 516 0046 80BD     		pop	{r7, pc}
 517              	.L18:
 518              		.align	2
 519              	.L17:
 520 0048 00E00040 		.word	1073799168
 521 004c 001C0040 		.word	1073748992
 522 0050 00000000 		.word	i.0
 523              		.cfi_endproc
 524              	.LFE155:
 526              		.section	.text.Error_Handler,"ax",%progbits
 527              		.align	1
 528              		.global	Error_Handler
 529              		.syntax unified
 530              		.thumb
 531              		.thumb_func
 533              	Error_Handler:
 534              	.LFB156:
 314:Core/Src/main.c **** 
 315:Core/Src/main.c **** /**
 316:Core/Src/main.c ****  * @brief  This function is executed in case of error occurrence.
 317:Core/Src/main.c ****  * @retval None
 318:Core/Src/main.c ****  */
 319:Core/Src/main.c **** void Error_Handler(void)
 320:Core/Src/main.c **** {
 535              		.loc 1 320 1
 536              		.cfi_startproc
 537              		@ args = 0, pretend = 0, frame = 0
 538              		@ frame_needed = 1, uses_anonymous_args = 0
 539              		@ link register save eliminated.
ARM GAS  C:\Users\Godwin\AppData\Local\Temp\cc9MgKfd.s 			page 16


 540 0000 80B4     		push	{r7}
 541              	.LCFI17:
 542              		.cfi_def_cfa_offset 4
 543              		.cfi_offset 7, -4
 544 0002 00AF     		add	r7, sp, #0
 545              	.LCFI18:
 546              		.cfi_def_cfa_register 7
 547              	.LBB6:
 548              	.LBB7:
 549              		.file 2 "Drivers/CMSIS/Include/cmsis_gcc.h"
   1:Drivers/CMSIS/Include/cmsis_gcc.h **** /**************************************************************************//**
   2:Drivers/CMSIS/Include/cmsis_gcc.h ****  * @file     cmsis_gcc.h
   3:Drivers/CMSIS/Include/cmsis_gcc.h ****  * @brief    CMSIS compiler GCC header file
   4:Drivers/CMSIS/Include/cmsis_gcc.h ****  * @version  V5.2.0
   5:Drivers/CMSIS/Include/cmsis_gcc.h ****  * @date     08. May 2019
   6:Drivers/CMSIS/Include/cmsis_gcc.h ****  ******************************************************************************/
   7:Drivers/CMSIS/Include/cmsis_gcc.h **** /*
   8:Drivers/CMSIS/Include/cmsis_gcc.h ****  * Copyright (c) 2009-2019 Arm Limited. All rights reserved.
   9:Drivers/CMSIS/Include/cmsis_gcc.h ****  *
  10:Drivers/CMSIS/Include/cmsis_gcc.h ****  * SPDX-License-Identifier: Apache-2.0
  11:Drivers/CMSIS/Include/cmsis_gcc.h ****  *
  12:Drivers/CMSIS/Include/cmsis_gcc.h ****  * Licensed under the Apache License, Version 2.0 (the License); you may
  13:Drivers/CMSIS/Include/cmsis_gcc.h ****  * not use this file except in compliance with the License.
  14:Drivers/CMSIS/Include/cmsis_gcc.h ****  * You may obtain a copy of the License at
  15:Drivers/CMSIS/Include/cmsis_gcc.h ****  *
  16:Drivers/CMSIS/Include/cmsis_gcc.h ****  * www.apache.org/licenses/LICENSE-2.0
  17:Drivers/CMSIS/Include/cmsis_gcc.h ****  *
  18:Drivers/CMSIS/Include/cmsis_gcc.h ****  * Unless required by applicable law or agreed to in writing, software
  19:Drivers/CMSIS/Include/cmsis_gcc.h ****  * distributed under the License is distributed on an AS IS BASIS, WITHOUT
  20:Drivers/CMSIS/Include/cmsis_gcc.h ****  * WARRANTIES OR CONDITIONS OF ANY KIND, either express or implied.
  21:Drivers/CMSIS/Include/cmsis_gcc.h ****  * See the License for the specific language governing permissions and
  22:Drivers/CMSIS/Include/cmsis_gcc.h ****  * limitations under the License.
  23:Drivers/CMSIS/Include/cmsis_gcc.h ****  */
  24:Drivers/CMSIS/Include/cmsis_gcc.h **** 
  25:Drivers/CMSIS/Include/cmsis_gcc.h **** #ifndef __CMSIS_GCC_H
  26:Drivers/CMSIS/Include/cmsis_gcc.h **** #define __CMSIS_GCC_H
  27:Drivers/CMSIS/Include/cmsis_gcc.h **** 
  28:Drivers/CMSIS/Include/cmsis_gcc.h **** /* ignore some GCC warnings */
  29:Drivers/CMSIS/Include/cmsis_gcc.h **** #pragma GCC diagnostic push
  30:Drivers/CMSIS/Include/cmsis_gcc.h **** #pragma GCC diagnostic ignored "-Wsign-conversion"
  31:Drivers/CMSIS/Include/cmsis_gcc.h **** #pragma GCC diagnostic ignored "-Wconversion"
  32:Drivers/CMSIS/Include/cmsis_gcc.h **** #pragma GCC diagnostic ignored "-Wunused-parameter"
  33:Drivers/CMSIS/Include/cmsis_gcc.h **** 
  34:Drivers/CMSIS/Include/cmsis_gcc.h **** /* Fallback for __has_builtin */
  35:Drivers/CMSIS/Include/cmsis_gcc.h **** #ifndef __has_builtin
  36:Drivers/CMSIS/Include/cmsis_gcc.h ****   #define __has_builtin(x) (0)
  37:Drivers/CMSIS/Include/cmsis_gcc.h **** #endif
  38:Drivers/CMSIS/Include/cmsis_gcc.h **** 
  39:Drivers/CMSIS/Include/cmsis_gcc.h **** /* CMSIS compiler specific defines */
  40:Drivers/CMSIS/Include/cmsis_gcc.h **** #ifndef   __ASM
  41:Drivers/CMSIS/Include/cmsis_gcc.h ****   #define __ASM                                  __asm
  42:Drivers/CMSIS/Include/cmsis_gcc.h **** #endif
  43:Drivers/CMSIS/Include/cmsis_gcc.h **** #ifndef   __INLINE
  44:Drivers/CMSIS/Include/cmsis_gcc.h ****   #define __INLINE                               inline
  45:Drivers/CMSIS/Include/cmsis_gcc.h **** #endif
  46:Drivers/CMSIS/Include/cmsis_gcc.h **** #ifndef   __STATIC_INLINE
  47:Drivers/CMSIS/Include/cmsis_gcc.h ****   #define __STATIC_INLINE                        static inline
ARM GAS  C:\Users\Godwin\AppData\Local\Temp\cc9MgKfd.s 			page 17


  48:Drivers/CMSIS/Include/cmsis_gcc.h **** #endif
  49:Drivers/CMSIS/Include/cmsis_gcc.h **** #ifndef   __STATIC_FORCEINLINE                 
  50:Drivers/CMSIS/Include/cmsis_gcc.h ****   #define __STATIC_FORCEINLINE                   __attribute__((always_inline)) static inline
  51:Drivers/CMSIS/Include/cmsis_gcc.h **** #endif                                           
  52:Drivers/CMSIS/Include/cmsis_gcc.h **** #ifndef   __NO_RETURN
  53:Drivers/CMSIS/Include/cmsis_gcc.h ****   #define __NO_RETURN                            __attribute__((__noreturn__))
  54:Drivers/CMSIS/Include/cmsis_gcc.h **** #endif
  55:Drivers/CMSIS/Include/cmsis_gcc.h **** #ifndef   __USED
  56:Drivers/CMSIS/Include/cmsis_gcc.h ****   #define __USED                                 __attribute__((used))
  57:Drivers/CMSIS/Include/cmsis_gcc.h **** #endif
  58:Drivers/CMSIS/Include/cmsis_gcc.h **** #ifndef   __WEAK
  59:Drivers/CMSIS/Include/cmsis_gcc.h ****   #define __WEAK                                 __attribute__((weak))
  60:Drivers/CMSIS/Include/cmsis_gcc.h **** #endif
  61:Drivers/CMSIS/Include/cmsis_gcc.h **** #ifndef   __PACKED
  62:Drivers/CMSIS/Include/cmsis_gcc.h ****   #define __PACKED                               __attribute__((packed, aligned(1)))
  63:Drivers/CMSIS/Include/cmsis_gcc.h **** #endif
  64:Drivers/CMSIS/Include/cmsis_gcc.h **** #ifndef   __PACKED_STRUCT
  65:Drivers/CMSIS/Include/cmsis_gcc.h ****   #define __PACKED_STRUCT                        struct __attribute__((packed, aligned(1)))
  66:Drivers/CMSIS/Include/cmsis_gcc.h **** #endif
  67:Drivers/CMSIS/Include/cmsis_gcc.h **** #ifndef   __PACKED_UNION
  68:Drivers/CMSIS/Include/cmsis_gcc.h ****   #define __PACKED_UNION                         union __attribute__((packed, aligned(1)))
  69:Drivers/CMSIS/Include/cmsis_gcc.h **** #endif
  70:Drivers/CMSIS/Include/cmsis_gcc.h **** #ifndef   __UNALIGNED_UINT32        /* deprecated */
  71:Drivers/CMSIS/Include/cmsis_gcc.h ****   #pragma GCC diagnostic push
  72:Drivers/CMSIS/Include/cmsis_gcc.h ****   #pragma GCC diagnostic ignored "-Wpacked"
  73:Drivers/CMSIS/Include/cmsis_gcc.h ****   #pragma GCC diagnostic ignored "-Wattributes"
  74:Drivers/CMSIS/Include/cmsis_gcc.h ****   struct __attribute__((packed)) T_UINT32 { uint32_t v; };
  75:Drivers/CMSIS/Include/cmsis_gcc.h ****   #pragma GCC diagnostic pop
  76:Drivers/CMSIS/Include/cmsis_gcc.h ****   #define __UNALIGNED_UINT32(x)                  (((struct T_UINT32 *)(x))->v)
  77:Drivers/CMSIS/Include/cmsis_gcc.h **** #endif
  78:Drivers/CMSIS/Include/cmsis_gcc.h **** #ifndef   __UNALIGNED_UINT16_WRITE
  79:Drivers/CMSIS/Include/cmsis_gcc.h ****   #pragma GCC diagnostic push
  80:Drivers/CMSIS/Include/cmsis_gcc.h ****   #pragma GCC diagnostic ignored "-Wpacked"
  81:Drivers/CMSIS/Include/cmsis_gcc.h ****   #pragma GCC diagnostic ignored "-Wattributes"
  82:Drivers/CMSIS/Include/cmsis_gcc.h ****   __PACKED_STRUCT T_UINT16_WRITE { uint16_t v; };
  83:Drivers/CMSIS/Include/cmsis_gcc.h ****   #pragma GCC diagnostic pop
  84:Drivers/CMSIS/Include/cmsis_gcc.h ****   #define __UNALIGNED_UINT16_WRITE(addr, val)    (void)((((struct T_UINT16_WRITE *)(void *)(addr))-
  85:Drivers/CMSIS/Include/cmsis_gcc.h **** #endif
  86:Drivers/CMSIS/Include/cmsis_gcc.h **** #ifndef   __UNALIGNED_UINT16_READ
  87:Drivers/CMSIS/Include/cmsis_gcc.h ****   #pragma GCC diagnostic push
  88:Drivers/CMSIS/Include/cmsis_gcc.h ****   #pragma GCC diagnostic ignored "-Wpacked"
  89:Drivers/CMSIS/Include/cmsis_gcc.h ****   #pragma GCC diagnostic ignored "-Wattributes"
  90:Drivers/CMSIS/Include/cmsis_gcc.h ****   __PACKED_STRUCT T_UINT16_READ { uint16_t v; };
  91:Drivers/CMSIS/Include/cmsis_gcc.h ****   #pragma GCC diagnostic pop
  92:Drivers/CMSIS/Include/cmsis_gcc.h ****   #define __UNALIGNED_UINT16_READ(addr)          (((const struct T_UINT16_READ *)(const void *)(add
  93:Drivers/CMSIS/Include/cmsis_gcc.h **** #endif
  94:Drivers/CMSIS/Include/cmsis_gcc.h **** #ifndef   __UNALIGNED_UINT32_WRITE
  95:Drivers/CMSIS/Include/cmsis_gcc.h ****   #pragma GCC diagnostic push
  96:Drivers/CMSIS/Include/cmsis_gcc.h ****   #pragma GCC diagnostic ignored "-Wpacked"
  97:Drivers/CMSIS/Include/cmsis_gcc.h ****   #pragma GCC diagnostic ignored "-Wattributes"
  98:Drivers/CMSIS/Include/cmsis_gcc.h ****   __PACKED_STRUCT T_UINT32_WRITE { uint32_t v; };
  99:Drivers/CMSIS/Include/cmsis_gcc.h ****   #pragma GCC diagnostic pop
 100:Drivers/CMSIS/Include/cmsis_gcc.h ****   #define __UNALIGNED_UINT32_WRITE(addr, val)    (void)((((struct T_UINT32_WRITE *)(void *)(addr))-
 101:Drivers/CMSIS/Include/cmsis_gcc.h **** #endif
 102:Drivers/CMSIS/Include/cmsis_gcc.h **** #ifndef   __UNALIGNED_UINT32_READ
 103:Drivers/CMSIS/Include/cmsis_gcc.h ****   #pragma GCC diagnostic push
 104:Drivers/CMSIS/Include/cmsis_gcc.h ****   #pragma GCC diagnostic ignored "-Wpacked"
ARM GAS  C:\Users\Godwin\AppData\Local\Temp\cc9MgKfd.s 			page 18


 105:Drivers/CMSIS/Include/cmsis_gcc.h ****   #pragma GCC diagnostic ignored "-Wattributes"
 106:Drivers/CMSIS/Include/cmsis_gcc.h ****   __PACKED_STRUCT T_UINT32_READ { uint32_t v; };
 107:Drivers/CMSIS/Include/cmsis_gcc.h ****   #pragma GCC diagnostic pop
 108:Drivers/CMSIS/Include/cmsis_gcc.h ****   #define __UNALIGNED_UINT32_READ(addr)          (((const struct T_UINT32_READ *)(const void *)(add
 109:Drivers/CMSIS/Include/cmsis_gcc.h **** #endif
 110:Drivers/CMSIS/Include/cmsis_gcc.h **** #ifndef   __ALIGNED
 111:Drivers/CMSIS/Include/cmsis_gcc.h ****   #define __ALIGNED(x)                           __attribute__((aligned(x)))
 112:Drivers/CMSIS/Include/cmsis_gcc.h **** #endif
 113:Drivers/CMSIS/Include/cmsis_gcc.h **** #ifndef   __RESTRICT
 114:Drivers/CMSIS/Include/cmsis_gcc.h ****   #define __RESTRICT                             __restrict
 115:Drivers/CMSIS/Include/cmsis_gcc.h **** #endif
 116:Drivers/CMSIS/Include/cmsis_gcc.h **** #ifndef   __COMPILER_BARRIER
 117:Drivers/CMSIS/Include/cmsis_gcc.h ****   #define __COMPILER_BARRIER()                   __ASM volatile("":::"memory")
 118:Drivers/CMSIS/Include/cmsis_gcc.h **** #endif
 119:Drivers/CMSIS/Include/cmsis_gcc.h **** 
 120:Drivers/CMSIS/Include/cmsis_gcc.h **** /* #########################  Startup and Lowlevel Init  ######################## */
 121:Drivers/CMSIS/Include/cmsis_gcc.h **** 
 122:Drivers/CMSIS/Include/cmsis_gcc.h **** #ifndef __PROGRAM_START
 123:Drivers/CMSIS/Include/cmsis_gcc.h **** 
 124:Drivers/CMSIS/Include/cmsis_gcc.h **** /**
 125:Drivers/CMSIS/Include/cmsis_gcc.h ****   \brief   Initializes data and bss sections
 126:Drivers/CMSIS/Include/cmsis_gcc.h ****   \details This default implementations initialized all data and additional bss
 127:Drivers/CMSIS/Include/cmsis_gcc.h ****            sections relying on .copy.table and .zero.table specified properly
 128:Drivers/CMSIS/Include/cmsis_gcc.h ****            in the used linker script.
 129:Drivers/CMSIS/Include/cmsis_gcc.h ****   
 130:Drivers/CMSIS/Include/cmsis_gcc.h ****  */
 131:Drivers/CMSIS/Include/cmsis_gcc.h **** __STATIC_FORCEINLINE __NO_RETURN void __cmsis_start(void)
 132:Drivers/CMSIS/Include/cmsis_gcc.h **** {
 133:Drivers/CMSIS/Include/cmsis_gcc.h ****   extern void _start(void) __NO_RETURN;
 134:Drivers/CMSIS/Include/cmsis_gcc.h ****   
 135:Drivers/CMSIS/Include/cmsis_gcc.h ****   typedef struct {
 136:Drivers/CMSIS/Include/cmsis_gcc.h ****     uint32_t const* src;
 137:Drivers/CMSIS/Include/cmsis_gcc.h ****     uint32_t* dest;
 138:Drivers/CMSIS/Include/cmsis_gcc.h ****     uint32_t  wlen;
 139:Drivers/CMSIS/Include/cmsis_gcc.h ****   } __copy_table_t;
 140:Drivers/CMSIS/Include/cmsis_gcc.h ****   
 141:Drivers/CMSIS/Include/cmsis_gcc.h ****   typedef struct {
 142:Drivers/CMSIS/Include/cmsis_gcc.h ****     uint32_t* dest;
 143:Drivers/CMSIS/Include/cmsis_gcc.h ****     uint32_t  wlen;
 144:Drivers/CMSIS/Include/cmsis_gcc.h ****   } __zero_table_t;
 145:Drivers/CMSIS/Include/cmsis_gcc.h ****   
 146:Drivers/CMSIS/Include/cmsis_gcc.h ****   extern const __copy_table_t __copy_table_start__;
 147:Drivers/CMSIS/Include/cmsis_gcc.h ****   extern const __copy_table_t __copy_table_end__;
 148:Drivers/CMSIS/Include/cmsis_gcc.h ****   extern const __zero_table_t __zero_table_start__;
 149:Drivers/CMSIS/Include/cmsis_gcc.h ****   extern const __zero_table_t __zero_table_end__;
 150:Drivers/CMSIS/Include/cmsis_gcc.h **** 
 151:Drivers/CMSIS/Include/cmsis_gcc.h ****   for (__copy_table_t const* pTable = &__copy_table_start__; pTable < &__copy_table_end__; ++pTable
 152:Drivers/CMSIS/Include/cmsis_gcc.h ****     for(uint32_t i=0u; i<pTable->wlen; ++i) {
 153:Drivers/CMSIS/Include/cmsis_gcc.h ****       pTable->dest[i] = pTable->src[i];
 154:Drivers/CMSIS/Include/cmsis_gcc.h ****     }
 155:Drivers/CMSIS/Include/cmsis_gcc.h ****   }
 156:Drivers/CMSIS/Include/cmsis_gcc.h ****  
 157:Drivers/CMSIS/Include/cmsis_gcc.h ****   for (__zero_table_t const* pTable = &__zero_table_start__; pTable < &__zero_table_end__; ++pTable
 158:Drivers/CMSIS/Include/cmsis_gcc.h ****     for(uint32_t i=0u; i<pTable->wlen; ++i) {
 159:Drivers/CMSIS/Include/cmsis_gcc.h ****       pTable->dest[i] = 0u;
 160:Drivers/CMSIS/Include/cmsis_gcc.h ****     }
 161:Drivers/CMSIS/Include/cmsis_gcc.h ****   }
ARM GAS  C:\Users\Godwin\AppData\Local\Temp\cc9MgKfd.s 			page 19


 162:Drivers/CMSIS/Include/cmsis_gcc.h ****  
 163:Drivers/CMSIS/Include/cmsis_gcc.h ****   _start();
 164:Drivers/CMSIS/Include/cmsis_gcc.h **** }
 165:Drivers/CMSIS/Include/cmsis_gcc.h ****   
 166:Drivers/CMSIS/Include/cmsis_gcc.h **** #define __PROGRAM_START           __cmsis_start
 167:Drivers/CMSIS/Include/cmsis_gcc.h **** #endif
 168:Drivers/CMSIS/Include/cmsis_gcc.h **** 
 169:Drivers/CMSIS/Include/cmsis_gcc.h **** #ifndef __INITIAL_SP
 170:Drivers/CMSIS/Include/cmsis_gcc.h **** #define __INITIAL_SP              __StackTop
 171:Drivers/CMSIS/Include/cmsis_gcc.h **** #endif
 172:Drivers/CMSIS/Include/cmsis_gcc.h **** 
 173:Drivers/CMSIS/Include/cmsis_gcc.h **** #ifndef __STACK_LIMIT
 174:Drivers/CMSIS/Include/cmsis_gcc.h **** #define __STACK_LIMIT             __StackLimit
 175:Drivers/CMSIS/Include/cmsis_gcc.h **** #endif
 176:Drivers/CMSIS/Include/cmsis_gcc.h **** 
 177:Drivers/CMSIS/Include/cmsis_gcc.h **** #ifndef __VECTOR_TABLE
 178:Drivers/CMSIS/Include/cmsis_gcc.h **** #define __VECTOR_TABLE            __Vectors
 179:Drivers/CMSIS/Include/cmsis_gcc.h **** #endif
 180:Drivers/CMSIS/Include/cmsis_gcc.h **** 
 181:Drivers/CMSIS/Include/cmsis_gcc.h **** #ifndef __VECTOR_TABLE_ATTRIBUTE
 182:Drivers/CMSIS/Include/cmsis_gcc.h **** #define __VECTOR_TABLE_ATTRIBUTE  __attribute((used, section(".vectors")))
 183:Drivers/CMSIS/Include/cmsis_gcc.h **** #endif
 184:Drivers/CMSIS/Include/cmsis_gcc.h **** 
 185:Drivers/CMSIS/Include/cmsis_gcc.h **** /* ###########################  Core Function Access  ########################### */
 186:Drivers/CMSIS/Include/cmsis_gcc.h **** /** \ingroup  CMSIS_Core_FunctionInterface
 187:Drivers/CMSIS/Include/cmsis_gcc.h ****     \defgroup CMSIS_Core_RegAccFunctions CMSIS Core Register Access Functions
 188:Drivers/CMSIS/Include/cmsis_gcc.h ****   @{
 189:Drivers/CMSIS/Include/cmsis_gcc.h ****  */
 190:Drivers/CMSIS/Include/cmsis_gcc.h **** 
 191:Drivers/CMSIS/Include/cmsis_gcc.h **** /**
 192:Drivers/CMSIS/Include/cmsis_gcc.h ****   \brief   Enable IRQ Interrupts
 193:Drivers/CMSIS/Include/cmsis_gcc.h ****   \details Enables IRQ interrupts by clearing the I-bit in the CPSR.
 194:Drivers/CMSIS/Include/cmsis_gcc.h ****            Can only be executed in Privileged modes.
 195:Drivers/CMSIS/Include/cmsis_gcc.h ****  */
 196:Drivers/CMSIS/Include/cmsis_gcc.h **** __STATIC_FORCEINLINE void __enable_irq(void)
 197:Drivers/CMSIS/Include/cmsis_gcc.h **** {
 198:Drivers/CMSIS/Include/cmsis_gcc.h ****   __ASM volatile ("cpsie i" : : : "memory");
 199:Drivers/CMSIS/Include/cmsis_gcc.h **** }
 200:Drivers/CMSIS/Include/cmsis_gcc.h **** 
 201:Drivers/CMSIS/Include/cmsis_gcc.h **** 
 202:Drivers/CMSIS/Include/cmsis_gcc.h **** /**
 203:Drivers/CMSIS/Include/cmsis_gcc.h ****   \brief   Disable IRQ Interrupts
 204:Drivers/CMSIS/Include/cmsis_gcc.h ****   \details Disables IRQ interrupts by setting the I-bit in the CPSR.
 205:Drivers/CMSIS/Include/cmsis_gcc.h ****            Can only be executed in Privileged modes.
 206:Drivers/CMSIS/Include/cmsis_gcc.h ****  */
 207:Drivers/CMSIS/Include/cmsis_gcc.h **** __STATIC_FORCEINLINE void __disable_irq(void)
 208:Drivers/CMSIS/Include/cmsis_gcc.h **** {
 209:Drivers/CMSIS/Include/cmsis_gcc.h ****   __ASM volatile ("cpsid i" : : : "memory");
 550              		.loc 2 209 3
 551              		.syntax unified
 552              	@ 209 "Drivers/CMSIS/Include/cmsis_gcc.h" 1
 553 0004 72B6     		cpsid i
 554              	@ 0 "" 2
 210:Drivers/CMSIS/Include/cmsis_gcc.h **** }
 555              		.loc 2 210 1
 556              		.thumb
 557              		.syntax unified
ARM GAS  C:\Users\Godwin\AppData\Local\Temp\cc9MgKfd.s 			page 20


 558 0006 00BF     		nop
 559              	.L20:
 560              	.LBE7:
 561              	.LBE6:
 321:Core/Src/main.c ****   /* USER CODE BEGIN Error_Handler_Debug */
 322:Core/Src/main.c ****   /* User can add his own implementation to report the HAL error return state */
 323:Core/Src/main.c ****   __disable_irq();
 324:Core/Src/main.c ****   while (1)
 562              		.loc 1 324 9
 563 0008 00BF     		nop
 564 000a FDE7     		b	.L20
 565              		.cfi_endproc
 566              	.LFE156:
 568              		.section	.bss.i.0,"aw",%nobits
 571              	i.0:
 572 0000 00       		.space	1
 573              		.text
 574              	.Letext0:
 575              		.file 3 "C:/Users/Godwin/13.2 Rel1/arm-none-eabi/include/machine/_default_types.h"
 576              		.file 4 "C:/Users/Godwin/13.2 Rel1/arm-none-eabi/include/sys/_stdint.h"
 577              		.file 5 "Drivers/CMSIS/Device/ST/STM32H7xx/Include/stm32h723xx.h"
 578              		.file 6 "Drivers/STM32H7xx_HAL_Driver/Inc/stm32h7xx_hal_def.h"
 579              		.file 7 "Drivers/STM32H7xx_HAL_Driver/Inc/stm32h7xx_hal_rcc.h"
 580              		.file 8 "Drivers/STM32H7xx_HAL_Driver/Inc/stm32h7xx_hal_dma.h"
 581              		.file 9 "Drivers/STM32H7xx_HAL_Driver/Inc/stm32h7xx_hal_cortex.h"
 582              		.file 10 "Drivers/STM32H7xx_HAL_Driver/Inc/stm32h7xx_hal_iwdg.h"
 583              		.file 11 "Drivers/STM32H7xx_HAL_Driver/Inc/stm32h7xx_hal_tim.h"
 584              		.file 12 "Middlewares/Third_Party/FreeRTOS/Source/CMSIS_RTOS_V2/cmsis_os2.h"
 585              		.file 13 "Core/Inc/iwdg.h"
 586              		.file 14 "User/Hardware/IMU_updata.h"
 587              		.file 15 "Drivers/STM32H7xx_HAL_Driver/Inc/stm32h7xx_hal.h"
 588              		.file 16 "Drivers/STM32H7xx_HAL_Driver/Inc/stm32h7xx_hal_pwr_ex.h"
 589              		.file 17 "User/Hardware/head.h"
 590              		.file 18 "User/BSP/CAN_receive_send.h"
 591              		.file 19 "User/BSP/UART_data_txrx.h"
 592              		.file 20 "Core/Inc/tim.h"
 593              		.file 21 "Core/Inc/usart.h"
 594              		.file 22 "Core/Inc/fdcan.h"
 595              		.file 23 "Core/Inc/spi.h"
 596              		.file 24 "Core/Inc/dma.h"
 597              		.file 25 "Core/Inc/gpio.h"
 598              		.file 26 "User/Software/music.h"
ARM GAS  C:\Users\Godwin\AppData\Local\Temp\cc9MgKfd.s 			page 21


DEFINED SYMBOLS
                            *ABS*:00000000 main.c
C:\Users\Godwin\AppData\Local\Temp\cc9MgKfd.s:23     .bss.ITsta:00000000 ITsta
C:\Users\Godwin\AppData\Local\Temp\cc9MgKfd.s:24     .bss.ITsta:00000000 $d
C:\Users\Godwin\AppData\Local\Temp\cc9MgKfd.s:26     .text.main:00000000 $t
C:\Users\Godwin\AppData\Local\Temp\cc9MgKfd.s:32     .text.main:00000000 main
C:\Users\Godwin\AppData\Local\Temp\cc9MgKfd.s:318    .text.MPU_Config:00000000 MPU_Config
C:\Users\Godwin\AppData\Local\Temp\cc9MgKfd.s:133    .text.SystemClock_Config:00000000 SystemClock_Config
C:\Users\Godwin\AppData\Local\Temp\cc9MgKfd.s:122    .text.main:00000094 $d
C:\Users\Godwin\AppData\Local\Temp\cc9MgKfd.s:127    .text.SystemClock_Config:00000000 $t
C:\Users\Godwin\AppData\Local\Temp\cc9MgKfd.s:533    .text.Error_Handler:00000000 Error_Handler
C:\Users\Godwin\AppData\Local\Temp\cc9MgKfd.s:308    .text.SystemClock_Config:00000100 $d
C:\Users\Godwin\AppData\Local\Temp\cc9MgKfd.s:313    .text.MPU_Config:00000000 $t
C:\Users\Godwin\AppData\Local\Temp\cc9MgKfd.s:441    .text.HAL_TIM_PeriodElapsedCallback:00000000 $t
C:\Users\Godwin\AppData\Local\Temp\cc9MgKfd.s:447    .text.HAL_TIM_PeriodElapsedCallback:00000000 HAL_TIM_PeriodElapsedCallback
C:\Users\Godwin\AppData\Local\Temp\cc9MgKfd.s:520    .text.HAL_TIM_PeriodElapsedCallback:00000048 $d
C:\Users\Godwin\AppData\Local\Temp\cc9MgKfd.s:571    .bss.i.0:00000000 i.0
C:\Users\Godwin\AppData\Local\Temp\cc9MgKfd.s:527    .text.Error_Handler:00000000 $t
C:\Users\Godwin\AppData\Local\Temp\cc9MgKfd.s:572    .bss.i.0:00000000 $d

UNDEFINED SYMBOLS
HAL_Init
MX_GPIO_Init
MX_DMA_Init
MX_UART5_Init
MX_UART7_Init
MX_FDCAN1_Init
MX_FDCAN2_Init
MX_SPI2_Init
MX_TIM3_Init
MX_TIM13_Init
MX_TIM14_Init
MX_SPI6_Init
MX_USART10_UART_Init
MX_FDCAN3_Init
MX_IWDG1_Init
MX_USART3_UART_Init
MX_USART1_UART_Init
MX_TIM12_Init
MX_TIM1_Init
uart_init
can_init
IMU_init
Music_init
Arm_Init
Head_Init
HAL_IWDG_Refresh
remote_control_init
Pump_Init
Lift_Init
osKernelInitialize
MX_FREERTOS_Init
osKernelStart
hiwdg1
memset
HAL_PWREx_ConfigSupply
HAL_RCC_OscConfig
ARM GAS  C:\Users\Godwin\AppData\Local\Temp\cc9MgKfd.s 			page 22


HAL_RCC_ClockConfig
HAL_RCC_MCOConfig
HAL_MPU_Disable
HAL_MPU_ConfigRegion
HAL_MPU_Enable
HAL_IncTick
IMU_updata
