ARM GAS  C:\Users\Administrator\AppData\Local\Temp\cc84xeuB.s 			page 1


   1              		.cpu cortex-m7
   2              		.arch armv7e-m
   3              		.fpu fpv5-d16
   4              		.eabi_attribute 28, 1
   5              		.eabi_attribute 20, 1
   6              		.eabi_attribute 21, 1
   7              		.eabi_attribute 23, 3
   8              		.eabi_attribute 24, 1
   9              		.eabi_attribute 25, 1
  10              		.eabi_attribute 26, 1
  11              		.eabi_attribute 30, 6
  12              		.eabi_attribute 34, 1
  13              		.eabi_attribute 18, 4
  14              		.file	"pump_control.c"
  15              		.text
  16              	.Ltext0:
  17              		.cfi_sections	.debug_frame
  18              		.file 1 "User/Hardware/pump_control.c"
  19              		.global	pump_state
  20              		.section	.bss.pump_state,"aw",%nobits
  23              	pump_state:
  24 0000 00       		.space	1
  25              		.section	.text.Pump_Init,"ax",%progbits
  26              		.align	1
  27              		.global	Pump_Init
  28              		.syntax unified
  29              		.thumb
  30              		.thumb_func
  32              	Pump_Init:
  33              	.LFB144:
   1:User/Hardware/pump_control.c **** #include "pump_control.h"
   2:User/Hardware/pump_control.c **** #include "gpio.h"
   3:User/Hardware/pump_control.c **** #include "stm32h7xx_hal.h"
   4:User/Hardware/pump_control.c **** // 定义全局变量
   5:User/Hardware/pump_control.c **** PUMP_State pump_state = PUMP_OFF; // 初始为关闭
   6:User/Hardware/pump_control.c **** 
   7:User/Hardware/pump_control.c **** /**
   8:User/Hardware/pump_control.c ****  * @brief  初始化气泵控制
   9:User/Hardware/pump_control.c ****  * @note   确保气泵关闭，引脚初始化通常在硬件初始化中完成
  10:User/Hardware/pump_control.c ****  * @param  无
  11:User/Hardware/pump_control.c ****  * @retval 无
  12:User/Hardware/pump_control.c ****  */
  13:User/Hardware/pump_control.c **** void Pump_Init(void)
  14:User/Hardware/pump_control.c **** {
  34              		.loc 1 14 1
  35              		.cfi_startproc
  36              		@ args = 0, pretend = 0, frame = 0
  37              		@ frame_needed = 1, uses_anonymous_args = 0
  38 0000 80B5     		push	{r7, lr}
  39              	.LCFI0:
  40              		.cfi_def_cfa_offset 8
  41              		.cfi_offset 7, -8
  42              		.cfi_offset 14, -4
  43 0002 00AF     		add	r7, sp, #0
  44              	.LCFI1:
  45              		.cfi_def_cfa_register 7
  15:User/Hardware/pump_control.c ****     HAL_GPIO_WritePin(GPIOD, GPIO_PIN_14, GPIO_PIN_RESET); // PD14//气泵1
ARM GAS  C:\Users\Administrator\AppData\Local\Temp\cc84xeuB.s 			page 2


  46              		.loc 1 15 5
  47 0004 0022     		movs	r2, #0
  48 0006 4FF48041 		mov	r1, #16384
  49 000a 1B48     		ldr	r0, .L2
  50 000c FFF7FEFF 		bl	HAL_GPIO_WritePin
  16:User/Hardware/pump_control.c **** 
  17:User/Hardware/pump_control.c ****     HAL_GPIO_WritePin(GPIOD, GPIO_PIN_15, GPIO_PIN_RESET); // PD15//电磁阀2
  51              		.loc 1 17 5
  52 0010 0022     		movs	r2, #0
  53 0012 4FF40041 		mov	r1, #32768
  54 0016 1848     		ldr	r0, .L2
  55 0018 FFF7FEFF 		bl	HAL_GPIO_WritePin
  18:User/Hardware/pump_control.c **** 
  19:User/Hardware/pump_control.c ****     HAL_GPIO_WritePin(GPIOB, GPIO_PIN_8, GPIO_PIN_RESET); // PB8
  56              		.loc 1 19 5
  57 001c 0022     		movs	r2, #0
  58 001e 4FF48071 		mov	r1, #256
  59 0022 1648     		ldr	r0, .L2+4
  60 0024 FFF7FEFF 		bl	HAL_GPIO_WritePin
  20:User/Hardware/pump_control.c **** 
  21:User/Hardware/pump_control.c ****     HAL_GPIO_WritePin(GPIOB, GPIO_PIN_9, GPIO_PIN_RESET); // PB9
  61              		.loc 1 21 5
  62 0028 0022     		movs	r2, #0
  63 002a 4FF40071 		mov	r1, #512
  64 002e 1348     		ldr	r0, .L2+4
  65 0030 FFF7FEFF 		bl	HAL_GPIO_WritePin
  22:User/Hardware/pump_control.c **** 
  23:User/Hardware/pump_control.c ****     HAL_GPIO_WritePin(GPIOE, GPIO_PIN_14, GPIO_PIN_RESET); // PE14
  66              		.loc 1 23 5
  67 0034 0022     		movs	r2, #0
  68 0036 4FF48041 		mov	r1, #16384
  69 003a 1148     		ldr	r0, .L2+8
  70 003c FFF7FEFF 		bl	HAL_GPIO_WritePin
  24:User/Hardware/pump_control.c **** 
  25:User/Hardware/pump_control.c ****     HAL_GPIO_WritePin(GPIOE, GPIO_PIN_0, GPIO_PIN_RESET); // PE0，左储矿
  71              		.loc 1 25 5
  72 0040 0022     		movs	r2, #0
  73 0042 0121     		movs	r1, #1
  74 0044 0E48     		ldr	r0, .L2+8
  75 0046 FFF7FEFF 		bl	HAL_GPIO_WritePin
  26:User/Hardware/pump_control.c **** 
  27:User/Hardware/pump_control.c ****     HAL_GPIO_WritePin(GPIOE, GPIO_PIN_1, GPIO_PIN_RESET); // PE1
  76              		.loc 1 27 5
  77 004a 0022     		movs	r2, #0
  78 004c 0221     		movs	r1, #2
  79 004e 0C48     		ldr	r0, .L2+8
  80 0050 FFF7FEFF 		bl	HAL_GPIO_WritePin
  28:User/Hardware/pump_control.c **** 
  29:User/Hardware/pump_control.c ****     HAL_GPIO_WritePin(GPIOC, GPIO_PIN_10, GPIO_PIN_RESET); // PC10 气泵
  81              		.loc 1 29 5
  82 0054 0022     		movs	r2, #0
  83 0056 4FF48061 		mov	r1, #1024
  84 005a 0A48     		ldr	r0, .L2+12
  85 005c FFF7FEFF 		bl	HAL_GPIO_WritePin
  30:User/Hardware/pump_control.c **** 
  31:User/Hardware/pump_control.c ****     HAL_GPIO_WritePin(GPIOC, GPIO_PIN_11, GPIO_PIN_RESET); // PC11，右储矿
  86              		.loc 1 31 5
ARM GAS  C:\Users\Administrator\AppData\Local\Temp\cc84xeuB.s 			page 3


  87 0060 0022     		movs	r2, #0
  88 0062 4FF40061 		mov	r1, #2048
  89 0066 0748     		ldr	r0, .L2+12
  90 0068 FFF7FEFF 		bl	HAL_GPIO_WritePin
  32:User/Hardware/pump_control.c ****                                                            // 关闭气泵
  33:User/Hardware/pump_control.c ****     pump_state = PUMP_OFF;
  91              		.loc 1 33 16
  92 006c 064B     		ldr	r3, .L2+16
  93 006e 0022     		movs	r2, #0
  94 0070 1A70     		strb	r2, [r3]
  34:User/Hardware/pump_control.c **** }
  95              		.loc 1 34 1
  96 0072 00BF     		nop
  97 0074 80BD     		pop	{r7, pc}
  98              	.L3:
  99 0076 00BF     		.align	2
 100              	.L2:
 101 0078 000C0258 		.word	1476529152
 102 007c 00040258 		.word	1476527104
 103 0080 00100258 		.word	1476530176
 104 0084 00080258 		.word	1476528128
 105 0088 00000000 		.word	pump_state
 106              		.cfi_endproc
 107              	.LFE144:
 109              		.section	.text.Pump_Update,"ax",%progbits
 110              		.align	1
 111              		.global	Pump_Update
 112              		.syntax unified
 113              		.thumb
 114              		.thumb_func
 116              	Pump_Update:
 117              	.LFB145:
  35:User/Hardware/pump_control.c **** 
  36:User/Hardware/pump_control.c **** /**
  37:User/Hardware/pump_control.c ****  * @brief  开启气泵
  38:User/Hardware/pump_control.c ****  * @note   直接设置状态并立即控制继电器
  39:User/Hardware/pump_control.c ****  * @param  无
  40:User/Hardware/pump_control.c ****  * @retval 无
  41:User/Hardware/pump_control.c ****  */
  42:User/Hardware/pump_control.c **** 
  43:User/Hardware/pump_control.c **** /**
  44:User/Hardware/pump_control.c ****  * @brief  根据当前状态更新继电器
  45:User/Hardware/pump_control.c ****  * @note   此函数需周期性调用（例如每10ms），以实现状态与硬件的同步。
  46:User/Hardware/pump_control.c ****  *        若使用了 Pump_On/Off 直接操作，则此函数可省略；但为统一管理，建议保留。
  47:User/Hardware/pump_control.c ****  * @param  无
  48:User/Hardware/pump_control.c ****  * @retval 无
  49:User/Hardware/pump_control.c ****  */
  50:User/Hardware/pump_control.c **** void Pump_Update(void)
  51:User/Hardware/pump_control.c **** {
 118              		.loc 1 51 1
 119              		.cfi_startproc
 120              		@ args = 0, pretend = 0, frame = 0
 121              		@ frame_needed = 1, uses_anonymous_args = 0
 122 0000 80B5     		push	{r7, lr}
 123              	.LCFI2:
 124              		.cfi_def_cfa_offset 8
 125              		.cfi_offset 7, -8
ARM GAS  C:\Users\Administrator\AppData\Local\Temp\cc84xeuB.s 			page 4


 126              		.cfi_offset 14, -4
 127 0002 00AF     		add	r7, sp, #0
 128              	.LCFI3:
 129              		.cfi_def_cfa_register 7
  52:User/Hardware/pump_control.c ****     switch (pump_state)
 130              		.loc 1 52 5
 131 0004 0F4B     		ldr	r3, .L7
 132 0006 1B78     		ldrb	r3, [r3]	@ zero_extendqisi2
 133 0008 012B     		cmp	r3, #1
 134 000a 0CD1     		bne	.L5
  53:User/Hardware/pump_control.c ****     {
  54:User/Hardware/pump_control.c ****     case PUMP_ON:
  55:User/Hardware/pump_control.c ****         HAL_GPIO_WritePin(PUMP_RELAY_PORT, PUMP_RELAY_PIN, RELAY_OFF);
 135              		.loc 1 55 9
 136 000c 0122     		movs	r2, #1
 137 000e 4FF40051 		mov	r1, #8192
 138 0012 0D48     		ldr	r0, .L7+4
 139 0014 FFF7FEFF 		bl	HAL_GPIO_WritePin
  56:User/Hardware/pump_control.c ****         HAL_GPIO_WritePin(SOLENOID_VALVE_PORT, SOLENOID_VALVE_PIN, RELAY_OFF);
 140              		.loc 1 56 9
 141 0018 0122     		movs	r2, #1
 142 001a 4FF40071 		mov	r1, #512
 143 001e 0A48     		ldr	r0, .L7+4
 144 0020 FFF7FEFF 		bl	HAL_GPIO_WritePin
  57:User/Hardware/pump_control.c ****         break;
 145              		.loc 1 57 9
 146 0024 0CE0     		b	.L6
 147              	.L5:
  58:User/Hardware/pump_control.c ****     case PUMP_OFF:
  59:User/Hardware/pump_control.c ****     default:
  60:User/Hardware/pump_control.c ****         HAL_GPIO_WritePin(PUMP_RELAY_PORT, PUMP_RELAY_PIN, RELAY_ON);
 148              		.loc 1 60 9
 149 0026 0022     		movs	r2, #0
 150 0028 4FF40051 		mov	r1, #8192
 151 002c 0648     		ldr	r0, .L7+4
 152 002e FFF7FEFF 		bl	HAL_GPIO_WritePin
  61:User/Hardware/pump_control.c ****         HAL_GPIO_WritePin(SOLENOID_VALVE_PORT, SOLENOID_VALVE_PIN, RELAY_ON);
 153              		.loc 1 61 9
 154 0032 0022     		movs	r2, #0
 155 0034 4FF40071 		mov	r1, #512
 156 0038 0348     		ldr	r0, .L7+4
 157 003a FFF7FEFF 		bl	HAL_GPIO_WritePin
  62:User/Hardware/pump_control.c **** 
  63:User/Hardware/pump_control.c ****         break;
 158              		.loc 1 63 9
 159 003e 00BF     		nop
 160              	.L6:
  64:User/Hardware/pump_control.c ****     }
  65:User/Hardware/pump_control.c **** }...
 161              		.loc 1 65 1
 162 0040 00BF     		nop
 163 0042 80BD     		pop	{r7, pc}
 164              	.L8:
 165              		.align	2
 166              	.L7:
 167 0044 00000000 		.word	pump_state
 168 0048 00100258 		.word	1476530176
ARM GAS  C:\Users\Administrator\AppData\Local\Temp\cc84xeuB.s 			page 5


 169              		.cfi_endproc
 170              	.LFE145:
 172              		.text
 173              	.Letext0:
 174              		.file 2 "User/Hardware/pump_control.h"
 175              		.file 3 "C:/arm-toolchain/arm-gnu-toolchain-13.3.rel1-mingw-w64-i686-arm-none-eabi/arm-none-eabi/i
 176              		.file 4 "C:/arm-toolchain/arm-gnu-toolchain-13.3.rel1-mingw-w64-i686-arm-none-eabi/arm-none-eabi/i
 177              		.file 5 "Drivers/CMSIS/Device/ST/STM32H7xx/Include/stm32h723xx.h"
 178              		.file 6 "Drivers/STM32H7xx_HAL_Driver/Inc/stm32h7xx_hal_gpio.h"
ARM GAS  C:\Users\Administrator\AppData\Local\Temp\cc84xeuB.s 			page 6


DEFINED SYMBOLS
                            *ABS*:00000000 pump_control.c
C:\Users\Administrator\AppData\Local\Temp\cc84xeuB.s:23     .bss.pump_state:00000000 pump_state
C:\Users\Administrator\AppData\Local\Temp\cc84xeuB.s:24     .bss.pump_state:00000000 $d
C:\Users\Administrator\AppData\Local\Temp\cc84xeuB.s:26     .text.Pump_Init:00000000 $t
C:\Users\Administrator\AppData\Local\Temp\cc84xeuB.s:32     .text.Pump_Init:00000000 Pump_Init
C:\Users\Administrator\AppData\Local\Temp\cc84xeuB.s:101    .text.Pump_Init:00000078 $d
C:\Users\Administrator\AppData\Local\Temp\cc84xeuB.s:110    .text.Pump_Update:00000000 $t
C:\Users\Administrator\AppData\Local\Temp\cc84xeuB.s:116    .text.Pump_Update:00000000 Pump_Update
C:\Users\Administrator\AppData\Local\Temp\cc84xeuB.s:167    .text.Pump_Update:00000044 $d

UNDEFINED SYMBOLS
HAL_GPIO_WritePin
