ARM GAS  C:\Users\Administrator\AppData\Local\Temp\ccBLkXjB.s 			page 1


   1              		.cpu cortex-m7
   2              		.arch armv7e-m
   3              		.fpu fpv5-d16
   4              		.eabi_attribute 28, 1
   5              		.eabi_attribute 20, 1
   6              		.eabi_attribute 21, 1
   7              		.eabi_attribute 23, 3
   8              		.eabi_attribute 24, 1
   9              		.eabi_attribute 25, 1
  10              		.eabi_attribute 26, 1
  11              		.eabi_attribute 30, 6
  12              		.eabi_attribute 34, 1
  13              		.eabi_attribute 18, 4
  14              		.file	"stp23l.c"
  15              		.text
  16              	.Ltext0:
  17              		.cfi_sections	.debug_frame
  18              		.file 1 "User/Drive/stp23l.c"
  19              		.global	stp23l_data
  20              		.section	.bss.stp23l_data,"aw",%nobits
  21              		.align	2
  24              	stp23l_data:
  25 0000 00000000 		.space	256
  25      00000000 
  25      00000000 
  25      00000000 
  25      00000000 
  26              		.global	stp23l_raw_data
  27              		.section	.bss.stp23l_raw_data,"aw",%nobits
  28              		.align	2
  31              	stp23l_raw_data:
  32 0000 00000000 		.space	256
  32      00000000 
  32      00000000 
  32      00000000 
  32      00000000 
  33              		.section	.text.STP23L_FindHeader,"ax",%progbits
  34              		.align	1
  35              		.syntax unified
  36              		.thumb
  37              		.thumb_func
  39              	STP23L_FindHeader:
  40              	.LFB1:
   1:User/Drive/stp23l.c **** #include "stp23l.h"
   2:User/Drive/stp23l.c **** #include <stddef.h>
   3:User/Drive/stp23l.c **** #include <string.h>
   4:User/Drive/stp23l.c **** /************************* 全局解析数据实例化 *************************/
   5:User/Drive/stp23l.c **** STP23L_DataDef stp23l_data = {0};
   6:User/Drive/stp23l.c **** uint8_t stp23l_raw_data[256];
   7:User/Drive/stp23l.c **** /************************* 静态辅助函数：查找4AA包头 *************************/
   8:User/Drive/stp23l.c **** static uint16_t STP23L_FindHeader(uint8_t *buf, uint16_t size)
   9:User/Drive/stp23l.c **** {
  41              		.loc 1 9 1
  42              		.cfi_startproc
  43              		@ args = 0, pretend = 0, frame = 16
  44              		@ frame_needed = 1, uses_anonymous_args = 0
  45              		@ link register save eliminated.
ARM GAS  C:\Users\Administrator\AppData\Local\Temp\ccBLkXjB.s 			page 2


  46 0000 80B4     		push	{r7}
  47              	.LCFI0:
  48              		.cfi_def_cfa_offset 4
  49              		.cfi_offset 7, -4
  50 0002 85B0     		sub	sp, sp, #20
  51              	.LCFI1:
  52              		.cfi_def_cfa_offset 24
  53 0004 00AF     		add	r7, sp, #0
  54              	.LCFI2:
  55              		.cfi_def_cfa_register 7
  56 0006 7860     		str	r0, [r7, #4]
  57 0008 0B46     		mov	r3, r1
  58 000a 7B80     		strh	r3, [r7, #2]	@ movhi
  59              	.LBB2:
  10:User/Drive/stp23l.c ****     for(uint16_t i = 0; i <= size - STP23L_HEADER_BYTES; i++)
  60              		.loc 1 10 18
  61 000c 0023     		movs	r3, #0
  62 000e FB81     		strh	r3, [r7, #14]	@ movhi
  63              		.loc 1 10 5
  64 0010 1FE0     		b	.L2
  65              	.L5:
  11:User/Drive/stp23l.c ****     {
  12:User/Drive/stp23l.c ****         if((buf[i] == STP23L_HEADER) && (buf[i+1] == STP23L_HEADER) &&
  66              		.loc 1 12 16
  67 0012 FB89     		ldrh	r3, [r7, #14]
  68 0014 7A68     		ldr	r2, [r7, #4]
  69 0016 1344     		add	r3, r3, r2
  70 0018 1B78     		ldrb	r3, [r3]	@ zero_extendqisi2
  71              		.loc 1 12 11
  72 001a AA2B     		cmp	r3, #170
  73 001c 16D1     		bne	.L3
  74              		.loc 1 12 45 discriminator 1
  75 001e FB89     		ldrh	r3, [r7, #14]
  76 0020 0133     		adds	r3, r3, #1
  77 0022 7A68     		ldr	r2, [r7, #4]
  78 0024 1344     		add	r3, r3, r2
  79 0026 1B78     		ldrb	r3, [r3]	@ zero_extendqisi2
  80              		.loc 1 12 38 discriminator 1
  81 0028 AA2B     		cmp	r3, #170
  82 002a 0FD1     		bne	.L3
  13:User/Drive/stp23l.c ****            (buf[i+2] == STP23L_HEADER) && (buf[i+3] == STP23L_HEADER))
  83              		.loc 1 13 16
  84 002c FB89     		ldrh	r3, [r7, #14]
  85 002e 0233     		adds	r3, r3, #2
  86 0030 7A68     		ldr	r2, [r7, #4]
  87 0032 1344     		add	r3, r3, r2
  88 0034 1B78     		ldrb	r3, [r3]	@ zero_extendqisi2
  12:User/Drive/stp23l.c ****            (buf[i+2] == STP23L_HEADER) && (buf[i+3] == STP23L_HEADER))
  89              		.loc 1 12 69 discriminator 2
  90 0036 AA2B     		cmp	r3, #170
  91 0038 08D1     		bne	.L3
  92              		.loc 1 13 47
  93 003a FB89     		ldrh	r3, [r7, #14]
  94 003c 0333     		adds	r3, r3, #3
  95 003e 7A68     		ldr	r2, [r7, #4]
  96 0040 1344     		add	r3, r3, r2
  97 0042 1B78     		ldrb	r3, [r3]	@ zero_extendqisi2
ARM GAS  C:\Users\Administrator\AppData\Local\Temp\ccBLkXjB.s 			page 3


  98              		.loc 1 13 40
  99 0044 AA2B     		cmp	r3, #170
 100 0046 01D1     		bne	.L3
  14:User/Drive/stp23l.c ****         {
  15:User/Drive/stp23l.c ****             return i;
 101              		.loc 1 15 20
 102 0048 FB89     		ldrh	r3, [r7, #14]
 103 004a 09E0     		b	.L4
 104              	.L3:
  10:User/Drive/stp23l.c ****     {
 105              		.loc 1 10 59 discriminator 2
 106 004c FB89     		ldrh	r3, [r7, #14]
 107 004e 0133     		adds	r3, r3, #1
 108 0050 FB81     		strh	r3, [r7, #14]	@ movhi
 109              	.L2:
  10:User/Drive/stp23l.c ****     {
 110              		.loc 1 10 27 discriminator 1
 111 0052 FA89     		ldrh	r2, [r7, #14]
  10:User/Drive/stp23l.c ****     {
 112              		.loc 1 10 35 discriminator 1
 113 0054 7B88     		ldrh	r3, [r7, #2]
 114 0056 043B     		subs	r3, r3, #4
  10:User/Drive/stp23l.c ****     {
 115              		.loc 1 10 27 discriminator 1
 116 0058 9A42     		cmp	r2, r3
 117 005a DAD9     		bls	.L5
 118              	.LBE2:
  16:User/Drive/stp23l.c ****         }
  17:User/Drive/stp23l.c ****     }
  18:User/Drive/stp23l.c ****     return 0xFFFF; // 未找到包头
 119              		.loc 1 18 12
 120 005c 4FF6FF73 		movw	r3, #65535
 121              	.L4:
  19:User/Drive/stp23l.c **** }
 122              		.loc 1 19 1
 123 0060 1846     		mov	r0, r3
 124 0062 1437     		adds	r7, r7, #20
 125              	.LCFI3:
 126              		.cfi_def_cfa_offset 4
 127 0064 BD46     		mov	sp, r7
 128              	.LCFI4:
 129              		.cfi_def_cfa_register 13
 130              		@ sp needed
 131 0066 5DF8047B 		ldr	r7, [sp], #4
 132              	.LCFI5:
 133              		.cfi_restore 7
 134              		.cfi_def_cfa_offset 0
 135 006a 7047     		bx	lr
 136              		.cfi_endproc
 137              	.LFE1:
 139              		.section	.text.store_stp23l_data,"ax",%progbits
 140              		.align	1
 141              		.global	store_stp23l_data
 142              		.syntax unified
 143              		.thumb
 144              		.thumb_func
 146              	store_stp23l_data:
ARM GAS  C:\Users\Administrator\AppData\Local\Temp\ccBLkXjB.s 			page 4


 147              	.LFB2:
  20:User/Drive/stp23l.c **** void store_stp23l_data(const uint8_t *data, uint16_t size)
  21:User/Drive/stp23l.c **** {
 148              		.loc 1 21 1
 149              		.cfi_startproc
 150              		@ args = 0, pretend = 0, frame = 16
 151              		@ frame_needed = 1, uses_anonymous_args = 0
 152 0000 80B5     		push	{r7, lr}
 153              	.LCFI6:
 154              		.cfi_def_cfa_offset 8
 155              		.cfi_offset 7, -8
 156              		.cfi_offset 14, -4
 157 0002 84B0     		sub	sp, sp, #16
 158              	.LCFI7:
 159              		.cfi_def_cfa_offset 24
 160 0004 00AF     		add	r7, sp, #0
 161              	.LCFI8:
 162              		.cfi_def_cfa_register 7
 163 0006 7860     		str	r0, [r7, #4]
 164 0008 0B46     		mov	r3, r1
 165 000a 7B80     		strh	r3, [r7, #2]	@ movhi
  22:User/Drive/stp23l.c ****     if (data == NULL || size == 0) {
 166              		.loc 1 22 8
 167 000c 7B68     		ldr	r3, [r7, #4]
 168 000e 002B     		cmp	r3, #0
 169 0010 1DD0     		beq	.L10
 170              		.loc 1 22 22 discriminator 1
 171 0012 7B88     		ldrh	r3, [r7, #2]
 172 0014 002B     		cmp	r3, #0
 173 0016 1AD0     		beq	.L10
  23:User/Drive/stp23l.c ****         return;
  24:User/Drive/stp23l.c ****     }
  25:User/Drive/stp23l.c ****     
  26:User/Drive/stp23l.c ****     // 确保不会超出缓冲区大小
  27:User/Drive/stp23l.c ****     uint16_t copy_size = (size > 256) ? 256 : size;
 174              		.loc 1 27 14
 175 0018 7B88     		ldrh	r3, [r7, #2]
 176 001a B3F5807F 		cmp	r3, #256
 177 001e 28BF     		it	cs
 178 0020 4FF48073 		movcs	r3, #256
 179 0024 FB81     		strh	r3, [r7, #14]	@ movhi
  28:User/Drive/stp23l.c ****     
  29:User/Drive/stp23l.c ****     // 使用memcpy安全地复制数据
  30:User/Drive/stp23l.c ****     memcpy(stp23l_raw_data, data, copy_size);
 180              		.loc 1 30 5
 181 0026 FB89     		ldrh	r3, [r7, #14]
 182 0028 1A46     		mov	r2, r3
 183 002a 7968     		ldr	r1, [r7, #4]
 184 002c 0A48     		ldr	r0, .L11
 185 002e FFF7FEFF 		bl	memcpy
  31:User/Drive/stp23l.c ****     
  32:User/Drive/stp23l.c ****     // 如果数据小于256字节，剩余部分填充0
  33:User/Drive/stp23l.c ****     if (copy_size < 256) {
 186              		.loc 1 33 8
 187 0032 FB89     		ldrh	r3, [r7, #14]
 188 0034 FF2B     		cmp	r3, #255
 189 0036 0BD8     		bhi	.L6
ARM GAS  C:\Users\Administrator\AppData\Local\Temp\ccBLkXjB.s 			page 5


  34:User/Drive/stp23l.c ****         memset(stp23l_raw_data + copy_size, 0, 256 - copy_size);
 190              		.loc 1 34 9
 191 0038 FB89     		ldrh	r3, [r7, #14]
 192 003a 074A     		ldr	r2, .L11
 193 003c 9818     		adds	r0, r3, r2
 194              		.loc 1 34 52
 195 003e FB89     		ldrh	r3, [r7, #14]
 196 0040 C3F58073 		rsb	r3, r3, #256
 197              		.loc 1 34 9
 198 0044 1A46     		mov	r2, r3
 199 0046 0021     		movs	r1, #0
 200 0048 FFF7FEFF 		bl	memset
 201 004c 00E0     		b	.L6
 202              	.L10:
  23:User/Drive/stp23l.c ****     }
 203              		.loc 1 23 9
 204 004e 00BF     		nop
 205              	.L6:
  35:User/Drive/stp23l.c ****     }
  36:User/Drive/stp23l.c **** }
 206              		.loc 1 36 1
 207 0050 1037     		adds	r7, r7, #16
 208              	.LCFI9:
 209              		.cfi_def_cfa_offset 8
 210 0052 BD46     		mov	sp, r7
 211              	.LCFI10:
 212              		.cfi_def_cfa_register 13
 213              		@ sp needed
 214 0054 80BD     		pop	{r7, pc}
 215              	.L12:
 216 0056 00BF     		.align	2
 217              	.L11:
 218 0058 00000000 		.word	stp23l_raw_data
 219              		.cfi_endproc
 220              	.LFE2:
 222              		.section	.text.STP23L_Reset,"ax",%progbits
 223              		.align	1
 224              		.global	STP23L_Reset
 225              		.syntax unified
 226              		.thumb
 227              		.thumb_func
 229              	STP23L_Reset:
 230              	.LFB3:
  37:User/Drive/stp23l.c **** /************************* 解析复位函数 *************************/
  38:User/Drive/stp23l.c **** void STP23L_Reset(void)
  39:User/Drive/stp23l.c **** {
 231              		.loc 1 39 1
 232              		.cfi_startproc
 233              		@ args = 0, pretend = 0, frame = 0
 234              		@ frame_needed = 1, uses_anonymous_args = 0
 235              		@ link register save eliminated.
 236 0000 80B4     		push	{r7}
 237              	.LCFI11:
 238              		.cfi_def_cfa_offset 4
 239              		.cfi_offset 7, -4
 240 0002 00AF     		add	r7, sp, #0
 241              	.LCFI12:
ARM GAS  C:\Users\Administrator\AppData\Local\Temp\ccBLkXjB.s 			page 6


 242              		.cfi_def_cfa_register 7
  40:User/Drive/stp23l.c ****     stp23l_data.parse_ok = 0;
 243              		.loc 1 40 26
 244 0004 054B     		ldr	r3, .L14
 245 0006 0022     		movs	r2, #0
 246 0008 1A70     		strb	r2, [r3]
  41:User/Drive/stp23l.c ****     stp23l_data.parse_err = 0;
 247              		.loc 1 41 27
 248 000a 044B     		ldr	r3, .L14
 249 000c 0022     		movs	r2, #0
 250 000e 5A70     		strb	r2, [r3, #1]
  42:User/Drive/stp23l.c **** }
 251              		.loc 1 42 1
 252 0010 00BF     		nop
 253 0012 BD46     		mov	sp, r7
 254              	.LCFI13:
 255              		.cfi_def_cfa_register 13
 256              		@ sp needed
 257 0014 5DF8047B 		ldr	r7, [sp], #4
 258              	.LCFI14:
 259              		.cfi_restore 7
 260              		.cfi_def_cfa_offset 0
 261 0018 7047     		bx	lr
 262              	.L15:
 263 001a 00BF     		.align	2
 264              	.L14:
 265 001c 00000000 		.word	stp23l_data
 266              		.cfi_endproc
 267              	.LFE3:
 269              		.section	.text.STP23L_ParseData,"ax",%progbits
 270              		.align	1
 271              		.global	STP23L_ParseData
 272              		.syntax unified
 273              		.thumb
 274              		.thumb_func
 276              	STP23L_ParseData:
 277              	.LFB4:
  43:User/Drive/stp23l.c **** 
  44:User/Drive/stp23l.c **** /************************* 整包解析函数（DMA中断直接调用） *************************/
  45:User/Drive/stp23l.c **** void STP23L_ParseData(uint8_t *buf, uint16_t size)
  46:User/Drive/stp23l.c **** {
 278              		.loc 1 46 1
 279              		.cfi_startproc
 280              		@ args = 0, pretend = 0, frame = 32
 281              		@ frame_needed = 1, uses_anonymous_args = 0
 282 0000 80B5     		push	{r7, lr}
 283              	.LCFI15:
 284              		.cfi_def_cfa_offset 8
 285              		.cfi_offset 7, -8
 286              		.cfi_offset 14, -4
 287 0002 88B0     		sub	sp, sp, #32
 288              	.LCFI16:
 289              		.cfi_def_cfa_offset 40
 290 0004 00AF     		add	r7, sp, #0
 291              	.LCFI17:
 292              		.cfi_def_cfa_register 7
 293 0006 7860     		str	r0, [r7, #4]
ARM GAS  C:\Users\Administrator\AppData\Local\Temp\ccBLkXjB.s 			page 7


 294 0008 0B46     		mov	r3, r1
 295 000a 7B80     		strh	r3, [r7, #2]	@ movhi
  47:User/Drive/stp23l.c ****     if(buf == NULL || size < STP23L_HEAD_LEN)
 296              		.loc 1 47 7
 297 000c 7B68     		ldr	r3, [r7, #4]
 298 000e 002B     		cmp	r3, #0
 299 0010 02D0     		beq	.L17
 300              		.loc 1 47 20 discriminator 1
 301 0012 7B88     		ldrh	r3, [r7, #2]
 302 0014 092B     		cmp	r3, #9
 303 0016 03D8     		bhi	.L18
 304              	.L17:
  48:User/Drive/stp23l.c ****     {
  49:User/Drive/stp23l.c ****         stp23l_data.parse_err = 1;
 305              		.loc 1 49 31
 306 0018 4C4B     		ldr	r3, .L33
 307 001a 0122     		movs	r2, #1
 308 001c 5A70     		strb	r2, [r3, #1]
  50:User/Drive/stp23l.c ****         return;
 309              		.loc 1 50 9
 310 001e 84E1     		b	.L16
 311              	.L18:
  51:User/Drive/stp23l.c ****     }
  52:User/Drive/stp23l.c **** 
  53:User/Drive/stp23l.c ****     uint16_t buf_idx = 0;
 312              		.loc 1 53 14
 313 0020 0023     		movs	r3, #0
 314 0022 FB83     		strh	r3, [r7, #30]	@ movhi
  54:User/Drive/stp23l.c ****     uint8_t crc_calc = 0;
 315              		.loc 1 54 13
 316 0024 0023     		movs	r3, #0
 317 0026 7B77     		strb	r3, [r7, #29]
  55:User/Drive/stp23l.c ****     uint16_t header_pos = 0;
 318              		.loc 1 55 14
 319 0028 0023     		movs	r3, #0
 320 002a FB82     		strh	r3, [r7, #22]	@ movhi
  56:User/Drive/stp23l.c **** 
  57:User/Drive/stp23l.c ****     while(buf_idx <= size - STP23L_HEADER_BYTES)
 321              		.loc 1 57 10
 322 002c 75E1     		b	.L20
 323              	.L31:
 324              	.LBB3:
  58:User/Drive/stp23l.c ****     {
  59:User/Drive/stp23l.c ****         header_pos = STP23L_FindHeader(&buf[buf_idx], size - buf_idx);
 325              		.loc 1 59 22
 326 002e FB8B     		ldrh	r3, [r7, #30]
 327 0030 7A68     		ldr	r2, [r7, #4]
 328 0032 D018     		adds	r0, r2, r3
 329 0034 7A88     		ldrh	r2, [r7, #2]	@ movhi
 330 0036 FB8B     		ldrh	r3, [r7, #30]	@ movhi
 331 0038 D31A     		subs	r3, r2, r3
 332 003a 9BB2     		uxth	r3, r3
 333 003c 1946     		mov	r1, r3
 334 003e FFF7FEFF 		bl	STP23L_FindHeader
 335 0042 0346     		mov	r3, r0
 336 0044 FB82     		strh	r3, [r7, #22]	@ movhi
  60:User/Drive/stp23l.c ****         if(header_pos == 0xFFFF) break;
ARM GAS  C:\Users\Administrator\AppData\Local\Temp\ccBLkXjB.s 			page 8


 337              		.loc 1 60 11
 338 0046 FB8A     		ldrh	r3, [r7, #22]
 339 0048 4FF6FF72 		movw	r2, #65535
 340 004c 9342     		cmp	r3, r2
 341 004e 00F06B81 		beq	.L32
  61:User/Drive/stp23l.c ****         buf_idx += header_pos;
 342              		.loc 1 61 17
 343 0052 FA8B     		ldrh	r2, [r7, #30]	@ movhi
 344 0054 FB8A     		ldrh	r3, [r7, #22]	@ movhi
 345 0056 1344     		add	r3, r3, r2
 346 0058 FB83     		strh	r3, [r7, #30]	@ movhi
  62:User/Drive/stp23l.c **** 
  63:User/Drive/stp23l.c ****         // 校验整包完整性
  64:User/Drive/stp23l.c ****         if((size - buf_idx) < STP23L_PACK_TOTAL_LEN)
 347              		.loc 1 64 18
 348 005a 7A88     		ldrh	r2, [r7, #2]
 349 005c FB8B     		ldrh	r3, [r7, #30]
 350 005e D31A     		subs	r3, r2, r3
 351              		.loc 1 64 11
 352 0060 C22B     		cmp	r3, #194
 353 0062 03D8     		bhi	.L22
  65:User/Drive/stp23l.c ****         {
  66:User/Drive/stp23l.c ****             stp23l_data.parse_err = 1;
 354              		.loc 1 66 35
 355 0064 394B     		ldr	r3, .L33
 356 0066 0122     		movs	r2, #1
 357 0068 5A70     		strb	r2, [r3, #1]
  67:User/Drive/stp23l.c ****             break;
 358              		.loc 1 67 13
 359 006a 5EE1     		b	.L16
 360              	.L22:
  68:User/Drive/stp23l.c ****         }
  69:User/Drive/stp23l.c **** 
  70:User/Drive/stp23l.c ****         // 解析包头字段
  71:User/Drive/stp23l.c ****         uint8_t dev_addr = buf[buf_idx + 4];
 361              		.loc 1 71 31
 362 006c FB8B     		ldrh	r3, [r7, #30]
 363 006e 0433     		adds	r3, r3, #4
 364 0070 7A68     		ldr	r2, [r7, #4]
 365 0072 1344     		add	r3, r3, r2
 366              		.loc 1 71 17
 367 0074 1B78     		ldrb	r3, [r3]
 368 0076 7B75     		strb	r3, [r7, #21]
  72:User/Drive/stp23l.c ****         uint8_t cmd_code = buf[buf_idx + 5];
 369              		.loc 1 72 31
 370 0078 FB8B     		ldrh	r3, [r7, #30]
 371 007a 0533     		adds	r3, r3, #5
 372 007c 7A68     		ldr	r2, [r7, #4]
 373 007e 1344     		add	r3, r3, r2
 374              		.loc 1 72 17
 375 0080 1B78     		ldrb	r3, [r3]
 376 0082 3B75     		strb	r3, [r7, #20]
  73:User/Drive/stp23l.c ****         uint16_t offset = (buf[buf_idx +7]<<8) | buf[buf_idx +6];
 377              		.loc 1 73 31
 378 0084 FB8B     		ldrh	r3, [r7, #30]
 379 0086 0733     		adds	r3, r3, #7
 380 0088 7A68     		ldr	r2, [r7, #4]
ARM GAS  C:\Users\Administrator\AppData\Local\Temp\ccBLkXjB.s 			page 9


 381 008a 1344     		add	r3, r3, r2
 382 008c 1B78     		ldrb	r3, [r3]	@ zero_extendqisi2
 383              		.loc 1 73 48
 384 008e 1BB2     		sxth	r3, r3
 385 0090 1B02     		lsls	r3, r3, #8
 386 0092 1AB2     		sxth	r2, r3
 387              		.loc 1 73 53
 388 0094 FB8B     		ldrh	r3, [r7, #30]
 389 0096 0633     		adds	r3, r3, #6
 390 0098 7968     		ldr	r1, [r7, #4]
 391 009a 0B44     		add	r3, r3, r1
 392 009c 1B78     		ldrb	r3, [r3]	@ zero_extendqisi2
 393 009e 1BB2     		sxth	r3, r3
 394              		.loc 1 73 48
 395 00a0 1343     		orrs	r3, r3, r2
 396 00a2 1BB2     		sxth	r3, r3
 397              		.loc 1 73 18
 398 00a4 7B82     		strh	r3, [r7, #18]	@ movhi
  74:User/Drive/stp23l.c ****         uint16_t data_len = (buf[buf_idx +9]<<8) | buf[buf_idx +8];
 399              		.loc 1 74 33
 400 00a6 FB8B     		ldrh	r3, [r7, #30]
 401 00a8 0933     		adds	r3, r3, #9
 402 00aa 7A68     		ldr	r2, [r7, #4]
 403 00ac 1344     		add	r3, r3, r2
 404 00ae 1B78     		ldrb	r3, [r3]	@ zero_extendqisi2
 405              		.loc 1 74 50
 406 00b0 1BB2     		sxth	r3, r3
 407 00b2 1B02     		lsls	r3, r3, #8
 408 00b4 1AB2     		sxth	r2, r3
 409              		.loc 1 74 55
 410 00b6 FB8B     		ldrh	r3, [r7, #30]
 411 00b8 0833     		adds	r3, r3, #8
 412 00ba 7968     		ldr	r1, [r7, #4]
 413 00bc 0B44     		add	r3, r3, r1
 414 00be 1B78     		ldrb	r3, [r3]	@ zero_extendqisi2
 415 00c0 1BB2     		sxth	r3, r3
 416              		.loc 1 74 50
 417 00c2 1343     		orrs	r3, r3, r2
 418 00c4 1BB2     		sxth	r3, r3
 419              		.loc 1 74 18
 420 00c6 3B82     		strh	r3, [r7, #16]	@ movhi
  75:User/Drive/stp23l.c **** 
  76:User/Drive/stp23l.c ****         // 协议硬校验：仅处理获取测量数据命令
  77:User/Drive/stp23l.c ****         if(dev_addr != STP23L_DEV_ADDR || cmd_code != STP23L_CMD_GET_DIST ||
 421              		.loc 1 77 11
 422 00c8 7B7D     		ldrb	r3, [r7, #21]	@ zero_extendqisi2
 423 00ca 002B     		cmp	r3, #0
 424 00cc 08D1     		bne	.L23
 425              		.loc 1 77 40 discriminator 2
 426 00ce 3B7D     		ldrb	r3, [r7, #20]	@ zero_extendqisi2
 427 00d0 022B     		cmp	r3, #2
 428 00d2 05D1     		bne	.L23
 429              		.loc 1 77 75 discriminator 4
 430 00d4 3B8A     		ldrh	r3, [r7, #16]
 431 00d6 B82B     		cmp	r3, #184
 432 00d8 02D1     		bne	.L23
  78:User/Drive/stp23l.c ****            data_len != STP23L_DATA_FIELD_LEN || offset != 0x0000)
ARM GAS  C:\Users\Administrator\AppData\Local\Temp\ccBLkXjB.s 			page 10


 433              		.loc 1 78 46
 434 00da 7B8A     		ldrh	r3, [r7, #18]
 435 00dc 002B     		cmp	r3, #0
 436 00de 06D0     		beq	.L24
 437              	.L23:
  79:User/Drive/stp23l.c ****         {
  80:User/Drive/stp23l.c ****             buf_idx++;
 438              		.loc 1 80 20
 439 00e0 FB8B     		ldrh	r3, [r7, #30]
 440 00e2 0133     		adds	r3, r3, #1
 441 00e4 FB83     		strh	r3, [r7, #30]	@ movhi
  81:User/Drive/stp23l.c ****             stp23l_data.parse_err = 1;
 442              		.loc 1 81 35
 443 00e6 194B     		ldr	r3, .L33
 444 00e8 0122     		movs	r2, #1
 445 00ea 5A70     		strb	r2, [r3, #1]
  82:User/Drive/stp23l.c ****             continue;
 446              		.loc 1 82 13
 447 00ec 15E1     		b	.L20
 448              	.L24:
  83:User/Drive/stp23l.c ****         }
  84:User/Drive/stp23l.c **** 
  85:User/Drive/stp23l.c ****         // 计算校验码（除去4AA，低8位累加）
  86:User/Drive/stp23l.c ****         crc_calc = 0;
 449              		.loc 1 86 18
 450 00ee 0023     		movs	r3, #0
 451 00f0 7B77     		strb	r3, [r7, #29]
 452              	.LBB4:
  87:User/Drive/stp23l.c ****         for(uint16_t i = 4; i < STP23L_PACK_TOTAL_LEN -1; i++)
 453              		.loc 1 87 22
 454 00f2 0423     		movs	r3, #4
 455 00f4 7B83     		strh	r3, [r7, #26]	@ movhi
 456              		.loc 1 87 9
 457 00f6 0CE0     		b	.L26
 458              	.L27:
  88:User/Drive/stp23l.c ****         {
  89:User/Drive/stp23l.c ****             crc_calc += buf[buf_idx + i];
 459              		.loc 1 89 37
 460 00f8 FA8B     		ldrh	r2, [r7, #30]
 461 00fa 7B8B     		ldrh	r3, [r7, #26]
 462 00fc 1344     		add	r3, r3, r2
 463 00fe 1A46     		mov	r2, r3
 464              		.loc 1 89 28
 465 0100 7B68     		ldr	r3, [r7, #4]
 466 0102 1344     		add	r3, r3, r2
 467 0104 1A78     		ldrb	r2, [r3]	@ zero_extendqisi2
 468              		.loc 1 89 22
 469 0106 7B7F     		ldrb	r3, [r7, #29]
 470 0108 1344     		add	r3, r3, r2
 471 010a 7B77     		strb	r3, [r7, #29]
  87:User/Drive/stp23l.c ****         for(uint16_t i = 4; i < STP23L_PACK_TOTAL_LEN -1; i++)
 472              		.loc 1 87 60 discriminator 3
 473 010c 7B8B     		ldrh	r3, [r7, #26]
 474 010e 0133     		adds	r3, r3, #1
 475 0110 7B83     		strh	r3, [r7, #26]	@ movhi
 476              	.L26:
  87:User/Drive/stp23l.c ****         for(uint16_t i = 4; i < STP23L_PACK_TOTAL_LEN -1; i++)
ARM GAS  C:\Users\Administrator\AppData\Local\Temp\ccBLkXjB.s 			page 11


 477              		.loc 1 87 31 discriminator 1
 478 0112 7B8B     		ldrh	r3, [r7, #26]
 479 0114 C12B     		cmp	r3, #193
 480 0116 EFD9     		bls	.L27
 481              	.LBE4:
  90:User/Drive/stp23l.c ****         }
  91:User/Drive/stp23l.c ****         if(crc_calc != buf[buf_idx + STP23L_PACK_TOTAL_LEN -1])
 482              		.loc 1 91 27
 483 0118 FB8B     		ldrh	r3, [r7, #30]
 484 011a C233     		adds	r3, r3, #194
 485 011c 7A68     		ldr	r2, [r7, #4]
 486 011e 1344     		add	r3, r3, r2
 487 0120 1B78     		ldrb	r3, [r3]	@ zero_extendqisi2
 488              		.loc 1 91 11
 489 0122 7A7F     		ldrb	r2, [r7, #29]	@ zero_extendqisi2
 490 0124 9A42     		cmp	r2, r3
 491 0126 06D0     		beq	.L28
  92:User/Drive/stp23l.c ****         {
  93:User/Drive/stp23l.c ****             buf_idx += STP23L_HEADER_BYTES;
 492              		.loc 1 93 21
 493 0128 FB8B     		ldrh	r3, [r7, #30]	@ movhi
 494 012a 0433     		adds	r3, r3, #4
 495 012c FB83     		strh	r3, [r7, #30]	@ movhi
  94:User/Drive/stp23l.c ****             stp23l_data.parse_err = 1;
 496              		.loc 1 94 35
 497 012e 074B     		ldr	r3, .L33
 498 0130 0122     		movs	r2, #1
 499 0132 5A70     		strb	r2, [r3, #1]
  95:User/Drive/stp23l.c ****             continue;
 500              		.loc 1 95 13
 501 0134 F1E0     		b	.L20
 502              	.L28:
  96:User/Drive/stp23l.c ****         }
  97:User/Drive/stp23l.c **** 
  98:User/Drive/stp23l.c ****         // 解析12个测量点数据（小端模式）
  99:User/Drive/stp23l.c ****         stp23l_data.cmd_code = cmd_code;
 503              		.loc 1 99 30
 504 0136 054A     		ldr	r2, .L33
 505 0138 3B7D     		ldrb	r3, [r7, #20]
 506 013a 82F8FC30 		strb	r3, [r2, #252]
 100:User/Drive/stp23l.c ****         uint16_t data_offset = buf_idx + STP23L_HEAD_LEN;
 507              		.loc 1 100 18
 508 013e FB8B     		ldrh	r3, [r7, #30]	@ movhi
 509 0140 0A33     		adds	r3, r3, #10
 510 0142 FB81     		strh	r3, [r7, #14]	@ movhi
 511              	.LBB5:
 101:User/Drive/stp23l.c ****         for(uint8_t i = 0; i < STP23L_POINT_NUM; i++)
 512              		.loc 1 101 21
 513 0144 0023     		movs	r3, #0
 514 0146 7B76     		strb	r3, [r7, #25]
 515              		.loc 1 101 9
 516 0148 B3E0     		b	.L29
 517              	.L34:
 518 014a 00BF     		.align	2
 519              	.L33:
 520 014c 00000000 		.word	stp23l_data
 521              	.L30:
ARM GAS  C:\Users\Administrator\AppData\Local\Temp\ccBLkXjB.s 			page 12


 522              	.LBB6:
 102:User/Drive/stp23l.c ****         {
 103:User/Drive/stp23l.c ****             uint16_t p_offset = data_offset + i * STP23L_POINT_BYTES;
 523              		.loc 1 103 49
 524 0150 7B7E     		ldrb	r3, [r7, #25]	@ zero_extendqisi2
 525 0152 9BB2     		uxth	r3, r3
 526 0154 1A46     		mov	r2, r3	@ movhi
 527 0156 1201     		lsls	r2, r2, #4
 528 0158 D31A     		subs	r3, r2, r3
 529 015a 9AB2     		uxth	r2, r3
 530              		.loc 1 103 22
 531 015c FB89     		ldrh	r3, [r7, #14]	@ movhi
 532 015e 1344     		add	r3, r3, r2
 533 0160 7B81     		strh	r3, [r7, #10]	@ movhi
 104:User/Drive/stp23l.c ****             stp23l_data.points[i].distance = (buf[p_offset+1]<<8) | buf[p_offset];
 534              		.loc 1 104 50
 535 0162 7B89     		ldrh	r3, [r7, #10]
 536 0164 0133     		adds	r3, r3, #1
 537 0166 7A68     		ldr	r2, [r7, #4]
 538 0168 1344     		add	r3, r3, r2
 539 016a 1B78     		ldrb	r3, [r3]	@ zero_extendqisi2
 540              		.loc 1 104 67
 541 016c 1BB2     		sxth	r3, r3
 542 016e 1B02     		lsls	r3, r3, #8
 543 0170 19B2     		sxth	r1, r3
 544              		.loc 1 104 72
 545 0172 7B89     		ldrh	r3, [r7, #10]
 546 0174 7A68     		ldr	r2, [r7, #4]
 547 0176 1344     		add	r3, r3, r2
 548 0178 1B78     		ldrb	r3, [r3]	@ zero_extendqisi2
 549 017a 1BB2     		sxth	r3, r3
 550              		.loc 1 104 34
 551 017c 7A7E     		ldrb	r2, [r7, #25]	@ zero_extendqisi2
 552              		.loc 1 104 67
 553 017e 0B43     		orrs	r3, r3, r1
 554 0180 18B2     		sxth	r0, r3
 555              		.loc 1 104 44
 556 0182 6B49     		ldr	r1, .L35
 557 0184 1346     		mov	r3, r2
 558 0186 9B00     		lsls	r3, r3, #2
 559 0188 1344     		add	r3, r3, r2
 560 018a 9B00     		lsls	r3, r3, #2
 561 018c 0B44     		add	r3, r3, r1
 562 018e 0433     		adds	r3, r3, #4
 563 0190 0246     		mov	r2, r0	@ movhi
 564 0192 1A80     		strh	r2, [r3]	@ movhi
 105:User/Drive/stp23l.c ****             stp23l_data.points[i].noise    = (buf[p_offset+3]<<8) | buf[p_offset+2];
 565              		.loc 1 105 50
 566 0194 7B89     		ldrh	r3, [r7, #10]
 567 0196 0333     		adds	r3, r3, #3
 568 0198 7A68     		ldr	r2, [r7, #4]
 569 019a 1344     		add	r3, r3, r2
 570 019c 1B78     		ldrb	r3, [r3]	@ zero_extendqisi2
 571              		.loc 1 105 67
 572 019e 1BB2     		sxth	r3, r3
 573 01a0 1B02     		lsls	r3, r3, #8
 574 01a2 1AB2     		sxth	r2, r3
ARM GAS  C:\Users\Administrator\AppData\Local\Temp\ccBLkXjB.s 			page 13


 575              		.loc 1 105 72
 576 01a4 7B89     		ldrh	r3, [r7, #10]
 577 01a6 0233     		adds	r3, r3, #2
 578 01a8 7968     		ldr	r1, [r7, #4]
 579 01aa 0B44     		add	r3, r3, r1
 580 01ac 1B78     		ldrb	r3, [r3]	@ zero_extendqisi2
 581 01ae 1BB2     		sxth	r3, r3
 582              		.loc 1 105 67
 583 01b0 1343     		orrs	r3, r3, r2
 584 01b2 1BB2     		sxth	r3, r3
 585              		.loc 1 105 34
 586 01b4 7A7E     		ldrb	r2, [r7, #25]	@ zero_extendqisi2
 587              		.loc 1 105 67
 588 01b6 98B2     		uxth	r0, r3
 589              		.loc 1 105 44
 590 01b8 5D49     		ldr	r1, .L35
 591 01ba 1346     		mov	r3, r2
 592 01bc 9B00     		lsls	r3, r3, #2
 593 01be 1344     		add	r3, r3, r2
 594 01c0 9B00     		lsls	r3, r3, #2
 595 01c2 0B44     		add	r3, r3, r1
 596 01c4 0633     		adds	r3, r3, #6
 597 01c6 0246     		mov	r2, r0	@ movhi
 598 01c8 1A80     		strh	r2, [r3]	@ movhi
 106:User/Drive/stp23l.c ****             stp23l_data.points[i].peak     = (buf[p_offset+7]<<24) | (buf[p_offset+6]<<16) | (buf[p
 599              		.loc 1 106 50
 600 01ca 7B89     		ldrh	r3, [r7, #10]
 601 01cc 0733     		adds	r3, r3, #7
 602 01ce 7A68     		ldr	r2, [r7, #4]
 603 01d0 1344     		add	r3, r3, r2
 604 01d2 1B78     		ldrb	r3, [r3]	@ zero_extendqisi2
 605              		.loc 1 106 62
 606 01d4 1A06     		lsls	r2, r3, #24
 607              		.loc 1 106 74
 608 01d6 7B89     		ldrh	r3, [r7, #10]
 609 01d8 0633     		adds	r3, r3, #6
 610 01da 7968     		ldr	r1, [r7, #4]
 611 01dc 0B44     		add	r3, r3, r1
 612 01de 1B78     		ldrb	r3, [r3]	@ zero_extendqisi2
 613              		.loc 1 106 86
 614 01e0 1B04     		lsls	r3, r3, #16
 615              		.loc 1 106 68
 616 01e2 1A43     		orrs	r2, r2, r3
 617              		.loc 1 106 98
 618 01e4 7B89     		ldrh	r3, [r7, #10]
 619 01e6 0533     		adds	r3, r3, #5
 620 01e8 7968     		ldr	r1, [r7, #4]
 621 01ea 0B44     		add	r3, r3, r1
 622 01ec 1B78     		ldrb	r3, [r3]	@ zero_extendqisi2
 623              		.loc 1 106 110
 624 01ee 1B02     		lsls	r3, r3, #8
 625              		.loc 1 106 92
 626 01f0 1343     		orrs	r3, r3, r2
 627              		.loc 1 106 120
 628 01f2 7A89     		ldrh	r2, [r7, #10]
 629 01f4 0432     		adds	r2, r2, #4
 630 01f6 7968     		ldr	r1, [r7, #4]
ARM GAS  C:\Users\Administrator\AppData\Local\Temp\ccBLkXjB.s 			page 14


 631 01f8 0A44     		add	r2, r2, r1
 632 01fa 1278     		ldrb	r2, [r2]	@ zero_extendqisi2
 633              		.loc 1 106 115
 634 01fc 1343     		orrs	r3, r3, r2
 635              		.loc 1 106 34
 636 01fe 7A7E     		ldrb	r2, [r7, #25]	@ zero_extendqisi2
 637              		.loc 1 106 115
 638 0200 1846     		mov	r0, r3
 639              		.loc 1 106 44
 640 0202 4B49     		ldr	r1, .L35
 641 0204 1346     		mov	r3, r2
 642 0206 9B00     		lsls	r3, r3, #2
 643 0208 1344     		add	r3, r3, r2
 644 020a 9B00     		lsls	r3, r3, #2
 645 020c 0B44     		add	r3, r3, r1
 646 020e 0833     		adds	r3, r3, #8
 647 0210 1860     		str	r0, [r3]
 107:User/Drive/stp23l.c ****             stp23l_data.points[i].confidence = buf[p_offset+8];
 648              		.loc 1 107 51
 649 0212 7B89     		ldrh	r3, [r7, #10]
 650 0214 0833     		adds	r3, r3, #8
 651 0216 7A68     		ldr	r2, [r7, #4]
 652 0218 1344     		add	r3, r3, r2
 653              		.loc 1 107 34
 654 021a 7A7E     		ldrb	r2, [r7, #25]	@ zero_extendqisi2
 655              		.loc 1 107 51
 656 021c 1878     		ldrb	r0, [r3]	@ zero_extendqisi2
 657              		.loc 1 107 46
 658 021e 4449     		ldr	r1, .L35
 659 0220 1346     		mov	r3, r2
 660 0222 9B00     		lsls	r3, r3, #2
 661 0224 1344     		add	r3, r3, r2
 662 0226 9B00     		lsls	r3, r3, #2
 663 0228 0B44     		add	r3, r3, r1
 664 022a 0C33     		adds	r3, r3, #12
 665 022c 0246     		mov	r2, r0
 666 022e 1A70     		strb	r2, [r3]
 108:User/Drive/stp23l.c ****             stp23l_data.points[i].intg     = (buf[p_offset+12]<<24) | (buf[p_offset+11]<<16) | (buf
 667              		.loc 1 108 50
 668 0230 7B89     		ldrh	r3, [r7, #10]
 669 0232 0C33     		adds	r3, r3, #12
 670 0234 7A68     		ldr	r2, [r7, #4]
 671 0236 1344     		add	r3, r3, r2
 672 0238 1B78     		ldrb	r3, [r3]	@ zero_extendqisi2
 673              		.loc 1 108 63
 674 023a 1A06     		lsls	r2, r3, #24
 675              		.loc 1 108 75
 676 023c 7B89     		ldrh	r3, [r7, #10]
 677 023e 0B33     		adds	r3, r3, #11
 678 0240 7968     		ldr	r1, [r7, #4]
 679 0242 0B44     		add	r3, r3, r1
 680 0244 1B78     		ldrb	r3, [r3]	@ zero_extendqisi2
 681              		.loc 1 108 88
 682 0246 1B04     		lsls	r3, r3, #16
 683              		.loc 1 108 69
 684 0248 1A43     		orrs	r2, r2, r3
 685              		.loc 1 108 100
ARM GAS  C:\Users\Administrator\AppData\Local\Temp\ccBLkXjB.s 			page 15


 686 024a 7B89     		ldrh	r3, [r7, #10]
 687 024c 0A33     		adds	r3, r3, #10
 688 024e 7968     		ldr	r1, [r7, #4]
 689 0250 0B44     		add	r3, r3, r1
 690 0252 1B78     		ldrb	r3, [r3]	@ zero_extendqisi2
 691              		.loc 1 108 113
 692 0254 1B02     		lsls	r3, r3, #8
 693              		.loc 1 108 94
 694 0256 1343     		orrs	r3, r3, r2
 695              		.loc 1 108 123
 696 0258 7A89     		ldrh	r2, [r7, #10]
 697 025a 0932     		adds	r2, r2, #9
 698 025c 7968     		ldr	r1, [r7, #4]
 699 025e 0A44     		add	r2, r2, r1
 700 0260 1278     		ldrb	r2, [r2]	@ zero_extendqisi2
 701              		.loc 1 108 118
 702 0262 1343     		orrs	r3, r3, r2
 703              		.loc 1 108 34
 704 0264 7A7E     		ldrb	r2, [r7, #25]	@ zero_extendqisi2
 705              		.loc 1 108 118
 706 0266 1846     		mov	r0, r3
 707              		.loc 1 108 44
 708 0268 3149     		ldr	r1, .L35
 709 026a 1346     		mov	r3, r2
 710 026c 9B00     		lsls	r3, r3, #2
 711 026e 1344     		add	r3, r3, r2
 712 0270 9B00     		lsls	r3, r3, #2
 713 0272 0B44     		add	r3, r3, r1
 714 0274 1033     		adds	r3, r3, #16
 715 0276 1860     		str	r0, [r3]
 109:User/Drive/stp23l.c ****             stp23l_data.points[i].reftof   = (buf[p_offset+14]<<8) | buf[p_offset+13];
 716              		.loc 1 109 50
 717 0278 7B89     		ldrh	r3, [r7, #10]
 718 027a 0E33     		adds	r3, r3, #14
 719 027c 7A68     		ldr	r2, [r7, #4]
 720 027e 1344     		add	r3, r3, r2
 721 0280 1B78     		ldrb	r3, [r3]	@ zero_extendqisi2
 722              		.loc 1 109 68
 723 0282 1BB2     		sxth	r3, r3
 724 0284 1B02     		lsls	r3, r3, #8
 725 0286 19B2     		sxth	r1, r3
 726              		.loc 1 109 73
 727 0288 7B89     		ldrh	r3, [r7, #10]
 728 028a 0D33     		adds	r3, r3, #13
 729 028c 7A68     		ldr	r2, [r7, #4]
 730 028e 1344     		add	r3, r3, r2
 731 0290 1B78     		ldrb	r3, [r3]	@ zero_extendqisi2
 732 0292 1BB2     		sxth	r3, r3
 733              		.loc 1 109 34
 734 0294 7A7E     		ldrb	r2, [r7, #25]	@ zero_extendqisi2
 735              		.loc 1 109 68
 736 0296 0B43     		orrs	r3, r3, r1
 737 0298 18B2     		sxth	r0, r3
 738              		.loc 1 109 44
 739 029a 2549     		ldr	r1, .L35
 740 029c 1346     		mov	r3, r2
 741 029e 9B00     		lsls	r3, r3, #2
ARM GAS  C:\Users\Administrator\AppData\Local\Temp\ccBLkXjB.s 			page 16


 742 02a0 1344     		add	r3, r3, r2
 743 02a2 9B00     		lsls	r3, r3, #2
 744 02a4 0B44     		add	r3, r3, r1
 745 02a6 1433     		adds	r3, r3, #20
 746 02a8 0246     		mov	r2, r0	@ movhi
 747 02aa 1A80     		strh	r2, [r3]	@ movhi
 748              	.LBE6:
 101:User/Drive/stp23l.c ****         {
 749              		.loc 1 101 51 discriminator 3
 750 02ac 7B7E     		ldrb	r3, [r7, #25]	@ zero_extendqisi2
 751 02ae 0133     		adds	r3, r3, #1
 752 02b0 7B76     		strb	r3, [r7, #25]
 753              	.L29:
 101:User/Drive/stp23l.c ****         {
 754              		.loc 1 101 30 discriminator 1
 755 02b2 7B7E     		ldrb	r3, [r7, #25]	@ zero_extendqisi2
 756 02b4 0B2B     		cmp	r3, #11
 757 02b6 7FF64BAF 		bls	.L30
 758              	.LBE5:
 110:User/Drive/stp23l.c ****         }
 111:User/Drive/stp23l.c **** 
 112:User/Drive/stp23l.c ****         // 解析帧时间戳
 113:User/Drive/stp23l.c ****         uint16_t ts_offset = buf_idx + STP23L_HEAD_LEN + STP23L_POINT_NUM * STP23L_POINT_BYTES;
 759              		.loc 1 113 18
 760 02ba FB8B     		ldrh	r3, [r7, #30]	@ movhi
 761 02bc BE33     		adds	r3, r3, #190
 762 02be BB81     		strh	r3, [r7, #12]	@ movhi
 114:User/Drive/stp23l.c ****         stp23l_data.timestamp = (buf[ts_offset+3]<<24) | (buf[ts_offset+2]<<16) | (buf[ts_offset+1]
 763              		.loc 1 114 37
 764 02c0 BB89     		ldrh	r3, [r7, #12]
 765 02c2 0333     		adds	r3, r3, #3
 766 02c4 7A68     		ldr	r2, [r7, #4]
 767 02c6 1344     		add	r3, r3, r2
 768 02c8 1B78     		ldrb	r3, [r3]	@ zero_extendqisi2
 769              		.loc 1 114 50
 770 02ca 1A06     		lsls	r2, r3, #24
 771              		.loc 1 114 62
 772 02cc BB89     		ldrh	r3, [r7, #12]
 773 02ce 0233     		adds	r3, r3, #2
 774 02d0 7968     		ldr	r1, [r7, #4]
 775 02d2 0B44     		add	r3, r3, r1
 776 02d4 1B78     		ldrb	r3, [r3]	@ zero_extendqisi2
 777              		.loc 1 114 75
 778 02d6 1B04     		lsls	r3, r3, #16
 779              		.loc 1 114 56
 780 02d8 1A43     		orrs	r2, r2, r3
 781              		.loc 1 114 87
 782 02da BB89     		ldrh	r3, [r7, #12]
 783 02dc 0133     		adds	r3, r3, #1
 784 02de 7968     		ldr	r1, [r7, #4]
 785 02e0 0B44     		add	r3, r3, r1
 786 02e2 1B78     		ldrb	r3, [r3]	@ zero_extendqisi2
 787              		.loc 1 114 100
 788 02e4 1B02     		lsls	r3, r3, #8
 789              		.loc 1 114 81
 790 02e6 1343     		orrs	r3, r3, r2
 791              		.loc 1 114 110
ARM GAS  C:\Users\Administrator\AppData\Local\Temp\ccBLkXjB.s 			page 17


 792 02e8 BA89     		ldrh	r2, [r7, #12]
 793 02ea 7968     		ldr	r1, [r7, #4]
 794 02ec 0A44     		add	r2, r2, r1
 795 02ee 1278     		ldrb	r2, [r2]	@ zero_extendqisi2
 796              		.loc 1 114 105
 797 02f0 1343     		orrs	r3, r3, r2
 798 02f2 1A46     		mov	r2, r3
 799              		.loc 1 114 31
 800 02f4 0E4B     		ldr	r3, .L35
 801 02f6 C3F8F420 		str	r2, [r3, #244]
 115:User/Drive/stp23l.c **** 
 116:User/Drive/stp23l.c ****         // 帧解析完成置位
 117:User/Drive/stp23l.c ****         stp23l_data.parse_ok = 1;
 802              		.loc 1 117 30
 803 02fa 0D4B     		ldr	r3, .L35
 804 02fc 0122     		movs	r2, #1
 805 02fe 1A70     		strb	r2, [r3]
 118:User/Drive/stp23l.c ****         stp23l_data.recv_cnt++;
 806              		.loc 1 118 20
 807 0300 0B4B     		ldr	r3, .L35
 808 0302 D3F8F830 		ldr	r3, [r3, #248]
 809              		.loc 1 118 29
 810 0306 0133     		adds	r3, r3, #1
 811 0308 094A     		ldr	r2, .L35
 812 030a C2F8F830 		str	r3, [r2, #248]
 119:User/Drive/stp23l.c ****         stp23l_data.parse_err = 0;
 813              		.loc 1 119 31
 814 030e 084B     		ldr	r3, .L35
 815 0310 0022     		movs	r2, #0
 816 0312 5A70     		strb	r2, [r3, #1]
 120:User/Drive/stp23l.c **** 
 121:User/Drive/stp23l.c ****         buf_idx += STP23L_PACK_TOTAL_LEN;
 817              		.loc 1 121 17
 818 0314 FB8B     		ldrh	r3, [r7, #30]	@ movhi
 819 0316 C333     		adds	r3, r3, #195
 820 0318 FB83     		strh	r3, [r7, #30]	@ movhi
 821              	.L20:
 822              	.LBE3:
  57:User/Drive/stp23l.c ****     {
 823              		.loc 1 57 19
 824 031a FA8B     		ldrh	r2, [r7, #30]
  57:User/Drive/stp23l.c ****     {
 825              		.loc 1 57 27
 826 031c 7B88     		ldrh	r3, [r7, #2]
 827 031e 043B     		subs	r3, r3, #4
  57:User/Drive/stp23l.c ****     {
 828              		.loc 1 57 19
 829 0320 9A42     		cmp	r2, r3
 830 0322 7FF684AE 		bls	.L31
 831 0326 00E0     		b	.L16
 832              	.L32:
 833              	.LBB7:
  60:User/Drive/stp23l.c ****         buf_idx += header_pos;
 834              		.loc 1 60 34
 835 0328 00BF     		nop
 836              	.L16:
 837              	.LBE7:
ARM GAS  C:\Users\Administrator\AppData\Local\Temp\ccBLkXjB.s 			page 18


 122:User/Drive/stp23l.c ****     }
 123:User/Drive/stp23l.c **** }
 838              		.loc 1 123 1
 839 032a 2037     		adds	r7, r7, #32
 840              	.LCFI18:
 841              		.cfi_def_cfa_offset 8
 842 032c BD46     		mov	sp, r7
 843              	.LCFI19:
 844              		.cfi_def_cfa_register 13
 845              		@ sp needed
 846 032e 80BD     		pop	{r7, pc}
 847              	.L36:
 848              		.align	2
 849              	.L35:
 850 0330 00000000 		.word	stp23l_data
 851              		.cfi_endproc
 852              	.LFE4:
 854              		.section	.text.STP23L_GetFinalDistPerFrame,"ax",%progbits
 855              		.align	1
 856              		.global	STP23L_GetFinalDistPerFrame
 857              		.syntax unified
 858              		.thumb
 859              		.thumb_func
 861              	STP23L_GetFinalDistPerFrame:
 862              	.LFB5:
 124:User/Drive/stp23l.c **** 
 125:User/Drive/stp23l.c **** /************************* 核心：每帧提取一个最终距离值 *************************/
 126:User/Drive/stp23l.c **** int16_t STP23L_GetFinalDistPerFrame(void)
 127:User/Drive/stp23l.c **** {
 863              		.loc 1 127 1
 864              		.cfi_startproc
 865              		@ args = 0, pretend = 0, frame = 16
 866              		@ frame_needed = 1, uses_anonymous_args = 0
 867              		@ link register save eliminated.
 868 0000 80B4     		push	{r7}
 869              	.LCFI20:
 870              		.cfi_def_cfa_offset 4
 871              		.cfi_offset 7, -4
 872 0002 85B0     		sub	sp, sp, #20
 873              	.LCFI21:
 874              		.cfi_def_cfa_offset 24
 875 0004 00AF     		add	r7, sp, #0
 876              	.LCFI22:
 877              		.cfi_def_cfa_register 7
 128:User/Drive/stp23l.c ****     static int16_t last_valid_dist = 0; // 静态缓存上一帧有效距离，防突变
 129:User/Drive/stp23l.c ****     int32_t valid_dist_sum = 0;         // 有效距离累加和（32位避免溢出）
 878              		.loc 1 129 13
 879 0006 0023     		movs	r3, #0
 880 0008 FB60     		str	r3, [r7, #12]
 130:User/Drive/stp23l.c ****     uint8_t valid_point_cnt = 0;        // 有效测点数量
 881              		.loc 1 130 13
 882 000a 0023     		movs	r3, #0
 883 000c FB72     		strb	r3, [r7, #11]
 131:User/Drive/stp23l.c ****     int16_t final_dist = 0;             // 本帧最终距离值
 884              		.loc 1 131 13
 885 000e 0023     		movs	r3, #0
 886 0010 3B81     		strh	r3, [r7, #8]	@ movhi
ARM GAS  C:\Users\Administrator\AppData\Local\Temp\ccBLkXjB.s 			page 19


 887              	.LBB8:
 132:User/Drive/stp23l.c **** 
 133:User/Drive/stp23l.c ****     // 步骤1：遍历12个测点，按手册标准过滤有效点
 134:User/Drive/stp23l.c ****     for(uint8_t i = 0; i < STP23L_POINT_NUM; i++)
 888              		.loc 1 134 17
 889 0012 0023     		movs	r3, #0
 890 0014 FB71     		strb	r3, [r7, #7]
 891              		.loc 1 134 5
 892 0016 38E0     		b	.L38
 893              	.L40:
 135:User/Drive/stp23l.c ****     {
 136:User/Drive/stp23l.c ****         if((stp23l_data.points[i].confidence >= STP23L_CONFIDENCE_THRESH) &&  // 置信度达标
 894              		.loc 1 136 34
 895 0018 FA79     		ldrb	r2, [r7, #7]	@ zero_extendqisi2
 896 001a 2C49     		ldr	r1, .L46
 897 001c 1346     		mov	r3, r2
 898 001e 9B00     		lsls	r3, r3, #2
 899 0020 1344     		add	r3, r3, r2
 900 0022 9B00     		lsls	r3, r3, #2
 901 0024 0B44     		add	r3, r3, r1
 902 0026 0C33     		adds	r3, r3, #12
 903 0028 1B78     		ldrb	r3, [r3]	@ zero_extendqisi2
 904              		.loc 1 136 11
 905 002a 4F2B     		cmp	r3, #79
 906 002c 2AD9     		bls	.L39
 137:User/Drive/stp23l.c ****            (stp23l_data.points[i].distance >= STP23L_DIST_BLIND) &&            // 超出盲区
 907              		.loc 1 137 34
 908 002e FA79     		ldrb	r2, [r7, #7]	@ zero_extendqisi2
 909 0030 2649     		ldr	r1, .L46
 910 0032 1346     		mov	r3, r2
 911 0034 9B00     		lsls	r3, r3, #2
 912 0036 1344     		add	r3, r3, r2
 913 0038 9B00     		lsls	r3, r3, #2
 914 003a 0B44     		add	r3, r3, r1
 915 003c 0433     		adds	r3, r3, #4
 916 003e B3F90030 		ldrsh	r3, [r3]
 136:User/Drive/stp23l.c ****            (stp23l_data.points[i].distance >= STP23L_DIST_BLIND) &&            // 超出盲区
 917              		.loc 1 136 75 discriminator 1
 918 0042 1D2B     		cmp	r3, #29
 919 0044 1EDD     		ble	.L39
 138:User/Drive/stp23l.c ****            (stp23l_data.points[i].distance <= STP23L_DIST_MAX))               // 未超量程
 920              		.loc 1 138 34
 921 0046 FA79     		ldrb	r2, [r7, #7]	@ zero_extendqisi2
 922 0048 2049     		ldr	r1, .L46
 923 004a 1346     		mov	r3, r2
 924 004c 9B00     		lsls	r3, r3, #2
 925 004e 1344     		add	r3, r3, r2
 926 0050 9B00     		lsls	r3, r3, #2
 927 0052 0B44     		add	r3, r3, r1
 928 0054 0433     		adds	r3, r3, #4
 929 0056 B3F90030 		ldrsh	r3, [r3]
 137:User/Drive/stp23l.c ****            (stp23l_data.points[i].distance >= STP23L_DIST_BLIND) &&            // 超出盲区
 930              		.loc 1 137 66
 931 005a 41F64C52 		movw	r2, #7500
 932 005e 9342     		cmp	r3, r2
 933 0060 10DC     		bgt	.L39
 139:User/Drive/stp23l.c ****         {
ARM GAS  C:\Users\Administrator\AppData\Local\Temp\ccBLkXjB.s 			page 20


 140:User/Drive/stp23l.c ****             valid_dist_sum += stp23l_data.points[i].distance;
 934              		.loc 1 140 52
 935 0062 FA79     		ldrb	r2, [r7, #7]	@ zero_extendqisi2
 936 0064 1949     		ldr	r1, .L46
 937 0066 1346     		mov	r3, r2
 938 0068 9B00     		lsls	r3, r3, #2
 939 006a 1344     		add	r3, r3, r2
 940 006c 9B00     		lsls	r3, r3, #2
 941 006e 0B44     		add	r3, r3, r1
 942 0070 0433     		adds	r3, r3, #4
 943 0072 B3F90030 		ldrsh	r3, [r3]
 944 0076 1A46     		mov	r2, r3
 945              		.loc 1 140 28
 946 0078 FB68     		ldr	r3, [r7, #12]
 947 007a 1344     		add	r3, r3, r2
 948 007c FB60     		str	r3, [r7, #12]
 141:User/Drive/stp23l.c ****             valid_point_cnt++;
 949              		.loc 1 141 28
 950 007e FB7A     		ldrb	r3, [r7, #11]	@ zero_extendqisi2
 951 0080 0133     		adds	r3, r3, #1
 952 0082 FB72     		strb	r3, [r7, #11]
 953              	.L39:
 134:User/Drive/stp23l.c ****     {
 954              		.loc 1 134 47 discriminator 2
 955 0084 FB79     		ldrb	r3, [r7, #7]	@ zero_extendqisi2
 956 0086 0133     		adds	r3, r3, #1
 957 0088 FB71     		strb	r3, [r7, #7]
 958              	.L38:
 134:User/Drive/stp23l.c ****     {
 959              		.loc 1 134 26 discriminator 1
 960 008a FB79     		ldrb	r3, [r7, #7]	@ zero_extendqisi2
 961 008c 0B2B     		cmp	r3, #11
 962 008e C3D9     		bls	.L40
 963              	.LBE8:
 142:User/Drive/stp23l.c ****         }
 143:User/Drive/stp23l.c ****     }
 144:User/Drive/stp23l.c **** 
 145:User/Drive/stp23l.c ****     // 步骤2：根据有效点数量计算本帧最终距离
 146:User/Drive/stp23l.c ****     if(valid_point_cnt > 0)
 964              		.loc 1 146 7
 965 0090 FB7A     		ldrb	r3, [r7, #11]	@ zero_extendqisi2
 966 0092 002B     		cmp	r3, #0
 967 0094 0ED0     		beq	.L41
 147:User/Drive/stp23l.c ****     {
 148:User/Drive/stp23l.c ****         if(valid_point_cnt == 1)
 968              		.loc 1 148 11
 969 0096 FB7A     		ldrb	r3, [r7, #11]	@ zero_extendqisi2
 970 0098 012B     		cmp	r3, #1
 971 009a 02D1     		bne	.L42
 149:User/Drive/stp23l.c ****         {
 150:User/Drive/stp23l.c ****             final_dist = (int16_t)valid_dist_sum; // 单有效点直接返回
 972              		.loc 1 150 24
 973 009c FB68     		ldr	r3, [r7, #12]
 974 009e 3B81     		strh	r3, [r7, #8]	@ movhi
 975 00a0 04E0     		b	.L43
 976              	.L42:
 151:User/Drive/stp23l.c ****         }
ARM GAS  C:\Users\Administrator\AppData\Local\Temp\ccBLkXjB.s 			page 21


 152:User/Drive/stp23l.c ****         else
 153:User/Drive/stp23l.c ****         {
 154:User/Drive/stp23l.c ****             final_dist = (int16_t)(valid_dist_sum / valid_point_cnt); // 多有效点取平均
 977              		.loc 1 154 51
 978 00a2 FB7A     		ldrb	r3, [r7, #11]	@ zero_extendqisi2
 979 00a4 FA68     		ldr	r2, [r7, #12]
 980 00a6 92FBF3F3 		sdiv	r3, r2, r3
 981              		.loc 1 154 24
 982 00aa 3B81     		strh	r3, [r7, #8]	@ movhi
 983              	.L43:
 155:User/Drive/stp23l.c ****         }
 156:User/Drive/stp23l.c ****         last_valid_dist = final_dist; // 更新历史有效距离
 984              		.loc 1 156 25
 985 00ac 084A     		ldr	r2, .L46+4
 986 00ae 3B89     		ldrh	r3, [r7, #8]	@ movhi
 987 00b0 1380     		strh	r3, [r2]	@ movhi
 988 00b2 02E0     		b	.L44
 989              	.L41:
 157:User/Drive/stp23l.c ****     }
 158:User/Drive/stp23l.c ****     else
 159:User/Drive/stp23l.c ****     {
 160:User/Drive/stp23l.c ****         final_dist = last_valid_dist; // 无有效点，返回历史值防突变
 990              		.loc 1 160 20
 991 00b4 064B     		ldr	r3, .L46+4
 992 00b6 1B88     		ldrh	r3, [r3]	@ movhi
 993 00b8 3B81     		strh	r3, [r7, #8]	@ movhi
 994              	.L44:
 161:User/Drive/stp23l.c ****     }
 162:User/Drive/stp23l.c **** 
 163:User/Drive/stp23l.c ****     return final_dist; // 每帧返回一个最终距离值
 995              		.loc 1 163 12
 996 00ba B7F90830 		ldrsh	r3, [r7, #8]
 164:User/Drive/stp23l.c **** }...
 997              		.loc 1 164 1
 998 00be 1846     		mov	r0, r3
 999 00c0 1437     		adds	r7, r7, #20
 1000              	.LCFI23:
 1001              		.cfi_def_cfa_offset 4
 1002 00c2 BD46     		mov	sp, r7
 1003              	.LCFI24:
 1004              		.cfi_def_cfa_register 13
 1005              		@ sp needed
 1006 00c4 5DF8047B 		ldr	r7, [sp], #4
 1007              	.LCFI25:
 1008              		.cfi_restore 7
 1009              		.cfi_def_cfa_offset 0
 1010 00c8 7047     		bx	lr
 1011              	.L47:
 1012 00ca 00BF     		.align	2
 1013              	.L46:
 1014 00cc 00000000 		.word	stp23l_data
 1015 00d0 00000000 		.word	last_valid_dist.0
 1016              		.cfi_endproc
 1017              	.LFE5:
 1019              		.section	.bss.last_valid_dist.0,"aw",%nobits
 1020              		.align	1
 1023              	last_valid_dist.0:
ARM GAS  C:\Users\Administrator\AppData\Local\Temp\ccBLkXjB.s 			page 22


 1024 0000 0000     		.space	2
 1025              		.text
 1026              	.Letext0:
 1027              		.file 2 "C:/arm-toolchain/arm-gnu-toolchain-13.3.rel1-mingw-w64-i686-arm-none-eabi/arm-none-eabi/i
 1028              		.file 3 "C:/arm-toolchain/arm-gnu-toolchain-13.3.rel1-mingw-w64-i686-arm-none-eabi/arm-none-eabi/i
 1029              		.file 4 "User/Drive/stp23l.h"
 1030              		.file 5 "C:/arm-toolchain/arm-gnu-toolchain-13.3.rel1-mingw-w64-i686-arm-none-eabi/lib/gcc/arm-non
 1031              		.file 6 "C:/arm-toolchain/arm-gnu-toolchain-13.3.rel1-mingw-w64-i686-arm-none-eabi/arm-none-eabi/i
ARM GAS  C:\Users\Administrator\AppData\Local\Temp\ccBLkXjB.s 			page 23


DEFINED SYMBOLS
                            *ABS*:00000000 stp23l.c
C:\Users\Administrator\AppData\Local\Temp\ccBLkXjB.s:24     .bss.stp23l_data:00000000 stp23l_data
C:\Users\Administrator\AppData\Local\Temp\ccBLkXjB.s:21     .bss.stp23l_data:00000000 $d
C:\Users\Administrator\AppData\Local\Temp\ccBLkXjB.s:31     .bss.stp23l_raw_data:00000000 stp23l_raw_data
C:\Users\Administrator\AppData\Local\Temp\ccBLkXjB.s:28     .bss.stp23l_raw_data:00000000 $d
C:\Users\Administrator\AppData\Local\Temp\ccBLkXjB.s:34     .text.STP23L_FindHeader:00000000 $t
C:\Users\Administrator\AppData\Local\Temp\ccBLkXjB.s:39     .text.STP23L_FindHeader:00000000 STP23L_FindHeader
C:\Users\Administrator\AppData\Local\Temp\ccBLkXjB.s:140    .text.store_stp23l_data:00000000 $t
C:\Users\Administrator\AppData\Local\Temp\ccBLkXjB.s:146    .text.store_stp23l_data:00000000 store_stp23l_data
C:\Users\Administrator\AppData\Local\Temp\ccBLkXjB.s:218    .text.store_stp23l_data:00000058 $d
C:\Users\Administrator\AppData\Local\Temp\ccBLkXjB.s:223    .text.STP23L_Reset:00000000 $t
C:\Users\Administrator\AppData\Local\Temp\ccBLkXjB.s:229    .text.STP23L_Reset:00000000 STP23L_Reset
C:\Users\Administrator\AppData\Local\Temp\ccBLkXjB.s:265    .text.STP23L_Reset:0000001c $d
C:\Users\Administrator\AppData\Local\Temp\ccBLkXjB.s:270    .text.STP23L_ParseData:00000000 $t
C:\Users\Administrator\AppData\Local\Temp\ccBLkXjB.s:276    .text.STP23L_ParseData:00000000 STP23L_ParseData
C:\Users\Administrator\AppData\Local\Temp\ccBLkXjB.s:520    .text.STP23L_ParseData:0000014c $d
C:\Users\Administrator\AppData\Local\Temp\ccBLkXjB.s:524    .text.STP23L_ParseData:00000150 $t
C:\Users\Administrator\AppData\Local\Temp\ccBLkXjB.s:850    .text.STP23L_ParseData:00000330 $d
C:\Users\Administrator\AppData\Local\Temp\ccBLkXjB.s:855    .text.STP23L_GetFinalDistPerFrame:00000000 $t
C:\Users\Administrator\AppData\Local\Temp\ccBLkXjB.s:861    .text.STP23L_GetFinalDistPerFrame:00000000 STP23L_GetFinalDistPerFrame
C:\Users\Administrator\AppData\Local\Temp\ccBLkXjB.s:1014   .text.STP23L_GetFinalDistPerFrame:000000cc $d
C:\Users\Administrator\AppData\Local\Temp\ccBLkXjB.s:1023   .bss.last_valid_dist.0:00000000 last_valid_dist.0
C:\Users\Administrator\AppData\Local\Temp\ccBLkXjB.s:1020   .bss.last_valid_dist.0:00000000 $d

UNDEFINED SYMBOLS
memcpy
memset
